<?xml version="1.0" encoding="utf-8"?>
<!DOCTYPE coverage SYSTEM "http://cobertura.sourceforge.net/xml/coverage-04.dtd">
<coverage line-rate="0.5925925925925926" branch-rate="0.6666666666666666" lines-covered="144" lines-valid="243" branches-covered="28" branches-valid="42" complexity="68" version="0" timestamp="1652048059">
  <sources>
    <source>C:\Users\zangi\</source>
  </sources>
  <packages>
    <package name="RomanNumerals" line-rate="0.5566502463054187" branch-rate="0.6666666666666666" complexity="55">
      <classes>
        <class name="KeesTalksTech.Utilities.Latin.Numerals.RomanNumeral" filename="C:\Users\zangi\Programmering\IT-säkerhet högskolan dalarna\GMI2J3 Mjukvarutestning 1\Laboration 2\2.3\RomanNumerals\RomanNumerals.cs" line-rate="0.5566502463054187" branch-rate="0.6666666666666666" complexity="55">
          <methods>
            <method name="Main" signature="(...)" line-rate="0" branch-rate="0" complexity="6">
              <lines>
                <line number="12" hits="0" branch="false" />
                <line number="13" hits="0" branch="false" />
                <line number="14" hits="0" branch="true" condition-coverage="0% (0/2)" />
                <line number="15" hits="0" branch="false" />
                <line number="17" hits="0" branch="false" />
                <line number="18" hits="0" branch="false" />
                <line number="19" hits="0" branch="false" />
                <line number="20" hits="0" branch="false" />
                <line number="21" hits="0" branch="false" />
                <line number="22" hits="0" branch="true" condition-coverage="0% (0/2)" />
                <line number="23" hits="0" branch="false" />
                <line number="24" hits="0" branch="false" />
                <line number="26" hits="0" branch="false" />
                <line number="27" hits="0" branch="false" />
                <line number="28" hits="0" branch="false" />
                <line number="29" hits="0" branch="false" />
                <line number="30" hits="0" branch="false" />
                <line number="31" hits="0" branch="false" />
                <line number="32" hits="0" branch="false" />
                <line number="33" hits="0" branch="false" />
                <line number="34" hits="0" branch="false" />
                <line number="35" hits="0" branch="true" condition-coverage="0% (0/2)" />
                <line number="36" hits="0" branch="false" />
                <line number="37" hits="0" branch="false" />
                <line number="39" hits="0" branch="false" />
                <line number="40" hits="0" branch="false" />
                <line number="41" hits="0" branch="false" />
                <line number="42" hits="0" branch="false" />
                <line number="43" hits="0" branch="false" />
                <line number="44" hits="0" branch="false" />
                <line number="45" hits="0" branch="false" />
                <line number="46" hits="0" branch="false" />
                <line number="47" hits="0" branch="false" />
                <line number="49" hits="0" branch="false" />
                <line number="50" hits="0" branch="false" />
                <line number="51" hits="0" branch="false" />
                <line number="55" hits="0" branch="false" />
              </lines>
            </method>
            <method name="get_Number" signature="()" line-rate="1" branch-rate="1" complexity="1">
              <lines>
                <line number="111" hits="13" branch="false" />
              </lines>
            </method>
            <method name="ToString" signature="()" line-rate="1" branch-rate="1" complexity="1">
              <lines>
                <line number="128" hits="4" branch="false" />
                <line number="129" hits="4" branch="false" />
                <line number="130" hits="4" branch="false" />
              </lines>
            </method>
            <method name="ToString" signature="(...)" line-rate="0.8666666666666667" branch-rate="0.8" complexity="10">
              <lines>
                <line number="133" hits="4" branch="false" />
                <line number="134" hits="4" branch="true" condition-coverage="50% (1/2)" />
                <line number="135" hits="0" branch="false" />
                <line number="136" hits="0" branch="false" />
                <line number="141" hits="4" branch="true" condition-coverage="50% (1/2)" />
                <line number="144" hits="0" branch="false" />
                <line number="145" hits="0" branch="false" />
                <line number="147" hits="4" branch="false" />
                <line number="148" hits="4" branch="false" />
                <line number="151" hits="4" branch="false" />
                <line number="154" hits="4" branch="false" />
                <line number="157" hits="4" branch="false" />
                <line number="160" hits="41" branch="false" />
                <line number="161" hits="41" branch="false" />
                <line number="162" hits="41" branch="false" />
                <line number="165" hits="41" branch="true" condition-coverage="100% (2/2)" />
                <line number="166" hits="6" branch="false" />
                <line number="168" hits="6" branch="false" />
                <line number="171" hits="6" branch="false" />
                <line number="174" hits="6" branch="false" />
                <line number="175" hits="6" branch="true" condition-coverage="100% (2/2)" />
                <line number="176" hits="1" branch="false" />
                <line number="177" hits="1" branch="false" />
                <line number="178" hits="1" branch="false" />
                <line number="180" hits="6" branch="false" />
                <line number="183" hits="35" branch="false" />
                <line number="184" hits="35" branch="false" />
                <line number="185" hits="41" branch="true" condition-coverage="100% (2/2)" />
                <line number="188" hits="4" branch="false" />
                <line number="189" hits="4" branch="false" />
              </lines>
            </method>
            <method name="Parse" signature="(...)" line-rate="0.868421052631579" branch-rate="0.8888888888888888" complexity="18">
              <lines>
                <line number="202" hits="11" branch="false" />
                <line number="203" hits="11" branch="true" condition-coverage="100% (2/2)" />
                <line number="204" hits="2" branch="false" />
                <line number="205" hits="2" branch="false" />
                <line number="209" hits="9" branch="false" />
                <line number="212" hits="9" branch="true" condition-coverage="50% (1/2)" />
                <line number="213" hits="0" branch="false" />
                <line number="214" hits="0" branch="false" />
                <line number="218" hits="9" branch="true" condition-coverage="50% (1/2)" />
                <line number="219" hits="0" branch="false" />
                <line number="220" hits="0" branch="false" />
                <line number="221" hits="0" branch="false" />
                <line number="224" hits="9" branch="false" />
                <line number="227" hits="9" branch="true" condition-coverage="100% (2/2)" />
                <line number="228" hits="3" branch="false" />
                <line number="229" hits="3" branch="false" />
                <line number="232" hits="6" branch="false" />
                <line number="235" hits="6" branch="false" />
                <line number="238" hits="129" branch="true" condition-coverage="100% (4/4)" />
                <line number="239" hits="123" branch="false" />
                <line number="241" hits="123" branch="false" />
                <line number="244" hits="123" branch="true" condition-coverage="100% (2/2)" />
                <line number="245" hits="110" branch="false" />
                <line number="246" hits="110" branch="false" />
                <line number="247" hits="110" branch="false" />
                <line number="251" hits="13" branch="false" />
                <line number="252" hits="13" branch="false" />
                <line number="255" hits="13" branch="false" />
                <line number="259" hits="13" branch="true" condition-coverage="100% (2/2)" />
                <line number="260" hits="2" branch="false" />
                <line number="261" hits="2" branch="false" />
                <line number="262" hits="2" branch="false" />
                <line number="263" hits="13" branch="false" />
                <line number="266" hits="6" branch="true" condition-coverage="100% (2/2)" />
                <line number="267" hits="2" branch="false" />
                <line number="268" hits="2" branch="false" />
                <line number="272" hits="4" branch="false" />
                <line number="274" hits="5" branch="false" />
              </lines>
            </method>
            <method name="op_Addition" signature="(...)" line-rate="0" branch-rate="1" complexity="1">
              <lines>
                <line number="277" hits="0" branch="false" />
                <line number="278" hits="0" branch="false" />
                <line number="279" hits="0" branch="false" />
                <line number="280" hits="0" branch="false" />
              </lines>
            </method>
            <method name="op_Addition" signature="(...)" line-rate="0" branch-rate="1" complexity="1">
              <lines>
                <line number="283" hits="0" branch="false" />
                <line number="284" hits="0" branch="false" />
                <line number="285" hits="0" branch="false" />
                <line number="286" hits="0" branch="false" />
              </lines>
            </method>
            <method name="op_Addition" signature="(...)" line-rate="0" branch-rate="1" complexity="1">
              <lines>
                <line number="289" hits="0" branch="false" />
                <line number="290" hits="0" branch="false" />
                <line number="291" hits="0" branch="false" />
              </lines>
            </method>
            <method name="op_Addition" signature="(...)" line-rate="0" branch-rate="1" complexity="1">
              <lines>
                <line number="294" hits="0" branch="false" />
                <line number="295" hits="0" branch="false" />
                <line number="296" hits="0" branch="false" />
                <line number="297" hits="0" branch="false" />
              </lines>
            </method>
            <method name="op_Addition" signature="(...)" line-rate="0" branch-rate="1" complexity="1">
              <lines>
                <line number="300" hits="0" branch="false" />
                <line number="301" hits="0" branch="false" />
                <line number="302" hits="0" branch="false" />
                <line number="303" hits="0" branch="false" />
              </lines>
            </method>
            <method name="op_Subtraction" signature="(...)" line-rate="0" branch-rate="1" complexity="1">
              <lines>
                <line number="307" hits="0" branch="false" />
                <line number="308" hits="0" branch="false" />
                <line number="309" hits="0" branch="false" />
                <line number="310" hits="0" branch="false" />
              </lines>
            </method>
            <method name="op_Subtraction" signature="(...)" line-rate="0" branch-rate="1" complexity="1">
              <lines>
                <line number="313" hits="0" branch="false" />
                <line number="314" hits="0" branch="false" />
                <line number="315" hits="0" branch="false" />
                <line number="316" hits="0" branch="false" />
              </lines>
            </method>
            <method name="op_Subtraction" signature="(...)" line-rate="0" branch-rate="0" complexity="2">
              <lines>
                <line number="319" hits="0" branch="false" />
                <line number="320" hits="0" branch="false" />
                <line number="322" hits="0" branch="true" condition-coverage="0% (0/2)" />
                <line number="323" hits="0" branch="false" />
                <line number="324" hits="0" branch="false" />
                <line number="325" hits="0" branch="false" />
                <line number="327" hits="0" branch="false" />
                <line number="328" hits="0" branch="false" />
              </lines>
            </method>
            <method name="op_Implicit" signature="(...)" line-rate="0" branch-rate="0" complexity="2">
              <lines>
                <line number="331" hits="0" branch="false" />
                <line number="332" hits="0" branch="true" condition-coverage="0% (0/2)" />
                <line number="333" hits="0" branch="false" />
              </lines>
            </method>
            <method name="op_Implicit" signature="(...)" line-rate="1" branch-rate="1" complexity="1">
              <lines>
                <line number="336" hits="1" branch="false" />
                <line number="337" hits="1" branch="false" />
                <line number="338" hits="1" branch="false" />
              </lines>
            </method>
            <method name="op_Implicit" signature="(...)" line-rate="0" branch-rate="1" complexity="1">
              <lines>
                <line number="341" hits="0" branch="false" />
                <line number="342" hits="0" branch="false" />
                <line number="343" hits="0" branch="false" />
              </lines>
            </method>
            <method name="op_Implicit" signature="(...)" line-rate="0" branch-rate="1" complexity="1">
              <lines>
                <line number="346" hits="0" branch="false" />
                <line number="347" hits="0" branch="false" />
                <line number="348" hits="0" branch="false" />
              </lines>
            </method>
            <method name=".ctor" signature="(...)" line-rate="1" branch-rate="1" complexity="4">
              <lines>
                <line number="113" hits="12" branch="false" />
                <line number="114" hits="12" branch="false" />
                <line number="115" hits="12" branch="true" condition-coverage="100% (2/2)" />
                <line number="116" hits="2" branch="false" />
                <line number="117" hits="2" branch="false" />
                <line number="119" hits="10" branch="true" condition-coverage="100% (2/2)" />
                <line number="120" hits="1" branch="false" />
                <line number="121" hits="1" branch="false" />
                <line number="124" hits="9" branch="false" />
                <line number="125" hits="9" branch="false" />
              </lines>
            </method>
            <method name=".cctor" signature="()" line-rate="1" branch-rate="1" complexity="1">
              <lines>
                <line number="63" hits="1" branch="false" />
                <line number="64" hits="1" branch="false" />
                <line number="65" hits="1" branch="false" />
                <line number="66" hits="1" branch="false" />
                <line number="67" hits="1" branch="false" />
                <line number="68" hits="1" branch="false" />
                <line number="69" hits="1" branch="false" />
                <line number="70" hits="1" branch="false" />
                <line number="71" hits="1" branch="false" />
                <line number="72" hits="1" branch="false" />
                <line number="73" hits="1" branch="false" />
                <line number="74" hits="1" branch="false" />
                <line number="75" hits="1" branch="false" />
                <line number="76" hits="1" branch="false" />
                <line number="77" hits="1" branch="false" />
                <line number="78" hits="1" branch="false" />
                <line number="79" hits="1" branch="false" />
                <line number="80" hits="1" branch="false" />
                <line number="81" hits="1" branch="false" />
                <line number="82" hits="1" branch="false" />
                <line number="83" hits="1" branch="false" />
                <line number="84" hits="1" branch="false" />
                <line number="85" hits="1" branch="false" />
                <line number="86" hits="1" branch="false" />
                <line number="87" hits="1" branch="false" />
                <line number="90" hits="1" branch="false" />
                <line number="91" hits="1" branch="false" />
                <line number="92" hits="1" branch="false" />
                <line number="93" hits="1" branch="false" />
                <line number="96" hits="1" branch="false" />
                <line number="97" hits="1" branch="false" />
                <line number="98" hits="1" branch="false" />
                <line number="99" hits="1" branch="false" />
                <line number="102" hits="1" branch="false" />
                <line number="103" hits="1" branch="false" />
                <line number="104" hits="1" branch="false" />
                <line number="105" hits="1" branch="false" />
              </lines>
            </method>
          </methods>
          <lines>
            <line number="12" hits="0" branch="false" />
            <line number="13" hits="0" branch="false" />
            <line number="14" hits="0" branch="true" condition-coverage="0% (0/2)" />
            <line number="15" hits="0" branch="false" />
            <line number="17" hits="0" branch="false" />
            <line number="18" hits="0" branch="false" />
            <line number="19" hits="0" branch="false" />
            <line number="20" hits="0" branch="false" />
            <line number="21" hits="0" branch="false" />
            <line number="22" hits="0" branch="true" condition-coverage="0% (0/2)" />
            <line number="23" hits="0" branch="false" />
            <line number="24" hits="0" branch="false" />
            <line number="26" hits="0" branch="false" />
            <line number="27" hits="0" branch="false" />
            <line number="28" hits="0" branch="false" />
            <line number="29" hits="0" branch="false" />
            <line number="30" hits="0" branch="false" />
            <line number="31" hits="0" branch="false" />
            <line number="32" hits="0" branch="false" />
            <line number="33" hits="0" branch="false" />
            <line number="34" hits="0" branch="false" />
            <line number="35" hits="0" branch="true" condition-coverage="0% (0/2)" />
            <line number="36" hits="0" branch="false" />
            <line number="37" hits="0" branch="false" />
            <line number="39" hits="0" branch="false" />
            <line number="40" hits="0" branch="false" />
            <line number="41" hits="0" branch="false" />
            <line number="42" hits="0" branch="false" />
            <line number="43" hits="0" branch="false" />
            <line number="44" hits="0" branch="false" />
            <line number="45" hits="0" branch="false" />
            <line number="46" hits="0" branch="false" />
            <line number="47" hits="0" branch="false" />
            <line number="49" hits="0" branch="false" />
            <line number="50" hits="0" branch="false" />
            <line number="51" hits="0" branch="false" />
            <line number="55" hits="0" branch="false" />
            <line number="63" hits="1" branch="false" />
            <line number="64" hits="1" branch="false" />
            <line number="65" hits="1" branch="false" />
            <line number="66" hits="1" branch="false" />
            <line number="67" hits="1" branch="false" />
            <line number="68" hits="1" branch="false" />
            <line number="69" hits="1" branch="false" />
            <line number="70" hits="1" branch="false" />
            <line number="71" hits="1" branch="false" />
            <line number="72" hits="1" branch="false" />
            <line number="73" hits="1" branch="false" />
            <line number="74" hits="1" branch="false" />
            <line number="75" hits="1" branch="false" />
            <line number="76" hits="1" branch="false" />
            <line number="77" hits="1" branch="false" />
            <line number="78" hits="1" branch="false" />
            <line number="79" hits="1" branch="false" />
            <line number="80" hits="1" branch="false" />
            <line number="81" hits="1" branch="false" />
            <line number="82" hits="1" branch="false" />
            <line number="83" hits="1" branch="false" />
            <line number="84" hits="1" branch="false" />
            <line number="85" hits="1" branch="false" />
            <line number="86" hits="1" branch="false" />
            <line number="87" hits="1" branch="false" />
            <line number="90" hits="1" branch="false" />
            <line number="91" hits="1" branch="false" />
            <line number="92" hits="1" branch="false" />
            <line number="93" hits="1" branch="false" />
            <line number="96" hits="1" branch="false" />
            <line number="97" hits="1" branch="false" />
            <line number="98" hits="1" branch="false" />
            <line number="99" hits="1" branch="false" />
            <line number="102" hits="1" branch="false" />
            <line number="103" hits="1" branch="false" />
            <line number="104" hits="1" branch="false" />
            <line number="105" hits="1" branch="false" />
            <line number="111" hits="13" branch="false" />
            <line number="113" hits="12" branch="false" />
            <line number="114" hits="12" branch="false" />
            <line number="115" hits="12" branch="true" condition-coverage="100% (2/2)" />
            <line number="116" hits="2" branch="false" />
            <line number="117" hits="2" branch="false" />
            <line number="119" hits="10" branch="true" condition-coverage="100% (2/2)" />
            <line number="120" hits="1" branch="false" />
            <line number="121" hits="1" branch="false" />
            <line number="124" hits="9" branch="false" />
            <line number="125" hits="9" branch="false" />
            <line number="128" hits="4" branch="false" />
            <line number="129" hits="4" branch="false" />
            <line number="130" hits="4" branch="false" />
            <line number="133" hits="4" branch="false" />
            <line number="134" hits="4" branch="true" condition-coverage="50% (1/2)" />
            <line number="135" hits="0" branch="false" />
            <line number="136" hits="0" branch="false" />
            <line number="141" hits="4" branch="true" condition-coverage="50% (1/2)" />
            <line number="144" hits="0" branch="false" />
            <line number="145" hits="0" branch="false" />
            <line number="147" hits="4" branch="false" />
            <line number="148" hits="4" branch="false" />
            <line number="151" hits="4" branch="false" />
            <line number="154" hits="4" branch="false" />
            <line number="157" hits="4" branch="false" />
            <line number="160" hits="41" branch="false" />
            <line number="161" hits="41" branch="false" />
            <line number="162" hits="41" branch="false" />
            <line number="165" hits="41" branch="true" condition-coverage="100% (2/2)" />
            <line number="166" hits="6" branch="false" />
            <line number="168" hits="6" branch="false" />
            <line number="171" hits="6" branch="false" />
            <line number="174" hits="6" branch="false" />
            <line number="175" hits="6" branch="true" condition-coverage="100% (2/2)" />
            <line number="176" hits="1" branch="false" />
            <line number="177" hits="1" branch="false" />
            <line number="178" hits="1" branch="false" />
            <line number="180" hits="6" branch="false" />
            <line number="183" hits="35" branch="false" />
            <line number="184" hits="35" branch="false" />
            <line number="185" hits="41" branch="true" condition-coverage="100% (2/2)" />
            <line number="188" hits="4" branch="false" />
            <line number="189" hits="4" branch="false" />
            <line number="202" hits="11" branch="false" />
            <line number="203" hits="11" branch="true" condition-coverage="100% (2/2)" />
            <line number="204" hits="2" branch="false" />
            <line number="205" hits="2" branch="false" />
            <line number="209" hits="9" branch="false" />
            <line number="212" hits="9" branch="true" condition-coverage="50% (1/2)" />
            <line number="213" hits="0" branch="false" />
            <line number="214" hits="0" branch="false" />
            <line number="218" hits="9" branch="true" condition-coverage="50% (1/2)" />
            <line number="219" hits="0" branch="false" />
            <line number="220" hits="0" branch="false" />
            <line number="221" hits="0" branch="false" />
            <line number="224" hits="9" branch="false" />
            <line number="227" hits="9" branch="true" condition-coverage="100% (2/2)" />
            <line number="228" hits="3" branch="false" />
            <line number="229" hits="3" branch="false" />
            <line number="232" hits="6" branch="false" />
            <line number="235" hits="6" branch="false" />
            <line number="238" hits="129" branch="true" condition-coverage="100% (4/4)" />
            <line number="239" hits="123" branch="false" />
            <line number="241" hits="123" branch="false" />
            <line number="244" hits="123" branch="true" condition-coverage="100% (2/2)" />
            <line number="245" hits="110" branch="false" />
            <line number="246" hits="110" branch="false" />
            <line number="247" hits="110" branch="false" />
            <line number="251" hits="13" branch="false" />
            <line number="252" hits="13" branch="false" />
            <line number="255" hits="13" branch="false" />
            <line number="259" hits="13" branch="true" condition-coverage="100% (2/2)" />
            <line number="260" hits="2" branch="false" />
            <line number="261" hits="2" branch="false" />
            <line number="262" hits="2" branch="false" />
            <line number="263" hits="13" branch="false" />
            <line number="266" hits="6" branch="true" condition-coverage="100% (2/2)" />
            <line number="267" hits="2" branch="false" />
            <line number="268" hits="2" branch="false" />
            <line number="272" hits="4" branch="false" />
            <line number="274" hits="5" branch="false" />
            <line number="277" hits="0" branch="false" />
            <line number="278" hits="0" branch="false" />
            <line number="279" hits="0" branch="false" />
            <line number="280" hits="0" branch="false" />
            <line number="283" hits="0" branch="false" />
            <line number="284" hits="0" branch="false" />
            <line number="285" hits="0" branch="false" />
            <line number="286" hits="0" branch="false" />
            <line number="289" hits="0" branch="false" />
            <line number="290" hits="0" branch="false" />
            <line number="291" hits="0" branch="false" />
            <line number="294" hits="0" branch="false" />
            <line number="295" hits="0" branch="false" />
            <line number="296" hits="0" branch="false" />
            <line number="297" hits="0" branch="false" />
            <line number="300" hits="0" branch="false" />
            <line number="301" hits="0" branch="false" />
            <line number="302" hits="0" branch="false" />
            <line number="303" hits="0" branch="false" />
            <line number="307" hits="0" branch="false" />
            <line number="308" hits="0" branch="false" />
            <line number="309" hits="0" branch="false" />
            <line number="310" hits="0" branch="false" />
            <line number="313" hits="0" branch="false" />
            <line number="314" hits="0" branch="false" />
            <line number="315" hits="0" branch="false" />
            <line number="316" hits="0" branch="false" />
            <line number="319" hits="0" branch="false" />
            <line number="320" hits="0" branch="false" />
            <line number="322" hits="0" branch="true" condition-coverage="0% (0/2)" />
            <line number="323" hits="0" branch="false" />
            <line number="324" hits="0" branch="false" />
            <line number="325" hits="0" branch="false" />
            <line number="327" hits="0" branch="false" />
            <line number="328" hits="0" branch="false" />
            <line number="331" hits="0" branch="false" />
            <line number="332" hits="0" branch="true" condition-coverage="0% (0/2)" />
            <line number="333" hits="0" branch="false" />
            <line number="336" hits="1" branch="false" />
            <line number="337" hits="1" branch="false" />
            <line number="338" hits="1" branch="false" />
            <line number="341" hits="0" branch="false" />
            <line number="342" hits="0" branch="false" />
            <line number="343" hits="0" branch="false" />
            <line number="346" hits="0" branch="false" />
            <line number="347" hits="0" branch="false" />
            <line number="348" hits="0" branch="false" />
          </lines>
        </class>
      </classes>
    </package>
    <package name="RomanNumerals.Tests" line-rate="0.775" branch-rate="1" complexity="13">
      <classes>
        <class name="AutoGeneratedProgram" filename="C:\Users\zangi\.nuget\packages\microsoft.net.test.sdk\16.11.0\build\netcoreapp2.1\Microsoft.NET.Test.Sdk.Program.cs" line-rate="0" branch-rate="1" complexity="1">
          <methods>
            <method name="Main" signature="(...)" line-rate="0" branch-rate="1" complexity="1">
              <lines>
                <line number="4" hits="0" branch="false" />
              </lines>
            </method>
          </methods>
          <lines>
            <line number="4" hits="0" branch="false" />
          </lines>
        </class>
        <class name="RomanNumerals.Tests.FromRomanBadInput" filename="C:\Users\zangi\Programmering\IT-säkerhet högskolan dalarna\GMI2J3 Mjukvarutestning 1\Laboration 2\2.3\RomanNumerals.Tests\FromRomanBadInput.cs" line-rate="0.7222222222222222" branch-rate="1" complexity="6">
          <methods>
            <method name="test_blank" signature="()" line-rate="0.6666666666666666" branch-rate="1" complexity="1">
              <lines>
                <line number="12" hits="1" branch="false" />
                <line number="13" hits="1" branch="false" />
                <line number="14" hits="0" branch="false" />
              </lines>
            </method>
            <method name="test_null" signature="()" line-rate="0.6666666666666666" branch-rate="1" complexity="1">
              <lines>
                <line number="19" hits="1" branch="false" />
                <line number="20" hits="1" branch="false" />
                <line number="21" hits="0" branch="false" />
              </lines>
            </method>
            <method name="test_repeated_pairs" signature="()" line-rate="0.6666666666666666" branch-rate="1" complexity="1">
              <lines>
                <line number="26" hits="1" branch="false" />
                <line number="27" hits="1" branch="false" />
                <line number="28" hits="0" branch="false" />
              </lines>
            </method>
            <method name="test_too_many_repeated_numerals" signature="()" line-rate="0.6666666666666666" branch-rate="1" complexity="1">
              <lines>
                <line number="33" hits="1" branch="false" />
                <line number="34" hits="1" branch="false" />
                <line number="35" hits="0" branch="false" />
              </lines>
            </method>
            <method name="test_lower_case" signature="()" line-rate="1" branch-rate="1" complexity="1">
              <lines>
                <line number="39" hits="1" branch="false" />
                <line number="40" hits="1" branch="false" />
                <line number="41" hits="1" branch="false" />
              </lines>
            </method>
            <method name="test_invalid_character" signature="()" line-rate="0.6666666666666666" branch-rate="1" complexity="1">
              <lines>
                <line number="46" hits="1" branch="false" />
                <line number="47" hits="1" branch="false" />
                <line number="48" hits="0" branch="false" />
              </lines>
            </method>
          </methods>
          <lines>
            <line number="12" hits="1" branch="false" />
            <line number="13" hits="1" branch="false" />
            <line number="14" hits="0" branch="false" />
            <line number="19" hits="1" branch="false" />
            <line number="20" hits="1" branch="false" />
            <line number="21" hits="0" branch="false" />
            <line number="26" hits="1" branch="false" />
            <line number="27" hits="1" branch="false" />
            <line number="28" hits="0" branch="false" />
            <line number="33" hits="1" branch="false" />
            <line number="34" hits="1" branch="false" />
            <line number="35" hits="0" branch="false" />
            <line number="39" hits="1" branch="false" />
            <line number="40" hits="1" branch="false" />
            <line number="41" hits="1" branch="false" />
            <line number="46" hits="1" branch="false" />
            <line number="47" hits="1" branch="false" />
            <line number="48" hits="0" branch="false" />
          </lines>
        </class>
        <class name="RomanNumerals.Tests.RoundTripCheck" filename="C:\Users\zangi\Programmering\IT-säkerhet högskolan dalarna\GMI2J3 Mjukvarutestning 1\Laboration 2\2.3\RomanNumerals.Tests\RoundTripCheck.cs" line-rate="1" branch-rate="1" complexity="1">
          <methods>
            <method name="test_roundtrip" signature="()" line-rate="1" branch-rate="1" complexity="1">
              <lines>
                <line number="11" hits="1" branch="false" />
                <line number="12" hits="1" branch="false" />
                <line number="13" hits="1" branch="false" />
                <line number="14" hits="1" branch="false" />
                <line number="16" hits="1" branch="false" />
                <line number="17" hits="1" branch="false" />
              </lines>
            </method>
          </methods>
          <lines>
            <line number="11" hits="1" branch="false" />
            <line number="12" hits="1" branch="false" />
            <line number="13" hits="1" branch="false" />
            <line number="14" hits="1" branch="false" />
            <line number="16" hits="1" branch="false" />
            <line number="17" hits="1" branch="false" />
          </lines>
        </class>
        <class name="RomanNumerals.Tests.TestKnownValues" filename="C:\Users\zangi\Programmering\IT-säkerhet högskolan dalarna\GMI2J3 Mjukvarutestning 1\Laboration 2\2.3\RomanNumerals.Tests\TestKnownValues.cs" line-rate="1" branch-rate="1" complexity="2">
          <methods>
            <method name="test_to_known_values" signature="(...)" line-rate="1" branch-rate="1" complexity="1">
              <lines>
                <line number="14" hits="3" branch="false" />
                <line number="15" hits="3" branch="false" />
                <line number="16" hits="3" branch="false" />
              </lines>
            </method>
            <method name="test_from_known_values" signature="(...)" line-rate="1" branch-rate="1" complexity="1">
              <lines>
                <line number="24" hits="3" branch="false" />
                <line number="25" hits="3" branch="false" />
                <line number="26" hits="3" branch="false" />
              </lines>
            </method>
          </methods>
          <lines>
            <line number="14" hits="3" branch="false" />
            <line number="15" hits="3" branch="false" />
            <line number="16" hits="3" branch="false" />
            <line number="24" hits="3" branch="false" />
            <line number="25" hits="3" branch="false" />
            <line number="26" hits="3" branch="false" />
          </lines>
        </class>
        <class name="RomanNumerals.Tests.ToRomanBadInput" filename="C:\Users\zangi\Programmering\IT-säkerhet högskolan dalarna\GMI2J3 Mjukvarutestning 1\Laboration 2\2.3\RomanNumerals.Tests\ToRomanBadInput.cs" line-rate="0.6666666666666666" branch-rate="1" complexity="3">
          <methods>
            <method name="ReturnArgumentOutOfRange" signature="(...)" line-rate="0.6666666666666666" branch-rate="1" complexity="1">
              <lines>
                <line number="14" hits="2" branch="false" />
                <line number="15" hits="2" branch="false" />
                <line number="16" hits="0" branch="false" />
              </lines>
            </method>
            <method name="TestForBadInputString" signature="()" line-rate="0.6666666666666666" branch-rate="1" complexity="1">
              <lines>
                <line number="21" hits="1" branch="false" />
                <line number="22" hits="1" branch="false" />
                <line number="23" hits="0" branch="false" />
              </lines>
            </method>
            <method name="test_negative_input" signature="()" line-rate="0.6666666666666666" branch-rate="1" complexity="1">
              <lines>
                <line number="28" hits="1" branch="false" />
                <line number="29" hits="1" branch="false" />
                <line number="30" hits="0" branch="false" />
              </lines>
            </method>
          </methods>
          <lines>
            <line number="14" hits="2" branch="false" />
            <line number="15" hits="2" branch="false" />
            <line number="16" hits="0" branch="false" />
            <line number="21" hits="1" branch="false" />
            <line number="22" hits="1" branch="false" />
            <line number="23" hits="0" branch="false" />
            <line number="28" hits="1" branch="false" />
            <line number="29" hits="1" branch="false" />
            <line number="30" hits="0" branch="false" />
          </lines>
        </class>
      </classes>
    </package>
  </packages>
</coverage>