TpTrace Verbose: 0 : 25492, 1, 2022/05/08, 22:14:17.390, 313862495346, vstest.console.dll, Version: 17.1.0-release-20220113-05
TpTrace Information: 0 : 25492, 1, 2022/05/08, 22:14:17.399, 313862565493, vstest.console.dll, FilePatternParser: The given file C:\Users\zangi\Programmering\IT-säkerhet högskolan dalarna\GMI2J3 Mjukvarutestning 1\Laboration 2\2.3\RomanNumerals.Tests\bin\Debug\net6.0\fine-code-coverage\build-output\RomanNumerals.Tests.dll is a full path.
TpTrace Verbose: 0 : 25492, 1, 2022/05/08, 22:14:17.403, 313862607406, vstest.console.dll, TestPluginCache.DiscoverTestExtensions: finding test extensions in assemblies ends with: RuntimeProvider.dll TPluginInfo: Microsoft.VisualStudio.TestPlatform.Common.ExtensionFramework.Utilities.TestRuntimePluginInformation TExtension: Microsoft.VisualStudio.TestPlatform.ObjectModel.Host.ITestRuntimeProvider
TpTrace Verbose: 0 : 25492, 1, 2022/05/08, 22:14:17.403, 313862610769, vstest.console.dll, TestPluginCache.GetExtensionPaths: Filtered extension paths: 
TpTrace Verbose: 0 : 25492, 1, 2022/05/08, 22:14:17.404, 313862611594, vstest.console.dll, TestPluginCache.GetExtensionPaths: Added default extension paths: C:\Program Files\dotnet\sdk\6.0.202\Extensions\DumpMinitool.exe
C:\Program Files\dotnet\sdk\6.0.202\Extensions\DumpMinitool.x86.exe
C:\Program Files\dotnet\sdk\6.0.202\Extensions\Microsoft.Diagnostics.NETCore.Client.dll
C:\Program Files\dotnet\sdk\6.0.202\Extensions\Microsoft.TestPlatform.Extensions.BlameDataCollector.dll
C:\Program Files\dotnet\sdk\6.0.202\Extensions\Microsoft.TestPlatform.Extensions.EventLogCollector.dll
C:\Program Files\dotnet\sdk\6.0.202\Extensions\Microsoft.TestPlatform.TestHostRuntimeProvider.dll
C:\Program Files\dotnet\sdk\6.0.202\Extensions\Microsoft.VisualStudio.TestPlatform.Extensions.Html.TestLogger.dll
C:\Program Files\dotnet\sdk\6.0.202\Extensions\Microsoft.VisualStudio.TestPlatform.Extensions.Trx.TestLogger.dll
TpTrace Verbose: 0 : 25492, 1, 2022/05/08, 22:14:17.404, 313862611931, vstest.console.dll, TestPluginCache.GetExtensionPaths: Added unfilterableExtensionPaths: 
TpTrace Information: 0 : 25492, 1, 2022/05/08, 22:14:17.404, 313862618531, vstest.console.dll, AssemblyResolver.ctor: Creating AssemblyResolver with searchDirectories C:\Program Files\dotnet\sdk\6.0.202\Extensions,C:\Program Files\dotnet\sdk\6.0.202
TpTrace Verbose: 0 : 25492, 1, 2022/05/08, 22:14:17.405, 313862625126, vstest.console.dll, TestPluginCache.DiscoverTestExtensions: Discovering the extensions using extension path.
TpTrace Verbose: 0 : 25492, 1, 2022/05/08, 22:14:17.405, 313862625962, vstest.console.dll, TestPluginCache.GetExtensionPaths: Filtered extension paths: 
TpTrace Verbose: 0 : 25492, 1, 2022/05/08, 22:14:17.405, 313862626293, vstest.console.dll, TestPluginCache.GetExtensionPaths: Added default extension paths: C:\Program Files\dotnet\sdk\6.0.202\Extensions\DumpMinitool.exe
C:\Program Files\dotnet\sdk\6.0.202\Extensions\DumpMinitool.x86.exe
C:\Program Files\dotnet\sdk\6.0.202\Extensions\Microsoft.Diagnostics.NETCore.Client.dll
C:\Program Files\dotnet\sdk\6.0.202\Extensions\Microsoft.TestPlatform.Extensions.BlameDataCollector.dll
C:\Program Files\dotnet\sdk\6.0.202\Extensions\Microsoft.TestPlatform.Extensions.EventLogCollector.dll
C:\Program Files\dotnet\sdk\6.0.202\Extensions\Microsoft.TestPlatform.TestHostRuntimeProvider.dll
C:\Program Files\dotnet\sdk\6.0.202\Extensions\Microsoft.VisualStudio.TestPlatform.Extensions.Html.TestLogger.dll
C:\Program Files\dotnet\sdk\6.0.202\Extensions\Microsoft.VisualStudio.TestPlatform.Extensions.Trx.TestLogger.dll
TpTrace Verbose: 0 : 25492, 1, 2022/05/08, 22:14:17.405, 313862626605, vstest.console.dll, TestPluginCache.GetExtensionPaths: Added unfilterableExtensionPaths: 
TpTrace Verbose: 0 : 25492, 1, 2022/05/08, 22:14:17.405, 313862627106, vstest.console.dll, TestPluginCache.DiscoverTestExtensions: Discovering the extensions using allExtensionPaths: C:\Program Files\dotnet\sdk\6.0.202\Extensions\DumpMinitool.exe
C:\Program Files\dotnet\sdk\6.0.202\Extensions\DumpMinitool.x86.exe
C:\Program Files\dotnet\sdk\6.0.202\Extensions\Microsoft.Diagnostics.NETCore.Client.dll
C:\Program Files\dotnet\sdk\6.0.202\Extensions\Microsoft.TestPlatform.Extensions.BlameDataCollector.dll
C:\Program Files\dotnet\sdk\6.0.202\Extensions\Microsoft.TestPlatform.Extensions.EventLogCollector.dll
C:\Program Files\dotnet\sdk\6.0.202\Extensions\Microsoft.TestPlatform.TestHostRuntimeProvider.dll
C:\Program Files\dotnet\sdk\6.0.202\Extensions\Microsoft.VisualStudio.TestPlatform.Extensions.Html.TestLogger.dll
C:\Program Files\dotnet\sdk\6.0.202\Extensions\Microsoft.VisualStudio.TestPlatform.Extensions.Trx.TestLogger.dll
TpTrace Information: 0 : 25492, 1, 2022/05/08, 22:14:17.405, 313862628412, vstest.console.dll, AssemblyResolver.AddSearchDirectories: Adding more searchDirectories C:\Program Files\dotnet\sdk\6.0.202\Extensions,C:\Program Files\dotnet\sdk\6.0.202
TpTrace Information: 0 : 25492, 1, 2022/05/08, 22:14:17.405, 313862628880, vstest.console.dll, AssemblyResolver.AddSearchDirectories: Adding more searchDirectories C:\Program Files\dotnet\sdk\6.0.202\Extensions,C:\Program Files\dotnet\sdk\6.0.202
TpTrace Information: 0 : 25492, 1, 2022/05/08, 22:14:17.405, 313862629207, vstest.console.dll, AssemblyResolver.AddSearchDirectories: Adding more searchDirectories C:\Program Files\dotnet\sdk\6.0.202\Extensions,C:\Program Files\dotnet\sdk\6.0.202
TpTrace Information: 0 : 25492, 1, 2022/05/08, 22:14:17.405, 313862629464, vstest.console.dll, AssemblyResolver.AddSearchDirectories: Adding more searchDirectories C:\Program Files\dotnet\sdk\6.0.202\Extensions,C:\Program Files\dotnet\sdk\6.0.202
TpTrace Information: 0 : 25492, 1, 2022/05/08, 22:14:17.405, 313862629713, vstest.console.dll, AssemblyResolver.AddSearchDirectories: Adding more searchDirectories C:\Program Files\dotnet\sdk\6.0.202\Extensions,C:\Program Files\dotnet\sdk\6.0.202
TpTrace Information: 0 : 25492, 1, 2022/05/08, 22:14:17.405, 313862630029, vstest.console.dll, AssemblyResolver.AddSearchDirectories: Adding more searchDirectories C:\Program Files\dotnet\sdk\6.0.202\Extensions,C:\Program Files\dotnet\sdk\6.0.202
TpTrace Information: 0 : 25492, 1, 2022/05/08, 22:14:17.405, 313862630280, vstest.console.dll, AssemblyResolver.AddSearchDirectories: Adding more searchDirectories C:\Program Files\dotnet\sdk\6.0.202\Extensions,C:\Program Files\dotnet\sdk\6.0.202
TpTrace Information: 0 : 25492, 1, 2022/05/08, 22:14:17.405, 313862630523, vstest.console.dll, AssemblyResolver.AddSearchDirectories: Adding more searchDirectories C:\Program Files\dotnet\sdk\6.0.202\Extensions,C:\Program Files\dotnet\sdk\6.0.202
TpTrace Information: 0 : 25492, 1, 2022/05/08, 22:14:17.406, 313862633019, vstest.console.dll, AssemblyResolver.OnResolve: DumpMinitool: Resolving assembly.
TpTrace Information: 0 : 25492, 1, 2022/05/08, 22:14:17.406, 313862633562, vstest.console.dll, AssemblyResolver.OnResolve: DumpMinitool: Searching in: 'C:\Program Files\dotnet\sdk\6.0.202\Extensions'.
TpTrace Information: 0 : 25492, 1, 2022/05/08, 22:14:17.406, 313862634508, vstest.console.dll, AssemblyResolver.OnResolve: DumpMinitool: Assembly path does not exist: 'C:\Program Files\dotnet\sdk\6.0.202\Extensions\DumpMinitool.dll', returning.
TpTrace Information: 0 : 25492, 1, 2022/05/08, 22:14:17.406, 313862639348, vstest.console.dll, AssemblyResolver.OnResolve: DumpMinitool: Loading assembly 'C:\Program Files\dotnet\sdk\6.0.202\Extensions\DumpMinitool.exe'.
TpTrace Information: 0 : 25492, 1, 2022/05/08, 22:14:17.407, 313862646008, vstest.console.dll, AssemblyResolver.OnResolve: Resolved assembly: DumpMinitool, from path: C:\Program Files\dotnet\sdk\6.0.202\Extensions\DumpMinitool.exe
TpTrace Information: 0 : 25492, 1, 2022/05/08, 22:14:17.411, 313862686569, vstest.console.dll, AssemblyResolver.OnResolve: DumpMinitool.x86: Resolving assembly.
TpTrace Information: 0 : 25492, 1, 2022/05/08, 22:14:17.411, 313862687254, vstest.console.dll, AssemblyResolver.OnResolve: DumpMinitool.x86: Searching in: 'C:\Program Files\dotnet\sdk\6.0.202\Extensions'.
TpTrace Information: 0 : 25492, 1, 2022/05/08, 22:14:17.411, 313862688178, vstest.console.dll, AssemblyResolver.OnResolve: DumpMinitool.x86: Assembly path does not exist: 'C:\Program Files\dotnet\sdk\6.0.202\Extensions\DumpMinitool.x86.dll', returning.
TpTrace Information: 0 : 25492, 1, 2022/05/08, 22:14:17.412, 313862692350, vstest.console.dll, AssemblyResolver.OnResolve: DumpMinitool.x86: Loading assembly 'C:\Program Files\dotnet\sdk\6.0.202\Extensions\DumpMinitool.x86.exe'.
TpTrace Information: 0 : 25492, 1, 2022/05/08, 22:14:17.412, 313862698522, vstest.console.dll, AssemblyResolver.OnResolve: Resolved assembly: DumpMinitool.x86, from path: C:\Program Files\dotnet\sdk\6.0.202\Extensions\DumpMinitool.x86.exe
TpTrace Information: 0 : 25492, 1, 2022/05/08, 22:14:17.412, 313862700530, vstest.console.dll, AssemblyResolver.OnResolve: Microsoft.Diagnostics.NETCore.Client: Resolving assembly.
TpTrace Information: 0 : 25492, 1, 2022/05/08, 22:14:17.412, 313862700926, vstest.console.dll, AssemblyResolver.OnResolve: Microsoft.Diagnostics.NETCore.Client: Searching in: 'C:\Program Files\dotnet\sdk\6.0.202\Extensions'.
TpTrace Information: 0 : 25492, 1, 2022/05/08, 22:14:17.413, 313862704118, vstest.console.dll, AssemblyResolver.OnResolve: Microsoft.Diagnostics.NETCore.Client: Loading assembly 'C:\Program Files\dotnet\sdk\6.0.202\Extensions\Microsoft.Diagnostics.NETCore.Client.dll'.
TpTrace Information: 0 : 25492, 1, 2022/05/08, 22:14:17.413, 313862709584, vstest.console.dll, AssemblyResolver.OnResolve: Resolved assembly: Microsoft.Diagnostics.NETCore.Client, from path: C:\Program Files\dotnet\sdk\6.0.202\Extensions\Microsoft.Diagnostics.NETCore.Client.dll
TpTrace Information: 0 : 25492, 1, 2022/05/08, 22:14:17.415, 313862729364, vstest.console.dll, AssemblyResolver.OnResolve: Microsoft.Bcl.AsyncInterfaces: Resolving assembly.
TpTrace Information: 0 : 25492, 1, 2022/05/08, 22:14:17.415, 313862729869, vstest.console.dll, AssemblyResolver.OnResolve: Microsoft.Bcl.AsyncInterfaces: Searching in: 'C:\Program Files\dotnet\sdk\6.0.202\Extensions'.
TpTrace Information: 0 : 25492, 1, 2022/05/08, 22:14:17.415, 313862730673, vstest.console.dll, AssemblyResolver.OnResolve: Microsoft.Bcl.AsyncInterfaces: Assembly path does not exist: 'C:\Program Files\dotnet\sdk\6.0.202\Extensions\Microsoft.Bcl.AsyncInterfaces.dll', returning.
TpTrace Information: 0 : 25492, 1, 2022/05/08, 22:14:17.416, 313862731381, vstest.console.dll, AssemblyResolver.OnResolve: Microsoft.Bcl.AsyncInterfaces: Assembly path does not exist: 'C:\Program Files\dotnet\sdk\6.0.202\Extensions\Microsoft.Bcl.AsyncInterfaces.exe', returning.
TpTrace Information: 0 : 25492, 1, 2022/05/08, 22:14:17.416, 313862731664, vstest.console.dll, AssemblyResolver.OnResolve: Microsoft.Bcl.AsyncInterfaces: Searching in: 'C:\Program Files\dotnet\sdk\6.0.202'.
TpTrace Information: 0 : 25492, 1, 2022/05/08, 22:14:17.416, 313862732310, vstest.console.dll, AssemblyResolver.OnResolve: Microsoft.Bcl.AsyncInterfaces: Assembly path does not exist: 'C:\Program Files\dotnet\sdk\6.0.202\Microsoft.Bcl.AsyncInterfaces.dll', returning.
TpTrace Information: 0 : 25492, 1, 2022/05/08, 22:14:17.416, 313862732943, vstest.console.dll, AssemblyResolver.OnResolve: Microsoft.Bcl.AsyncInterfaces: Assembly path does not exist: 'C:\Program Files\dotnet\sdk\6.0.202\Microsoft.Bcl.AsyncInterfaces.exe', returning.
TpTrace Information: 0 : 25492, 1, 2022/05/08, 22:14:17.416, 313862733251, vstest.console.dll, AssemblyResolver.OnResolve: Microsoft.Bcl.AsyncInterfaces: Failed to load assembly.
TpTrace Verbose: 0 : 25492, 1, 2022/05/08, 22:14:17.416, 313862733595, vstest.console.dll, CurrentDomainAssemblyResolve: Resolving assembly 'Microsoft.Bcl.AsyncInterfaces'.
TpTrace Information: 0 : 25492, 1, 2022/05/08, 22:14:17.416, 313862734057, vstest.console.dll, AssemblyResolver.OnResolve: Microsoft.Bcl.AsyncInterfaces: Resolving assembly.
TpTrace Information: 0 : 25492, 1, 2022/05/08, 22:14:17.416, 313862734411, vstest.console.dll, AssemblyResolver.OnResolve: Microsoft.Bcl.AsyncInterfaces: Resolved from cache.
TpTrace Verbose: 0 : 25492, 1, 2022/05/08, 22:14:17.416, 313862734690, vstest.console.dll, CurrentDomainAssemblyResolve: Resolving assembly 'Microsoft.Bcl.AsyncInterfaces'.
TpTrace Verbose: 0 : 25492, 1, 2022/05/08, 22:14:17.416, 313862735796, vstest.console.dll, CurrentDomainAssemblyResolve: Failed to resolve assembly 'Microsoft.Bcl.AsyncInterfaces'.
TpTrace Verbose: 0 : 25492, 1, 2022/05/08, 22:14:17.416, 313862739249, vstest.console.dll, CurrentDomainAssemblyResolve: Failed to resolve assembly 'Microsoft.Bcl.AsyncInterfaces'.
TpTrace Warning: 0 : 25492, 1, 2022/05/08, 22:14:17.430, 313862874409, vstest.console.dll, TestPluginDiscoverer: Failed to get types from assembly 'Microsoft.Diagnostics.NETCore.Client, Version=0.2.5.801, Culture=neutral, PublicKeyToken=31bf3856ad364e35'.  Skipping test extension scan for this assembly.  Error: System.Reflection.ReflectionTypeLoadException: Unable to load one or more of the requested types.
Could not load file or assembly 'Microsoft.Bcl.AsyncInterfaces, Version=1.0.0.0, Culture=neutral, PublicKeyToken=cc7b13ffcd2ddd51'. Det går inte att hitta filen.
   at System.Reflection.RuntimeModule.GetTypes(RuntimeModule module)
   at System.Reflection.Assembly.GetTypes()
   at Microsoft.VisualStudio.TestPlatform.Common.ExtensionFramework.TestPluginDiscoverer.GetTestExtensionsFromAssembly[TPluginInfo,TExtension](Assembly assembly, Dictionary`2 pluginInfos)
System.IO.FileNotFoundException: Could not load file or assembly 'Microsoft.Bcl.AsyncInterfaces, Version=1.0.0.0, Culture=neutral, PublicKeyToken=cc7b13ffcd2ddd51'. Det går inte att hitta filen.
File name: 'Microsoft.Bcl.AsyncInterfaces, Version=1.0.0.0, Culture=neutral, PublicKeyToken=cc7b13ffcd2ddd51'
 ---> System.IO.FileNotFoundException: Could not load file or assembly 'Microsoft.Bcl.AsyncInterfaces, Culture=neutral, PublicKeyToken=null'. Det går inte att hitta filen.
File name: 'Microsoft.Bcl.AsyncInterfaces, Culture=neutral, PublicKeyToken=null'
   at System.Reflection.RuntimeAssembly.InternalLoad(ObjectHandleOnStack assemblyName, ObjectHandleOnStack requestingAssembly, StackCrawlMarkHandle stackMark, Boolean throwOnFileNotFound, ObjectHandleOnStack assemblyLoadContext, ObjectHandleOnStack retAssembly)
   at System.Reflection.RuntimeAssembly.InternalLoad(AssemblyName assemblyName, RuntimeAssembly requestingAssembly, StackCrawlMark& stackMark, Boolean throwOnFileNotFound, AssemblyLoadContext assemblyLoadContext)
   at System.Reflection.Assembly.Load(AssemblyName assemblyRef)
   at Microsoft.VisualStudio.TestPlatform.Common.ExtensionFramework.TestPluginCache.CurrentDomainAssemblyResolve(Object sender, AssemblyResolveEventArgs args)
   at Microsoft.VisualStudio.TestPlatform.PlatformAbstractions.PlatformAssemblyResolver.AssemblyResolverEvent(Object sender, Object eventArgs)
   at System.Runtime.Loader.AssemblyLoadContext.GetFirstResolvedAssemblyFromResolvingEvent(AssemblyName assemblyName)
   at System.Runtime.Loader.AssemblyLoadContext.ResolveUsingEvent(AssemblyName assemblyName)
   at System.Runtime.Loader.AssemblyLoadContext.ResolveUsingResolvingEvent(IntPtr gchManagedAssemblyLoadContext, AssemblyName assemblyName)
TpTrace Warning: 0 : 25492, 1, 2022/05/08, 22:14:17.430, 313862876074, vstest.console.dll, LoaderExceptions: System.IO.FileNotFoundException: Could not load file or assembly 'Microsoft.Bcl.AsyncInterfaces, Version=1.0.0.0, Culture=neutral, PublicKeyToken=cc7b13ffcd2ddd51'. Det går inte att hitta filen.
File name: 'Microsoft.Bcl.AsyncInterfaces, Version=1.0.0.0, Culture=neutral, PublicKeyToken=cc7b13ffcd2ddd51'
 ---> System.IO.FileNotFoundException: Could not load file or assembly 'Microsoft.Bcl.AsyncInterfaces, Culture=neutral, PublicKeyToken=null'. Det går inte att hitta filen.
File name: 'Microsoft.Bcl.AsyncInterfaces, Culture=neutral, PublicKeyToken=null'
   at System.Reflection.RuntimeAssembly.InternalLoad(ObjectHandleOnStack assemblyName, ObjectHandleOnStack requestingAssembly, StackCrawlMarkHandle stackMark, Boolean throwOnFileNotFound, ObjectHandleOnStack assemblyLoadContext, ObjectHandleOnStack retAssembly)
   at System.Reflection.RuntimeAssembly.InternalLoad(AssemblyName assemblyName, RuntimeAssembly requestingAssembly, StackCrawlMark& stackMark, Boolean throwOnFileNotFound, AssemblyLoadContext assemblyLoadContext)
   at System.Reflection.Assembly.Load(AssemblyName assemblyRef)
   at Microsoft.VisualStudio.TestPlatform.Common.ExtensionFramework.TestPluginCache.CurrentDomainAssemblyResolve(Object sender, AssemblyResolveEventArgs args)
   at Microsoft.VisualStudio.TestPlatform.PlatformAbstractions.PlatformAssemblyResolver.AssemblyResolverEvent(Object sender, Object eventArgs)
   at System.Runtime.Loader.AssemblyLoadContext.GetFirstResolvedAssemblyFromResolvingEvent(AssemblyName assemblyName)
   at System.Runtime.Loader.AssemblyLoadContext.ResolveUsingEvent(AssemblyName assemblyName)
   at System.Runtime.Loader.AssemblyLoadContext.ResolveUsingResolvingEvent(IntPtr gchManagedAssemblyLoadContext, AssemblyName assemblyName)
TpTrace Information: 0 : 25492, 1, 2022/05/08, 22:14:17.430, 313862876934, vstest.console.dll, AssemblyResolver.OnResolve: Microsoft.TestPlatform.Extensions.BlameDataCollector: Resolving assembly.
TpTrace Information: 0 : 25492, 1, 2022/05/08, 22:14:17.430, 313862877299, vstest.console.dll, AssemblyResolver.OnResolve: Microsoft.TestPlatform.Extensions.BlameDataCollector: Searching in: 'C:\Program Files\dotnet\sdk\6.0.202\Extensions'.
TpTrace Information: 0 : 25492, 1, 2022/05/08, 22:14:17.430, 313862880663, vstest.console.dll, AssemblyResolver.OnResolve: Microsoft.TestPlatform.Extensions.BlameDataCollector: Loading assembly 'C:\Program Files\dotnet\sdk\6.0.202\Extensions\Microsoft.TestPlatform.Extensions.BlameDataCollector.dll'.
TpTrace Information: 0 : 25492, 1, 2022/05/08, 22:14:17.431, 313862887025, vstest.console.dll, AssemblyResolver.OnResolve: Resolved assembly: Microsoft.TestPlatform.Extensions.BlameDataCollector, from path: C:\Program Files\dotnet\sdk\6.0.202\Extensions\Microsoft.TestPlatform.Extensions.BlameDataCollector.dll
TpTrace Information: 0 : 25492, 1, 2022/05/08, 22:14:17.432, 313862891743, vstest.console.dll, AssemblyResolver.OnResolve: Microsoft.TestPlatform.Extensions.EventLogCollector: Resolving assembly.
TpTrace Information: 0 : 25492, 1, 2022/05/08, 22:14:17.432, 313862892185, vstest.console.dll, AssemblyResolver.OnResolve: Microsoft.TestPlatform.Extensions.EventLogCollector: Searching in: 'C:\Program Files\dotnet\sdk\6.0.202\Extensions'.
TpTrace Information: 0 : 25492, 1, 2022/05/08, 22:14:17.432, 313862895597, vstest.console.dll, AssemblyResolver.OnResolve: Microsoft.TestPlatform.Extensions.EventLogCollector: Loading assembly 'C:\Program Files\dotnet\sdk\6.0.202\Extensions\Microsoft.TestPlatform.Extensions.EventLogCollector.dll'.
TpTrace Information: 0 : 25492, 1, 2022/05/08, 22:14:17.432, 313862899352, vstest.console.dll, AssemblyResolver.OnResolve: Resolved assembly: Microsoft.TestPlatform.Extensions.EventLogCollector, from path: C:\Program Files\dotnet\sdk\6.0.202\Extensions\Microsoft.TestPlatform.Extensions.EventLogCollector.dll
TpTrace Information: 0 : 25492, 1, 2022/05/08, 22:14:17.433, 313862907017, vstest.console.dll, AssemblyResolver.OnResolve: Microsoft.TestPlatform.TestHostRuntimeProvider: Resolving assembly.
TpTrace Information: 0 : 25492, 1, 2022/05/08, 22:14:17.433, 313862907441, vstest.console.dll, AssemblyResolver.OnResolve: Microsoft.TestPlatform.TestHostRuntimeProvider: Searching in: 'C:\Program Files\dotnet\sdk\6.0.202\Extensions'.
TpTrace Information: 0 : 25492, 1, 2022/05/08, 22:14:17.433, 313862910378, vstest.console.dll, AssemblyResolver.OnResolve: Microsoft.TestPlatform.TestHostRuntimeProvider: Loading assembly 'C:\Program Files\dotnet\sdk\6.0.202\Extensions\Microsoft.TestPlatform.TestHostRuntimeProvider.dll'.
TpTrace Information: 0 : 25492, 1, 2022/05/08, 22:14:17.434, 313862915928, vstest.console.dll, AssemblyResolver.OnResolve: Resolved assembly: Microsoft.TestPlatform.TestHostRuntimeProvider, from path: C:\Program Files\dotnet\sdk\6.0.202\Extensions\Microsoft.TestPlatform.TestHostRuntimeProvider.dll
TpTrace Information: 0 : 25492, 1, 2022/05/08, 22:14:17.435, 313862924820, vstest.console.dll, AssemblyResolver.OnResolve: Microsoft.VisualStudio.TestPlatform.Extensions.Html.TestLogger: Resolving assembly.
TpTrace Information: 0 : 25492, 1, 2022/05/08, 22:14:17.435, 313862925333, vstest.console.dll, AssemblyResolver.OnResolve: Microsoft.VisualStudio.TestPlatform.Extensions.Html.TestLogger: Searching in: 'C:\Program Files\dotnet\sdk\6.0.202\Extensions'.
TpTrace Information: 0 : 25492, 1, 2022/05/08, 22:14:17.435, 313862928680, vstest.console.dll, AssemblyResolver.OnResolve: Microsoft.VisualStudio.TestPlatform.Extensions.Html.TestLogger: Loading assembly 'C:\Program Files\dotnet\sdk\6.0.202\Extensions\Microsoft.VisualStudio.TestPlatform.Extensions.Html.TestLogger.dll'.
TpTrace Information: 0 : 25492, 1, 2022/05/08, 22:14:17.436, 313862933641, vstest.console.dll, AssemblyResolver.OnResolve: Resolved assembly: Microsoft.VisualStudio.TestPlatform.Extensions.Html.TestLogger, from path: C:\Program Files\dotnet\sdk\6.0.202\Extensions\Microsoft.VisualStudio.TestPlatform.Extensions.Html.TestLogger.dll
TpTrace Information: 0 : 25492, 1, 2022/05/08, 22:14:17.436, 313862935825, vstest.console.dll, AssemblyResolver.OnResolve: Microsoft.VisualStudio.TestPlatform.Extensions.Trx.TestLogger: Resolving assembly.
TpTrace Information: 0 : 25492, 1, 2022/05/08, 22:14:17.436, 313862936223, vstest.console.dll, AssemblyResolver.OnResolve: Microsoft.VisualStudio.TestPlatform.Extensions.Trx.TestLogger: Searching in: 'C:\Program Files\dotnet\sdk\6.0.202\Extensions'.
TpTrace Information: 0 : 25492, 1, 2022/05/08, 22:14:17.436, 313862939418, vstest.console.dll, AssemblyResolver.OnResolve: Microsoft.VisualStudio.TestPlatform.Extensions.Trx.TestLogger: Loading assembly 'C:\Program Files\dotnet\sdk\6.0.202\Extensions\Microsoft.VisualStudio.TestPlatform.Extensions.Trx.TestLogger.dll'.
TpTrace Information: 0 : 25492, 1, 2022/05/08, 22:14:17.437, 313862944523, vstest.console.dll, AssemblyResolver.OnResolve: Resolved assembly: Microsoft.VisualStudio.TestPlatform.Extensions.Trx.TestLogger, from path: C:\Program Files\dotnet\sdk\6.0.202\Extensions\Microsoft.VisualStudio.TestPlatform.Extensions.Trx.TestLogger.dll
TpTrace Verbose: 0 : 25492, 1, 2022/05/08, 22:14:17.437, 313862948357, vstest.console.dll, TestPluginCache: Discovered the extensions using extension path ''.
TpTrace Verbose: 0 : 25492, 1, 2022/05/08, 22:14:17.437, 313862948796, vstest.console.dll, TestPluginCache: Discoverers are ''.
TpTrace Verbose: 0 : 25492, 1, 2022/05/08, 22:14:17.437, 313862949091, vstest.console.dll, TestPluginCache: Executors are ''.
TpTrace Verbose: 0 : 25492, 1, 2022/05/08, 22:14:17.437, 313862949310, vstest.console.dll, TestPluginCache: Executors2 are ''.
TpTrace Verbose: 0 : 25492, 1, 2022/05/08, 22:14:17.437, 313862949528, vstest.console.dll, TestPluginCache: Setting providers are ''.
TpTrace Verbose: 0 : 25492, 1, 2022/05/08, 22:14:17.437, 313862949736, vstest.console.dll, TestPluginCache: Loggers are ''.
TpTrace Information: 0 : 25492, 1, 2022/05/08, 22:14:17.441, 313862985674, vstest.console.dll, RunTestsArgumentProcessor:Execute: Test run is starting.
TpTrace Verbose: 0 : 25492, 1, 2022/05/08, 22:14:17.441, 313862986414, vstest.console.dll, RunTestsArgumentProcessor:Execute: Queuing Test run.
TpTrace Information: 0 : 25492, 1, 2022/05/08, 22:14:17.441, 313862987948, vstest.console.dll, TestRequestManager.RunTests: run tests started.
TpTrace Information: 0 : 25492, 1, 2022/05/08, 22:14:17.444, 313863014423, vstest.console.dll, AssemblyMetadataProvider.GetFrameWork: Determined framework:'.NETCoreApp,Version=v6.0' for source: 'C:\Users\zangi\Programmering\IT-säkerhet högskolan dalarna\GMI2J3 Mjukvarutestning 1\Laboration 2\2.3\RomanNumerals.Tests\bin\Debug\net6.0\fine-code-coverage\build-output\RomanNumerals.Tests.dll'
TpTrace Information: 0 : 25492, 1, 2022/05/08, 22:14:17.444, 313863015612, vstest.console.dll, Determined framework for all sources: .NETCoreApp,Version=v6.0
TpTrace Verbose: 0 : 25492, 1, 2022/05/08, 22:14:17.444, 313863017640, vstest.console.dll, Default architecture: X64 IsDefaultTargetArchitecture: True
TpTrace Information: 0 : 25492, 1, 2022/05/08, 22:14:17.444, 313863019893, vstest.console.dll, AssemblyMetadataProvider.GetArchitecture: Determined architecture:AnyCPU info for assembly: C:\Users\zangi\Programmering\IT-säkerhet högskolan dalarna\GMI2J3 Mjukvarutestning 1\Laboration 2\2.3\RomanNumerals.Tests\bin\Debug\net6.0\fine-code-coverage\build-output\RomanNumerals.Tests.dll
TpTrace Information: 0 : 25492, 1, 2022/05/08, 22:14:17.444, 313863020288, vstest.console.dll, Determined platform for source 'C:\Users\zangi\Programmering\IT-säkerhet högskolan dalarna\GMI2J3 Mjukvarutestning 1\Laboration 2\2.3\RomanNumerals.Tests\bin\Debug\net6.0\fine-code-coverage\build-output\RomanNumerals.Tests.dll' is 'AnyCPU'
TpTrace Information: 0 : 25492, 1, 2022/05/08, 22:14:17.446, 313863036340, vstest.console.dll, Determined platform for all sources: X64
TpTrace Information: 0 : 25492, 1, 2022/05/08, 22:14:17.446, 313863037121, vstest.console.dll, Infered platform 'X64'.
TpTrace Information: 0 : 25492, 1, 2022/05/08, 22:14:17.446, 313863037474, vstest.console.dll, Platform update to 'X64' required.
TpTrace Information: 0 : 25492, 1, 2022/05/08, 22:14:17.448, 313863058474, vstest.console.dll, Compatible sources list : 
TpTrace Information: 0 : 25492, 1, 2022/05/08, 22:14:17.448, 313863058980, vstest.console.dll, C:\Users\zangi\Programmering\IT-säkerhet högskolan dalarna\GMI2J3 Mjukvarutestning 1\Laboration 2\2.3\RomanNumerals.Tests\bin\Debug\net6.0\fine-code-coverage\build-output\RomanNumerals.Tests.dll
TpTrace Information: 0 : 25492, 1, 2022/05/08, 22:14:17.450, 313863077870, vstest.console.dll, InferRunSettingsHelper.IsTestSettingsEnabled: Unable to navigate to RunSettings/MSTest. Current node: RunSettings
TpTrace Information: 0 : 25492, 1, 2022/05/08, 22:14:17.451, 313863083397, vstest.console.dll, AssemblyResolver.OnResolve: Microsoft.VisualStudio.TestPlatform.Fakes: Resolving assembly.
TpTrace Information: 0 : 25492, 1, 2022/05/08, 22:14:17.451, 313863083917, vstest.console.dll, AssemblyResolver.OnResolve: Microsoft.VisualStudio.TestPlatform.Fakes: Searching in: 'C:\Program Files\dotnet\sdk\6.0.202\Extensions'.
TpTrace Information: 0 : 25492, 1, 2022/05/08, 22:14:17.451, 313863084811, vstest.console.dll, AssemblyResolver.OnResolve: Microsoft.VisualStudio.TestPlatform.Fakes: Assembly path does not exist: 'C:\Program Files\dotnet\sdk\6.0.202\Extensions\Microsoft.VisualStudio.TestPlatform.Fakes.dll', returning.
TpTrace Information: 0 : 25492, 1, 2022/05/08, 22:14:17.451, 313863085546, vstest.console.dll, AssemblyResolver.OnResolve: Microsoft.VisualStudio.TestPlatform.Fakes: Assembly path does not exist: 'C:\Program Files\dotnet\sdk\6.0.202\Extensions\Microsoft.VisualStudio.TestPlatform.Fakes.exe', returning.
TpTrace Information: 0 : 25492, 1, 2022/05/08, 22:14:17.451, 313863085908, vstest.console.dll, AssemblyResolver.OnResolve: Microsoft.VisualStudio.TestPlatform.Fakes: Searching in: 'C:\Program Files\dotnet\sdk\6.0.202'.
TpTrace Information: 0 : 25492, 1, 2022/05/08, 22:14:17.451, 313863086599, vstest.console.dll, AssemblyResolver.OnResolve: Microsoft.VisualStudio.TestPlatform.Fakes: Assembly path does not exist: 'C:\Program Files\dotnet\sdk\6.0.202\Microsoft.VisualStudio.TestPlatform.Fakes.dll', returning.
TpTrace Information: 0 : 25492, 1, 2022/05/08, 22:14:17.451, 313863087314, vstest.console.dll, AssemblyResolver.OnResolve: Microsoft.VisualStudio.TestPlatform.Fakes: Assembly path does not exist: 'C:\Program Files\dotnet\sdk\6.0.202\Microsoft.VisualStudio.TestPlatform.Fakes.exe', returning.
TpTrace Information: 0 : 25492, 1, 2022/05/08, 22:14:17.451, 313863087597, vstest.console.dll, AssemblyResolver.OnResolve: Microsoft.VisualStudio.TestPlatform.Fakes: Failed to load assembly.
TpTrace Information: 0 : 25492, 1, 2022/05/08, 22:14:17.451, 313863089714, vstest.console.dll, Failed to load assembly Microsoft.VisualStudio.TestPlatform.Fakes, Version=17.0.0.0, Culture=neutral. Reason:System.IO.FileNotFoundException: Could not load file or assembly 'Microsoft.VisualStudio.TestPlatform.Fakes, Version=17.0.0.0, Culture=neutral, PublicKeyToken=null'. Det går inte att hitta filen.
File name: 'Microsoft.VisualStudio.TestPlatform.Fakes, Version=17.0.0.0, Culture=neutral, PublicKeyToken=null'
   at System.Reflection.RuntimeAssembly.InternalLoad(ObjectHandleOnStack assemblyName, ObjectHandleOnStack requestingAssembly, StackCrawlMarkHandle stackMark, Boolean throwOnFileNotFound, ObjectHandleOnStack assemblyLoadContext, ObjectHandleOnStack retAssembly)
   at System.Reflection.RuntimeAssembly.InternalLoad(AssemblyName assemblyName, RuntimeAssembly requestingAssembly, StackCrawlMark& stackMark, Boolean throwOnFileNotFound, AssemblyLoadContext assemblyLoadContext)
   at System.Reflection.Assembly.Load(AssemblyName assemblyRef)
   at Microsoft.VisualStudio.TestPlatform.Common.Utilities.FakesUtilities.LoadTestPlatformAssembly()
TpTrace Verbose: 0 : 25492, 1, 2022/05/08, 22:14:17.454, 313863120548, vstest.console.dll, TestPluginCache.DiscoverTestExtensions: finding test extensions in assemblies ends with: TestLogger.dll TPluginInfo: Microsoft.VisualStudio.TestPlatform.Common.ExtensionFramework.Utilities.TestLoggerPluginInformation TExtension: Microsoft.VisualStudio.TestPlatform.ObjectModel.Client.ITestLogger
TpTrace Verbose: 0 : 25492, 1, 2022/05/08, 22:14:17.455, 313863121443, vstest.console.dll, TestPluginCache.GetExtensionPaths: Filtered extension paths: 
TpTrace Verbose: 0 : 25492, 1, 2022/05/08, 22:14:17.455, 313863121774, vstest.console.dll, TestPluginCache.GetExtensionPaths: Added default extension paths: C:\Program Files\dotnet\sdk\6.0.202\Extensions\DumpMinitool.exe
C:\Program Files\dotnet\sdk\6.0.202\Extensions\DumpMinitool.x86.exe
C:\Program Files\dotnet\sdk\6.0.202\Extensions\Microsoft.Diagnostics.NETCore.Client.dll
C:\Program Files\dotnet\sdk\6.0.202\Extensions\Microsoft.TestPlatform.Extensions.BlameDataCollector.dll
C:\Program Files\dotnet\sdk\6.0.202\Extensions\Microsoft.TestPlatform.Extensions.EventLogCollector.dll
C:\Program Files\dotnet\sdk\6.0.202\Extensions\Microsoft.TestPlatform.TestHostRuntimeProvider.dll
C:\Program Files\dotnet\sdk\6.0.202\Extensions\Microsoft.VisualStudio.TestPlatform.Extensions.Html.TestLogger.dll
C:\Program Files\dotnet\sdk\6.0.202\Extensions\Microsoft.VisualStudio.TestPlatform.Extensions.Trx.TestLogger.dll
TpTrace Verbose: 0 : 25492, 1, 2022/05/08, 22:14:17.455, 313863122083, vstest.console.dll, TestPluginCache.GetExtensionPaths: Added unfilterableExtensionPaths: 
TpTrace Information: 0 : 25492, 1, 2022/05/08, 22:14:17.455, 313863123501, vstest.console.dll, AssemblyResolver.AddSearchDirectories: Adding more searchDirectories C:\Program Files\dotnet\sdk\6.0.202\Extensions,C:\Program Files\dotnet\sdk\6.0.202
TpTrace Verbose: 0 : 25492, 1, 2022/05/08, 22:14:17.455, 313863123920, vstest.console.dll, TestPluginCache.DiscoverTestExtensions: Discovering the extensions using extension path.
TpTrace Verbose: 0 : 25492, 1, 2022/05/08, 22:14:17.455, 313863124227, vstest.console.dll, TestPluginCache.GetExtensionPaths: Filtered extension paths: 
TpTrace Verbose: 0 : 25492, 1, 2022/05/08, 22:14:17.455, 313863124481, vstest.console.dll, TestPluginCache.GetExtensionPaths: Added default extension paths: C:\Program Files\dotnet\sdk\6.0.202\Extensions\DumpMinitool.exe
C:\Program Files\dotnet\sdk\6.0.202\Extensions\DumpMinitool.x86.exe
C:\Program Files\dotnet\sdk\6.0.202\Extensions\Microsoft.Diagnostics.NETCore.Client.dll
C:\Program Files\dotnet\sdk\6.0.202\Extensions\Microsoft.TestPlatform.Extensions.BlameDataCollector.dll
C:\Program Files\dotnet\sdk\6.0.202\Extensions\Microsoft.TestPlatform.Extensions.EventLogCollector.dll
C:\Program Files\dotnet\sdk\6.0.202\Extensions\Microsoft.TestPlatform.TestHostRuntimeProvider.dll
C:\Program Files\dotnet\sdk\6.0.202\Extensions\Microsoft.VisualStudio.TestPlatform.Extensions.Html.TestLogger.dll
C:\Program Files\dotnet\sdk\6.0.202\Extensions\Microsoft.VisualStudio.TestPlatform.Extensions.Trx.TestLogger.dll
TpTrace Verbose: 0 : 25492, 1, 2022/05/08, 22:14:17.455, 313863124776, vstest.console.dll, TestPluginCache.GetExtensionPaths: Added unfilterableExtensionPaths: 
TpTrace Verbose: 0 : 25492, 1, 2022/05/08, 22:14:17.455, 313863125026, vstest.console.dll, TestPluginCache.DiscoverTestExtensions: Discovering the extensions using allExtensionPaths: C:\Program Files\dotnet\sdk\6.0.202\Extensions\DumpMinitool.exe
C:\Program Files\dotnet\sdk\6.0.202\Extensions\DumpMinitool.x86.exe
C:\Program Files\dotnet\sdk\6.0.202\Extensions\Microsoft.Diagnostics.NETCore.Client.dll
C:\Program Files\dotnet\sdk\6.0.202\Extensions\Microsoft.TestPlatform.Extensions.BlameDataCollector.dll
C:\Program Files\dotnet\sdk\6.0.202\Extensions\Microsoft.TestPlatform.Extensions.EventLogCollector.dll
C:\Program Files\dotnet\sdk\6.0.202\Extensions\Microsoft.TestPlatform.TestHostRuntimeProvider.dll
C:\Program Files\dotnet\sdk\6.0.202\Extensions\Microsoft.VisualStudio.TestPlatform.Extensions.Html.TestLogger.dll
C:\Program Files\dotnet\sdk\6.0.202\Extensions\Microsoft.VisualStudio.TestPlatform.Extensions.Trx.TestLogger.dll
TpTrace Information: 0 : 25492, 1, 2022/05/08, 22:14:17.455, 313863126462, vstest.console.dll, AssemblyResolver.AddSearchDirectories: Adding more searchDirectories C:\Program Files\dotnet\sdk\6.0.202\Extensions,C:\Program Files\dotnet\sdk\6.0.202
TpTrace Information: 0 : 25492, 1, 2022/05/08, 22:14:17.455, 313863126975, vstest.console.dll, AssemblyResolver.AddSearchDirectories: Adding more searchDirectories C:\Program Files\dotnet\sdk\6.0.202\Extensions,C:\Program Files\dotnet\sdk\6.0.202
TpTrace Information: 0 : 25492, 1, 2022/05/08, 22:14:17.455, 313863127334, vstest.console.dll, AssemblyResolver.AddSearchDirectories: Adding more searchDirectories C:\Program Files\dotnet\sdk\6.0.202\Extensions,C:\Program Files\dotnet\sdk\6.0.202
TpTrace Information: 0 : 25492, 1, 2022/05/08, 22:14:17.455, 313863127629, vstest.console.dll, AssemblyResolver.AddSearchDirectories: Adding more searchDirectories C:\Program Files\dotnet\sdk\6.0.202\Extensions,C:\Program Files\dotnet\sdk\6.0.202
TpTrace Information: 0 : 25492, 1, 2022/05/08, 22:14:17.455, 313863127886, vstest.console.dll, AssemblyResolver.AddSearchDirectories: Adding more searchDirectories C:\Program Files\dotnet\sdk\6.0.202\Extensions,C:\Program Files\dotnet\sdk\6.0.202
TpTrace Information: 0 : 25492, 1, 2022/05/08, 22:14:17.455, 313863128141, vstest.console.dll, AssemblyResolver.AddSearchDirectories: Adding more searchDirectories C:\Program Files\dotnet\sdk\6.0.202\Extensions,C:\Program Files\dotnet\sdk\6.0.202
TpTrace Information: 0 : 25492, 1, 2022/05/08, 22:14:17.455, 313863128442, vstest.console.dll, AssemblyResolver.AddSearchDirectories: Adding more searchDirectories C:\Program Files\dotnet\sdk\6.0.202\Extensions,C:\Program Files\dotnet\sdk\6.0.202
TpTrace Information: 0 : 25492, 1, 2022/05/08, 22:14:17.455, 313863128696, vstest.console.dll, AssemblyResolver.AddSearchDirectories: Adding more searchDirectories C:\Program Files\dotnet\sdk\6.0.202\Extensions,C:\Program Files\dotnet\sdk\6.0.202
TpTrace Information: 0 : 25492, 1, 2022/05/08, 22:14:17.456, 313863131434, vstest.console.dll, AssemblyResolver.OnResolve: Microsoft.Bcl.AsyncInterfaces: Resolving assembly.
TpTrace Information: 0 : 25492, 1, 2022/05/08, 22:14:17.456, 313863131842, vstest.console.dll, AssemblyResolver.OnResolve: Microsoft.Bcl.AsyncInterfaces: Resolved from cache.
TpTrace Verbose: 0 : 25492, 1, 2022/05/08, 22:14:17.456, 313863132119, vstest.console.dll, CurrentDomainAssemblyResolve: Resolving assembly 'Microsoft.Bcl.AsyncInterfaces'.
TpTrace Information: 0 : 25492, 1, 2022/05/08, 22:14:17.456, 313863132490, vstest.console.dll, AssemblyResolver.OnResolve: Microsoft.Bcl.AsyncInterfaces: Resolving assembly.
TpTrace Information: 0 : 25492, 1, 2022/05/08, 22:14:17.456, 313863132751, vstest.console.dll, AssemblyResolver.OnResolve: Microsoft.Bcl.AsyncInterfaces: Resolved from cache.
TpTrace Verbose: 0 : 25492, 1, 2022/05/08, 22:14:17.456, 313863133006, vstest.console.dll, CurrentDomainAssemblyResolve: Resolving assembly 'Microsoft.Bcl.AsyncInterfaces'.
TpTrace Verbose: 0 : 25492, 1, 2022/05/08, 22:14:17.456, 313863133237, vstest.console.dll, CurrentDomainAssemblyResolve: Failed to resolve assembly 'Microsoft.Bcl.AsyncInterfaces'.
TpTrace Verbose: 0 : 25492, 1, 2022/05/08, 22:14:17.456, 313863135040, vstest.console.dll, CurrentDomainAssemblyResolve: Failed to resolve assembly 'Microsoft.Bcl.AsyncInterfaces'.
TpTrace Warning: 0 : 25492, 1, 2022/05/08, 22:14:17.456, 313863138130, vstest.console.dll, TestPluginDiscoverer: Failed to get types from assembly 'Microsoft.Diagnostics.NETCore.Client, Version=0.2.5.801, Culture=neutral, PublicKeyToken=31bf3856ad364e35'.  Skipping test extension scan for this assembly.  Error: System.Reflection.ReflectionTypeLoadException: Unable to load one or more of the requested types.
Could not load file or assembly 'Microsoft.Bcl.AsyncInterfaces, Version=1.0.0.0, Culture=neutral, PublicKeyToken=cc7b13ffcd2ddd51'. Det går inte att hitta filen.
   at System.Reflection.RuntimeModule.GetTypes(RuntimeModule module)
   at System.Reflection.Assembly.GetTypes()
   at Microsoft.VisualStudio.TestPlatform.Common.ExtensionFramework.TestPluginDiscoverer.GetTestExtensionsFromAssembly[TPluginInfo,TExtension](Assembly assembly, Dictionary`2 pluginInfos)
System.IO.FileNotFoundException: Could not load file or assembly 'Microsoft.Bcl.AsyncInterfaces, Version=1.0.0.0, Culture=neutral, PublicKeyToken=cc7b13ffcd2ddd51'. Det går inte att hitta filen.
File name: 'Microsoft.Bcl.AsyncInterfaces, Version=1.0.0.0, Culture=neutral, PublicKeyToken=cc7b13ffcd2ddd51'
 ---> System.IO.FileNotFoundException: Could not load file or assembly 'Microsoft.Bcl.AsyncInterfaces, Culture=neutral, PublicKeyToken=null'. Det går inte att hitta filen.
File name: 'Microsoft.Bcl.AsyncInterfaces, Culture=neutral, PublicKeyToken=null'
   at System.Reflection.RuntimeAssembly.InternalLoad(ObjectHandleOnStack assemblyName, ObjectHandleOnStack requestingAssembly, StackCrawlMarkHandle stackMark, Boolean throwOnFileNotFound, ObjectHandleOnStack assemblyLoadContext, ObjectHandleOnStack retAssembly)
   at System.Reflection.RuntimeAssembly.InternalLoad(AssemblyName assemblyName, RuntimeAssembly requestingAssembly, StackCrawlMark& stackMark, Boolean throwOnFileNotFound, AssemblyLoadContext assemblyLoadContext)
   at System.Reflection.Assembly.Load(AssemblyName assemblyRef)
   at Microsoft.VisualStudio.TestPlatform.Common.ExtensionFramework.TestPluginCache.CurrentDomainAssemblyResolve(Object sender, AssemblyResolveEventArgs args)
   at Microsoft.VisualStudio.TestPlatform.PlatformAbstractions.PlatformAssemblyResolver.AssemblyResolverEvent(Object sender, Object eventArgs)
   at System.Runtime.Loader.AssemblyLoadContext.GetFirstResolvedAssemblyFromResolvingEvent(AssemblyName assemblyName)
   at System.Runtime.Loader.AssemblyLoadContext.ResolveUsingEvent(AssemblyName assemblyName)
   at System.Runtime.Loader.AssemblyLoadContext.ResolveUsingResolvingEvent(IntPtr gchManagedAssemblyLoadContext, AssemblyName assemblyName)
TpTrace Warning: 0 : 25492, 1, 2022/05/08, 22:14:17.456, 313863139410, vstest.console.dll, LoaderExceptions: System.IO.FileNotFoundException: Could not load file or assembly 'Microsoft.Bcl.AsyncInterfaces, Version=1.0.0.0, Culture=neutral, PublicKeyToken=cc7b13ffcd2ddd51'. Det går inte att hitta filen.
File name: 'Microsoft.Bcl.AsyncInterfaces, Version=1.0.0.0, Culture=neutral, PublicKeyToken=cc7b13ffcd2ddd51'
 ---> System.IO.FileNotFoundException: Could not load file or assembly 'Microsoft.Bcl.AsyncInterfaces, Culture=neutral, PublicKeyToken=null'. Det går inte att hitta filen.
File name: 'Microsoft.Bcl.AsyncInterfaces, Culture=neutral, PublicKeyToken=null'
   at System.Reflection.RuntimeAssembly.InternalLoad(ObjectHandleOnStack assemblyName, ObjectHandleOnStack requestingAssembly, StackCrawlMarkHandle stackMark, Boolean throwOnFileNotFound, ObjectHandleOnStack assemblyLoadContext, ObjectHandleOnStack retAssembly)
   at System.Reflection.RuntimeAssembly.InternalLoad(AssemblyName assemblyName, RuntimeAssembly requestingAssembly, StackCrawlMark& stackMark, Boolean throwOnFileNotFound, AssemblyLoadContext assemblyLoadContext)
   at System.Reflection.Assembly.Load(AssemblyName assemblyRef)
   at Microsoft.VisualStudio.TestPlatform.Common.ExtensionFramework.TestPluginCache.CurrentDomainAssemblyResolve(Object sender, AssemblyResolveEventArgs args)
   at Microsoft.VisualStudio.TestPlatform.PlatformAbstractions.PlatformAssemblyResolver.AssemblyResolverEvent(Object sender, Object eventArgs)
   at System.Runtime.Loader.AssemblyLoadContext.GetFirstResolvedAssemblyFromResolvingEvent(AssemblyName assemblyName)
   at System.Runtime.Loader.AssemblyLoadContext.ResolveUsingEvent(AssemblyName assemblyName)
   at System.Runtime.Loader.AssemblyLoadContext.ResolveUsingResolvingEvent(IntPtr gchManagedAssemblyLoadContext, AssemblyName assemblyName)
TpTrace Verbose: 0 : 25492, 1, 2022/05/08, 22:14:17.457, 313863142735, vstest.console.dll, TestPluginCache: Discovered the extensions using extension path ''.
TpTrace Verbose: 0 : 25492, 1, 2022/05/08, 22:14:17.457, 313863143144, vstest.console.dll, TestPluginCache: Discoverers are ''.
TpTrace Verbose: 0 : 25492, 1, 2022/05/08, 22:14:17.457, 313863143378, vstest.console.dll, TestPluginCache: Executors are ''.
TpTrace Verbose: 0 : 25492, 1, 2022/05/08, 22:14:17.457, 313863143590, vstest.console.dll, TestPluginCache: Executors2 are ''.
TpTrace Verbose: 0 : 25492, 1, 2022/05/08, 22:14:17.457, 313863143799, vstest.console.dll, TestPluginCache: Setting providers are ''.
TpTrace Verbose: 0 : 25492, 1, 2022/05/08, 22:14:17.457, 313863144358, vstest.console.dll, TestPluginCache: Loggers are 'logger://Microsoft/TestPlatform/Extensions/Blame/v1,logger://Microsoft/TestPlatform/HtmlLogger/v1,logger://Microsoft/TestPlatform/TrxLogger/v1'.
TpTrace Information: 0 : 25492, 1, 2022/05/08, 22:14:17.457, 313863149818, vstest.console.dll, TestPluginManager.CreateTestExtension: Attempting to load test extension: Microsoft.TestPlatform.Extensions.BlameDataCollector.BlameLogger
TpTrace Information: 0 : 25492, 1, 2022/05/08, 22:14:17.462, 313863198500, vstest.console.dll, TestPluginManager.CreateTestExtension: Attempting to load test extension: Microsoft.VisualStudio.TestPlatform.CrossPlatEngine.Hosting.DefaultTestHostManager
TpTrace Information: 0 : 25492, 1, 2022/05/08, 22:14:17.464, 313863211939, vstest.console.dll, TestPluginManager.CreateTestExtension: Attempting to load test extension: Microsoft.VisualStudio.TestPlatform.CrossPlatEngine.Hosting.DotnetTestHostManager
TpTrace Verbose: 0 : 25492, 1, 2022/05/08, 22:14:17.464, 313863216703, vstest.console.dll, TestEngine: Initializing Parallel Execution as MaxCpuCount is set to: 1
TpTrace Information: 0 : 25492, 1, 2022/05/08, 22:14:17.464, 313863221156, vstest.console.dll, InferRunSettingsHelper.IsTestSettingsEnabled: Unable to navigate to RunSettings/MSTest. Current node: RunSettings
TpTrace Verbose: 0 : 25492, 1, 2022/05/08, 22:14:17.476, 313863334175, vstest.console.dll, TestRequestSender is acting as server
TpTrace Verbose: 0 : 25492, 5, 2022/05/08, 22:14:17.479, 313863364202, vstest.console.dll, DataCollectionRequestSender.InitializeCommunication : Initialize communication. 
TpTrace Information: 0 : 25492, 5, 2022/05/08, 22:14:17.483, 313863410384, vstest.console.dll, Listening on Endpoint : 127.0.0.1:49740
TpTrace Verbose: 0 : 25492, 5, 2022/05/08, 22:14:17.492, 313863494743, vstest.console.dll, DotnetDataCollectionLauncher: Full path of dotnet.exe is C:\Program Files\dotnet\dotnet.exe
TpTrace Verbose: 0 : 25492, 5, 2022/05/08, 22:14:17.492, 313863496433, vstest.console.dll, DotnetDataCollectionLauncher: Adding  --runtimeconfig "C:\Program Files\dotnet\sdk\6.0.202\datacollector.runtimeconfig.json" in args
TpTrace Verbose: 0 : 25492, 5, 2022/05/08, 22:14:17.492, 313863497219, vstest.console.dll, DotnetDataCollectionLauncher: Adding  --depsfile "C:\Program Files\dotnet\sdk\6.0.202\datacollector.deps.json" in args
TpTrace Information: 0 : 25492, 5, 2022/05/08, 22:14:17.498, 313863556876, vstest.console.dll, ProxyDataCollectionManager.Initialize: Launched datacollector processId: 11580 port: 49740
TpTrace Information: 0 : 25492, 5, 2022/05/08, 22:14:17.498, 313863558005, vstest.console.dll, ProxyDataCollectionManager.Initialize: waiting for connection with timeout: 90 seconds
TpTrace Verbose: 0 : 25492, 5, 2022/05/08, 22:14:17.498, 313863559076, vstest.console.dll, DataCollectionRequestSender.WaitForRequestHandlerConnection : Waiting for connection with timeout: 90000
TpTrace Information: 0 : 25492, 8, 2022/05/08, 22:14:17.604, 313864619087, vstest.console.dll, Using the buffer size of 16384 bytes
TpTrace Verbose: 0 : 25492, 5, 2022/05/08, 22:14:17.604, 313864619503, vstest.console.dll, ProxyDataCollectionManager.InvokeDataCollectionServiceAction: Starting.
TpTrace Information: 0 : 25492, 8, 2022/05/08, 22:14:17.604, 313864619985, vstest.console.dll, Accepted Client request and set the flag
TpTrace Information: 0 : 25492, 5, 2022/05/08, 22:14:17.604, 313864620587, vstest.console.dll, ProxyDataCollectionManager.BeforeTestRunStart: Get environment variable and port for datacollector processId: 11580 port: 49740
TpTrace Verbose: 0 : 25492, 5, 2022/05/08, 22:14:17.605, 313864621435, vstest.console.dll, DataCollectionRequestSender.SendBeforeTestRunStartAndGetResult : Send BeforeTestRunStart message with settingsXml <RunSettings><RunConfiguration><ResultsDirectory>C:\Users\zangi\Programmering\IT-säkerhet högskolan dalarna\GMI2J3 Mjukvarutestning 1\Laboration 2\2.3\RomanNumerals.Tests\bin\Debug\net6.0\fine-code-coverage\coverage-tool-output</ResultsDirectory><TargetPlatform>X64</TargetPlatform><TargetFrameworkVersion>.NETCoreApp,Version=v6.0</TargetFrameworkVersion><DesignMode>False</DesignMode><CollectSourceInformation>False</CollectSourceInformation><TestAdaptersPaths>C:\Program Files\dotnet\sdk\6.0.202\Extensions</TestAdaptersPaths></RunConfiguration><LoggerRunSettings><Loggers><Logger friendlyName="blame" enabled="True" /><Logger friendlyName="Console" uri="logger://microsoft/TestPlatform/ConsoleLogger/v1" assemblyQualifiedName="Microsoft.VisualStudio.TestPlatform.CommandLine.Internal.ConsoleLogger, vstest.console, Version=15.0.0.0, Culture=neutral, PublicKeyToken=b03f5f7f11d50a3a" codeBase="C:\Program Files\dotnet\sdk\6.0.202\vstest.console.dll" enabled="True" /></Loggers></LoggerRunSettings><DataCollectionRunSettings><DataCollectors><DataCollector friendlyName="blame" enabled="True"><Configuration><ResultsDirectory>C:\Users\zangi\Programmering\IT-säkerhet högskolan dalarna\GMI2J3 Mjukvarutestning 1\Laboration 2\2.3\RomanNumerals.Tests\bin\Debug\net6.0\fine-code-coverage\coverage-tool-output</ResultsDirectory></Configuration></DataCollector></DataCollectors></DataCollectionRunSettings></RunSettings> and sources System.Linq.Enumerable+Concat2Iterator`1[System.String]: 
TpTrace Verbose: 0 : 25492, 5, 2022/05/08, 22:14:17.660, 313865178524, vstest.console.dll, DataCollectionRequestSender.SendBeforeTestRunStartAndGetResult : Received message: (DataCollection.SendMessage) -> {
  "FriendlyName": null,
  "Uri": null,
  "TestCaseId": "00000000-0000-0000-0000-000000000000",
  "Message": "Logging DataCollector Diagnostics in file: C:\\Users\\zangi\\Programmering\\IT-säkerhet högskolan dalarna\\GMI2J3 Mjukvarutestning 1\\Laboration 2\\2.3\\RomanNumerals.Tests\\bin\\Debug\\net6.0\\fine-code-coverage\\coverage-tool-output\\diagnostics.datacollector.22-05-08_22-14-17_48902_5.log",
  "Level": 0
}
TpTrace Verbose: 0 : 25492, 5, 2022/05/08, 22:14:17.722, 313865801081, vstest.console.dll, DataCollectionRequestSender.SendBeforeTestRunStartAndGetResult : Received message: (DataCollection.BeforeTestRunStartResult) -> {
  "EnvironmentVariables": {},
  "DataCollectionEventsPort": 49743
}
TpTrace Information: 0 : 25492, 5, 2022/05/08, 22:14:17.727, 313865846234, vstest.console.dll, ProxyDataCollectionManager.BeforeTestRunStart: SendBeforeTestRunStartAndGetResult successful, env variable from datacollector:   and testhost port: 49743
TpTrace Information: 0 : 25492, 5, 2022/05/08, 22:14:17.727, 313865847201, vstest.console.dll, ProxyDataCollectionManager.InvokeDataCollectionServiceAction: Completed.
TpTrace Verbose: 0 : 25492, 1, 2022/05/08, 22:14:17.727, 313865848461, vstest.console.dll, TestRunRequest.ExecuteAsync: Creating test run request.
TpTrace Verbose: 0 : 25492, 1, 2022/05/08, 22:14:17.727, 313865850669, vstest.console.dll, TestRunRequest.ExecuteAsync: Starting.
TpTrace Information: 0 : 25492, 1, 2022/05/08, 22:14:17.728, 313865853481, vstest.console.dll, TestRunRequest.ExecuteAsync: Starting run with settings:TestRunCriteria:
   KeepAlive=False,FrequencyOfRunStatsChangeEvent=10,RunStatsChangeEventTimeout=00:00:01.5000000,TestCaseFilter=,TestExecutorLauncher=
   Settingsxml=<RunSettings>
  <RunConfiguration>
    <ResultsDirectory>C:\Users\zangi\Programmering\IT-säkerhet högskolan dalarna\GMI2J3 Mjukvarutestning 1\Laboration 2\2.3\RomanNumerals.Tests\bin\Debug\net6.0\fine-code-coverage\coverage-tool-output</ResultsDirectory>
    <TargetPlatform>X64</TargetPlatform>
    <TargetFrameworkVersion>.NETCoreApp,Version=v6.0</TargetFrameworkVersion>
    <DesignMode>False</DesignMode>
    <CollectSourceInformation>False</CollectSourceInformation>
  </RunConfiguration>
  <LoggerRunSettings>
    <Loggers>
      <Logger friendlyName="blame" enabled="True" />
      <Logger friendlyName="Console" uri="logger://microsoft/TestPlatform/ConsoleLogger/v1" assemblyQualifiedName="Microsoft.VisualStudio.TestPlatform.CommandLine.Internal.ConsoleLogger, vstest.console, Version=15.0.0.0, Culture=neutral, PublicKeyToken=b03f5f7f11d50a3a" codeBase="C:\Program Files\dotnet\sdk\6.0.202\vstest.console.dll" enabled="True" />
    </Loggers>
  </LoggerRunSettings>
  <DataCollectionRunSettings>
    <DataCollectors>
      <DataCollector friendlyName="blame" enabled="True">
        <Configuration>
          <ResultsDirectory>C:\Users\zangi\Programmering\IT-säkerhet högskolan dalarna\GMI2J3 Mjukvarutestning 1\Laboration 2\2.3\RomanNumerals.Tests\bin\Debug\net6.0\fine-code-coverage\coverage-tool-output</ResultsDirectory>
        </Configuration>
      </DataCollector>
    </DataCollectors>
  </DataCollectionRunSettings>
</RunSettings>

TpTrace Verbose: 0 : 25492, 1, 2022/05/08, 22:14:17.728, 313865853928, vstest.console.dll, TestRunRequest.ExecuteAsync: Wait for the first run request is over.
TpTrace Verbose: 0 : 25492, 1, 2022/05/08, 22:14:17.728, 313865857278, vstest.console.dll, ParallelProxyExecutionManager: Start execution. Total sources: 1
TpTrace Information: 0 : 25492, 1, 2022/05/08, 22:14:17.729, 313865861517, vstest.console.dll, ProxyParallelExecutionManager: Triggering test run for next source: C:\Users\zangi\Programmering\IT-säkerhet högskolan dalarna\GMI2J3 Mjukvarutestning 1\Laboration 2\2.3\RomanNumerals.Tests\bin\Debug\net6.0\fine-code-coverage\build-output\RomanNumerals.Tests.dll
TpTrace Verbose: 0 : 25492, 5, 2022/05/08, 22:14:17.729, 313865862488, vstest.console.dll, ParallelProxyExecutionManager: Execution started. Started clients: 1
TpTrace Verbose: 0 : 25492, 1, 2022/05/08, 22:14:17.729, 313865862813, vstest.console.dll, ProxyParallelExecutionManager: No sources available for execution.
TpTrace Information: 0 : 25492, 1, 2022/05/08, 22:14:17.729, 313865863203, vstest.console.dll, TestRunRequest.ExecuteAsync: Started.
TpTrace Verbose: 0 : 25492, 1, 2022/05/08, 22:14:17.729, 313865863718, vstest.console.dll, TestRunRequest.WaitForCompletion: Waiting with timeout -1.
TpTrace Verbose: 0 : 25492, 5, 2022/05/08, 22:14:17.729, 313865864563, vstest.console.dll, TestRunRequest:SendTestRunMessage: Starting.
TpTrace Information: 0 : 25492, 5, 2022/05/08, 22:14:17.729, 313865865317, vstest.console.dll, TestRunRequest:SendTestRunMessage: Completed.
TpTrace Verbose: 0 : 25492, 5, 2022/05/08, 22:14:17.729, 313865866935, vstest.console.dll, ProxyExecutionManager: Test host is always Lazy initialize.
TpTrace Verbose: 0 : 25492, 5, 2022/05/08, 22:14:17.729, 313865868715, vstest.console.dll, TestRequestSender.InitializeCommunication: initialize communication. 
TpTrace Information: 0 : 25492, 5, 2022/05/08, 22:14:17.730, 313865872740, vstest.console.dll, SocketServer.Start: Listening on endpoint : 127.0.0.1:49744
TpTrace Verbose: 0 : 25492, 5, 2022/05/08, 22:14:17.730, 313865877785, vstest.console.dll, DotnetTestHostmanager.GetTestHostProcessStartInfo: Platform environment 'X64' target architecture 'X64' framework '.NETCoreApp,Version=v6.0' OS 'Windows'
TpTrace Verbose: 0 : 25492, 5, 2022/05/08, 22:14:17.730, 313865879673, vstest.console.dll, DotnetTestHostmanager: Adding  --runtimeconfig "C:\Users\zangi\Programmering\IT-säkerhet högskolan dalarna\GMI2J3 Mjukvarutestning 1\Laboration 2\2.3\RomanNumerals.Tests\bin\Debug\net6.0\fine-code-coverage\build-output\RomanNumerals.Tests.runtimeconfig.json" in args
TpTrace Verbose: 0 : 25492, 5, 2022/05/08, 22:14:17.730, 313865880598, vstest.console.dll, DotnetTestHostmanager: Adding  --depsfile "C:\Users\zangi\Programmering\IT-säkerhet högskolan dalarna\GMI2J3 Mjukvarutestning 1\Laboration 2\2.3\RomanNumerals.Tests\bin\Debug\net6.0\fine-code-coverage\build-output\RomanNumerals.Tests.deps.json" in args
TpTrace Verbose: 0 : 25492, 5, 2022/05/08, 22:14:17.732, 313865895675, vstest.console.dll, DotnetTestHostmanager.IsWinOnArm: Current PROCESSOR_ARCHITECTURE from registry 'AMD64'
TpTrace Verbose: 0 : 25492, 5, 2022/05/08, 22:14:17.732, 313865896451, vstest.console.dll, DotnetTestHostmanager.IsWinOnArm: Is Windows on ARM 'False'
TpTrace Verbose: 0 : 25492, 5, 2022/05/08, 22:14:17.732, 313865897439, vstest.console.dll, DotnetTestHostManager: testhost.exe found at path: C:\Users\zangi\Programmering\IT-säkerhet högskolan dalarna\GMI2J3 Mjukvarutestning 1\Laboration 2\2.3\RomanNumerals.Tests\bin\Debug\net6.0\fine-code-coverage\build-output\testhost.exe
TpTrace Verbose: 0 : 25492, 5, 2022/05/08, 22:14:17.732, 313865897874, vstest.console.dll, DotnetTestHostmanager: Full path of host exe is C:\Users\zangi\Programmering\IT-säkerhet högskolan dalarna\GMI2J3 Mjukvarutestning 1\Laboration 2\2.3\RomanNumerals.Tests\bin\Debug\net6.0\fine-code-coverage\build-output\testhost.exe
TpTrace Verbose: 0 : 25492, 5, 2022/05/08, 22:14:17.732, 313865899013, vstest.console.dll, DotnetTestHostmanager.LaunchTestHostAsync: Found 'VSTEST_WINAPPHOST_DOTNET_ROOT' in env variables, value 'C:\Program Files\dotnet'
TpTrace Verbose: 0 : 25492, 7, 2022/05/08, 22:14:17.733, 313865905125, vstest.console.dll, DotnetTestHostManager: Starting process 'C:\Users\zangi\Programmering\IT-säkerhet högskolan dalarna\GMI2J3 Mjukvarutestning 1\Laboration 2\2.3\RomanNumerals.Tests\bin\Debug\net6.0\fine-code-coverage\build-output\testhost.exe' with command line ' --runtimeconfig "C:\Users\zangi\Programmering\IT-säkerhet högskolan dalarna\GMI2J3 Mjukvarutestning 1\Laboration 2\2.3\RomanNumerals.Tests\bin\Debug\net6.0\fine-code-coverage\build-output\RomanNumerals.Tests.runtimeconfig.json" --depsfile "C:\Users\zangi\Programmering\IT-säkerhet högskolan dalarna\GMI2J3 Mjukvarutestning 1\Laboration 2\2.3\RomanNumerals.Tests\bin\Debug\net6.0\fine-code-coverage\build-output\RomanNumerals.Tests.deps.json" --port 49744 --endpoint 127.0.0.1:049744 --role client --parentprocessid 25492 --diag "C:\Users\zangi\Programmering\IT-säkerhet högskolan dalarna\GMI2J3 Mjukvarutestning 1\Laboration 2\2.3\RomanNumerals.Tests\bin\Debug\net6.0\fine-code-coverage\coverage-tool-output\diagnostics.host.22-05-08_22-14-17_73039_5.log" --tracelevel 4 --datacollectionport 49743 --telemetryoptedin false'
TpTrace Verbose: 0 : 25492, 7, 2022/05/08, 22:14:17.737, 313865947863, vstest.console.dll, Test Runtime launched
TpTrace Verbose: 0 : 25492, 5, 2022/05/08, 22:14:17.738, 313865953015, vstest.console.dll, TestRequestSender.WaitForRequestHandlerConnection: waiting for connection with timeout: 90000
TpTrace Verbose: 0 : 25492, 7, 2022/05/08, 22:14:17.857, 313867141579, vstest.console.dll, SocketServer.OnClientConnected: Client connected for endPoint: 127.0.0.1:49744, starting MessageLoopAsync:
TpTrace Verbose: 0 : 25492, 14, 2022/05/08, 22:14:17.857, 313867143371, vstest.console.dll, TcpClientExtensions.MessageLoopAsync: Polling on remoteEndPoint: 127.0.0.1:49745 localEndPoint: 127.0.0.1:49744
TpTrace Verbose: 0 : 25492, 5, 2022/05/08, 22:14:17.860, 313867179899, vstest.console.dll, TestRequestSender.CheckVersionWithTestHost: Sending check version message: {"MessageType":"ProtocolVersion","Payload":5}
TpTrace Verbose: 0 : 25492, 14, 2022/05/08, 22:14:17.971, 313868288810, vstest.console.dll, TcpClientExtensions.MessageLoopAsync: NotifyDataAvailable remoteEndPoint: 127.0.0.1:49745 localEndPoint: 127.0.0.1:49744
TpTrace Verbose: 0 : 25492, 14, 2022/05/08, 22:14:17.971, 313868291134, vstest.console.dll, TestRequestSender.CheckVersionWithTestHost: onMessageReceived received message: (ProtocolVersion) -> 5
TpTrace Verbose: 0 : 25492, 14, 2022/05/08, 22:14:17.972, 313868294165, vstest.console.dll, TcpClientExtensions.MessageLoopAsync: Polling on remoteEndPoint: 127.0.0.1:49745 localEndPoint: 127.0.0.1:49744
TpTrace Verbose: 0 : 25492, 5, 2022/05/08, 22:14:17.972, 313868294837, vstest.console.dll, TestPluginCache.GetExtensionPaths: Filtered extension paths: 
TpTrace Verbose: 0 : 25492, 5, 2022/05/08, 22:14:17.972, 313868295318, vstest.console.dll, TestPluginCache.GetExtensionPaths: Added default extension paths: C:\Program Files\dotnet\sdk\6.0.202\Extensions\DumpMinitool.exe
C:\Program Files\dotnet\sdk\6.0.202\Extensions\DumpMinitool.x86.exe
C:\Program Files\dotnet\sdk\6.0.202\Extensions\Microsoft.Diagnostics.NETCore.Client.dll
C:\Program Files\dotnet\sdk\6.0.202\Extensions\Microsoft.TestPlatform.Extensions.BlameDataCollector.dll
C:\Program Files\dotnet\sdk\6.0.202\Extensions\Microsoft.TestPlatform.Extensions.EventLogCollector.dll
C:\Program Files\dotnet\sdk\6.0.202\Extensions\Microsoft.TestPlatform.TestHostRuntimeProvider.dll
C:\Program Files\dotnet\sdk\6.0.202\Extensions\Microsoft.VisualStudio.TestPlatform.Extensions.Html.TestLogger.dll
C:\Program Files\dotnet\sdk\6.0.202\Extensions\Microsoft.VisualStudio.TestPlatform.Extensions.Trx.TestLogger.dll
TpTrace Verbose: 0 : 25492, 5, 2022/05/08, 22:14:17.972, 313868295704, vstest.console.dll, TestPluginCache.GetExtensionPaths: Added unfilterableExtensionPaths: 
TpTrace Verbose: 0 : 25492, 5, 2022/05/08, 22:14:17.975, 313868324432, vstest.console.dll, TestRequestSender.InitializeExecution: Sending initialize execution with message: {"Version":5,"MessageType":"TestExecution.Initialize","Payload":["C:\\Users\\zangi\\Programmering\\IT-säkerhet högskolan dalarna\\GMI2J3 Mjukvarutestning 1\\Laboration 2\\2.3\\RomanNumerals.Tests\\bin\\Debug\\net6.0\\fine-code-coverage\\build-output\\Microsoft.VisualStudio.TestPlatform.MSTest.TestAdapter.dll"]}
TpTrace Warning: 0 : 25492, 5, 2022/05/08, 22:14:17.975, 313868327770, vstest.console.dll, InferRunSettingsHelper.MakeRunsettingsCompatible: Removing the following settings: TargetPlatform from RunSettings file. To use those settings please move to latest version of Microsoft.NET.Test.Sdk
TpTrace Verbose: 0 : 25492, 14, 2022/05/08, 22:14:17.979, 313868367553, vstest.console.dll, TcpClientExtensions.MessageLoopAsync: NotifyDataAvailable remoteEndPoint: 127.0.0.1:49745 localEndPoint: 127.0.0.1:49744
TpTrace Verbose: 0 : 25492, 14, 2022/05/08, 22:14:17.982, 313868398873, vstest.console.dll, TestRequestSender.OnExecutionMessageReceived: Received message: {"Version":5,"MessageType":"TestSession.Message","Payload":{"MessageLevel":0,"Message":"Logging TestHost Diagnostics in file: C:\\Users\\zangi\\Programmering\\IT-säkerhet högskolan dalarna\\GMI2J3 Mjukvarutestning 1\\Laboration 2\\2.3\\RomanNumerals.Tests\\bin\\Debug\\net6.0\\fine-code-coverage\\coverage-tool-output\\diagnostics.host.22-05-08_22-14-17_73039_5.log"}}
TpTrace Verbose: 0 : 25492, 14, 2022/05/08, 22:14:17.984, 313868415017, vstest.console.dll, TestRunRequest:SendTestRunMessage: Starting.
TpTrace Information: 0 : 25492, 14, 2022/05/08, 22:14:17.984, 313868415985, vstest.console.dll, TestRunRequest:SendTestRunMessage: Completed.
TpTrace Verbose: 0 : 25492, 14, 2022/05/08, 22:14:17.984, 313868416422, vstest.console.dll, TcpClientExtensions.MessageLoopAsync: Polling on remoteEndPoint: 127.0.0.1:49745 localEndPoint: 127.0.0.1:49744
TpTrace Verbose: 0 : 25492, 5, 2022/05/08, 22:14:17.985, 313868427973, vstest.console.dll, TestRequestSender.StartTestRun: Sending test run with message: {"Version":5,"MessageType":"TestExecution.StartWithSources","Payload":{"AdapterSourceMap":{"_none_":["C:\\Users\\zangi\\Programmering\\IT-säkerhet högskolan dalarna\\GMI2J3 Mjukvarutestning 1\\Laboration 2\\2.3\\RomanNumerals.Tests\\bin\\Debug\\net6.0\\fine-code-coverage\\build-output\\RomanNumerals.Tests.dll"]},"RunSettings":"<RunSettings>\r\n  <RunConfiguration>\r\n    <ResultsDirectory>C:\\Users\\zangi\\Programmering\\IT-säkerhet högskolan dalarna\\GMI2J3 Mjukvarutestning 1\\Laboration 2\\2.3\\RomanNumerals.Tests\\bin\\Debug\\net6.0\\fine-code-coverage\\coverage-tool-output</ResultsDirectory>\r\n    <TargetFrameworkVersion>.NETCoreApp,Version=v6.0</TargetFrameworkVersion>\r\n    <DesignMode>False</DesignMode>\r\n    <CollectSourceInformation>False</CollectSourceInformation>\r\n  </RunConfiguration>\r\n  <LoggerRunSettings>\r\n    <Loggers>\r\n      <Logger friendlyName=\"blame\" enabled=\"True\" />\r\n      <Logger friendlyName=\"Console\" uri=\"logger://microsoft/TestPlatform/ConsoleLogger/v1\" assemblyQualifiedName=\"Microsoft.VisualStudio.TestPlatform.CommandLine.Internal.ConsoleLogger, vstest.console, Version=15.0.0.0, Culture=neutral, PublicKeyToken=b03f5f7f11d50a3a\" codeBase=\"C:\\Program Files\\dotnet\\sdk\\6.0.202\\vstest.console.dll\" enabled=\"True\" />\r\n    </Loggers>\r\n  </LoggerRunSettings>\r\n  <DataCollectionRunSettings>\r\n    <DataCollectors>\r\n      <DataCollector friendlyName=\"blame\" enabled=\"True\">\r\n        <Configuration>\r\n          <ResultsDirectory>C:\\Users\\zangi\\Programmering\\IT-säkerhet högskolan dalarna\\GMI2J3 Mjukvarutestning 1\\Laboration 2\\2.3\\RomanNumerals.Tests\\bin\\Debug\\net6.0\\fine-code-coverage\\coverage-tool-output</ResultsDirectory>\r\n        </Configuration>\r\n      </DataCollector>\r\n    </DataCollectors>\r\n  </DataCollectionRunSettings>\r\n</RunSettings>","TestExecutionContext":{"FrequencyOfRunStatsChangeEvent":10,"RunStatsChangeEventTimeout":"00:00:01.5000000","InIsolation":false,"KeepAlive":false,"AreTestCaseLevelEventsRequired":false,"IsDebug":false,"TestCaseFilter":null,"FilterOptions":null},"Package":null}}
TpTrace Verbose: 0 : 25492, 14, 2022/05/08, 22:14:18.325, 313871826739, vstest.console.dll, TcpClientExtensions.MessageLoopAsync: NotifyDataAvailable remoteEndPoint: 127.0.0.1:49745 localEndPoint: 127.0.0.1:49744
TpTrace Verbose: 0 : 25492, 14, 2022/05/08, 22:14:18.325, 313871830137, vstest.console.dll, TestRequestSender.OnExecutionMessageReceived: Received message: {"Version":5,"MessageType":"TestExecution.StatsChange","Payload":{"NewTestResults":[{"TestCase":{"Id":"97fe015e-f4b7-ffd3-8bfd-c653603b542a","FullyQualifiedName":"RomanNumerals.Tests.FromRomanBadInput.test_blank","DisplayName":"test_blank","ExecutorUri":"executor://MSTestAdapter/v2","Source":"C:\\Users\\zangi\\Programmering\\IT-säkerhet högskolan dalarna\\GMI2J3 Mjukvarutestning 1\\Laboration 2\\2.3\\RomanNumerals.Tests\\bin\\Debug\\net6.0\\fine-code-coverage\\build-output\\RomanNumerals.Tests.dll","CodeFilePath":null,"LineNumber":-1,"Properties":[{"Key":{"Id":"TestCase.ManagedType","Label":"ManagedType","Category":"","Description":"","Attributes":1,"ValueType":"System.String"},"Value":"RomanNumerals.Tests.FromRomanBadInput"},{"Key":{"Id":"TestCase.ManagedMethod","Label":"ManagedMethod","Category":"","Description":"","Attributes":1,"ValueType":"System.String"},"Value":"test_blank"},{"Key":{"Id":"MSTestDiscoverer.TestClassName","Label":"ClassName","Category":"","Description":"","Attributes":1,"ValueType":"System.String"},"Value":"RomanNumerals.Tests.FromRomanBadInput"},{"Key":{"Id":"TestCase.Hierarchy","Label":"Hierarchy","Category":"","Description":"","Attributes":2,"ValueType":"System.String[]"},"Value":["RomanNumerals.Tests","FromRomanBadInput"]},{"Key":{"Id":"TestObject.Traits","Label":"Traits","Category":"","Description":"","Attributes":5,"ValueType":"System.Collections.Generic.KeyValuePair`2[[System.String],[System.String]][]"},"Value":[]}]},"Attachments":[],"Outcome":1,"ErrorMessage":null,"ErrorStackTrace":null,"DisplayName":"test_blank","Messages":[],"ComputerName":null,"Duration":"00:00:00.0061160","StartTime":"2022-05-08T22:14:18.2364534+02:00","EndTime":"2022-05-08T22:14:18.2540723+02:00","Properties":[{"Key":{"Id":"ExecutionId","Label":"ExecutionId","Category":"","Description":"","Attributes":1,"ValueType":"System.Guid"},"Value":"00000000-0000-0000-0000-000000000000"},{"Key":{"Id":"ParentExecId","Label":"ParentExecId","Category":"","Description":"","Attributes":1,"ValueType":"System.Guid"},"Value":"00000000-0000-0000-0000-000000000000"},{"Key":{"Id":"InnerResultsCount","Label":"InnerResultsCount","Category":"","Description":"","Attributes":1,"ValueType":"System.Int32"},"Value":0}]},{"TestCase":{"Id":"b766299b-76c9-692a-4e96-b64f4ca94935","FullyQualifiedName":"RomanNumerals.Tests.FromRomanBadInput.test_null","DisplayName":"test_null","ExecutorUri":"executor://MSTestAdapter/v2","Source":"C:\\Users\\zangi\\Programmering\\IT-säkerhet högskolan dalarna\\GMI2J3 Mjukvarutestning 1\\Laboration 2\\2.3\\RomanNumerals.Tests\\bin\\Debug\\net6.0\\fine-code-coverage\\build-output\\RomanNumerals.Tests.dll","CodeFilePath":null,"LineNumber":-1,"Properties":[{"Key":{"Id":"TestCase.ManagedType","Label":"ManagedType","Category":"","Description":"","Attributes":1,"ValueType":"System.String"},"Value":"RomanNumerals.Tests.FromRomanBadInput"},{"Key":{"Id":"TestCase.ManagedMethod","Label":"ManagedMethod","Category":"","Description":"","Attributes":1,"ValueType":"System.String"},"Value":"test_null"},{"Key":{"Id":"MSTestDiscoverer.TestClassName","Label":"ClassName","Category":"","Description":"","Attributes":1,"ValueType":"System.String"},"Value":"RomanNumerals.Tests.FromRomanBadInput"},{"Key":{"Id":"TestCase.Hierarchy","Label":"Hierarchy","Category":"","Description":"","Attributes":2,"ValueType":"System.String[]"},"Value":["RomanNumerals.Tests","FromRomanBadInput"]},{"Key":{"Id":"TestObject.Traits","Label":"Traits","Category":"","Description":"","Attributes":5,"ValueType":"System.Collections.Generic.KeyValuePair`2[[System.String],[System.String]][]"},"Value":[]}]},"Attachments":[],"Outcome":1,"ErrorMessage":null,"ErrorStackTrace":null,"DisplayName":"test_null","Messages":[],"ComputerName":null,"Duration":"00:00:00.0004986","StartTime":"2022-05-08T22:14:18.2721625+02:00","EndTime":"2022-05-08T22:14:18.2729797+02:00","Properties":[{"Key":{"Id":"ExecutionId","Label":"ExecutionId","Category":"","Description":"","Attributes":1,"ValueType":"System.Guid"},"Value":"00000000-0000-0000-0000-000000000000"},{"Key":{"Id":"ParentExecId","Label":"ParentExecId","Category":"","Description":"","Attributes":1,"ValueType":"System.Guid"},"Value":"00000000-0000-0000-0000-000000000000"},{"Key":{"Id":"InnerResultsCount","Label":"InnerResultsCount","Category":"","Description":"","Attributes":1,"ValueType":"System.Int32"},"Value":0}]},{"TestCase":{"Id":"98a3d5e7-6088-d518-0b01-e1d63603f9e1","FullyQualifiedName":"RomanNumerals.Tests.FromRomanBadInput.test_repeated_pairs","DisplayName":"test_repeated_pairs","ExecutorUri":"executor://MSTestAdapter/v2","Source":"C:\\Users\\zangi\\Programmering\\IT-säkerhet högskolan dalarna\\GMI2J3 Mjukvarutestning 1\\Laboration 2\\2.3\\RomanNumerals.Tests\\bin\\Debug\\net6.0\\fine-code-coverage\\build-output\\RomanNumerals.Tests.dll","CodeFilePath":null,"LineNumber":-1,"Properties":[{"Key":{"Id":"TestCase.ManagedType","Label":"ManagedType","Category":"","Description":"","Attributes":1,"ValueType":"System.String"},"Value":"RomanNumerals.Tests.FromRomanBadInput"},{"Key":{"Id":"TestCase.ManagedMethod","Label":"ManagedMethod","Category":"","Description":"","Attributes":1,"ValueType":"System.String"},"Value":"test_repeated_pairs"},{"Key":{"Id":"MSTestDiscoverer.TestClassName","Label":"ClassName","Category":"","Description":"","Attributes":1,"ValueType":"System.String"},"Value":"RomanNumerals.Tests.FromRomanBadInput"},{"Key":{"Id":"TestCase.Hierarchy","Label":"Hierarchy","Category":"","Description":"","Attributes":2,"ValueType":"System.String[]"},"Value":["RomanNumerals.Tests","FromRomanBadInput"]},{"Key":{"Id":"TestObject.Traits","Label":"Traits","Category":"","Description":"","Attributes":5,"ValueType":"System.Collections.Generic.KeyValuePair`2[[System.String],[System.String]][]"},"Value":[]}]},"Attachments":[],"Outcome":1,"ErrorMessage":null,"ErrorStackTrace":null,"DisplayName":"test_repeated_pairs","Messages":[],"ComputerName":null,"Duration":"00:00:00.0011582","StartTime":"2022-05-08T22:14:18.2754336+02:00","EndTime":"2022-05-08T22:14:18.2767745+02:00","Properties":[{"Key":{"Id":"ExecutionId","Label":"ExecutionId","Category":"","Description":"","Attributes":1,"ValueType":"System.Guid"},"Value":"00000000-0000-0000-0000-000000000000"},{"Key":{"Id":"ParentExecId","Label":"ParentExecId","Category":"","Description":"","Attributes":1,"ValueType":"System.Guid"},"Value":"00000000-0000-0000-0000-000000000000"},{"Key":{"Id":"InnerResultsCount","Label":"InnerResultsCount","Category":"","Description":"","Attributes":1,"ValueType":"System.Int32"},"Value":0}]},{"TestCase":{"Id":"70477f3d-6c1e-5d64-3b70-eedc0411ee4a","FullyQualifiedName":"RomanNumerals.Tests.FromRomanBadInput.test_too_many_repeated_numerals","DisplayName":"test_too_many_repeated_numerals","ExecutorUri":"executor://MSTestAdapter/v2","Source":"C:\\Users\\zangi\\Programmering\\IT-säkerhet högskolan dalarna\\GMI2J3 Mjukvarutestning 1\\Laboration 2\\2.3\\RomanNumerals.Tests\\bin\\Debug\\net6.0\\fine-code-coverage\\build-output\\RomanNumerals.Tests.dll","CodeFilePath":null,"LineNumber":-1,"Properties":[{"Key":{"Id":"TestCase.ManagedType","Label":"ManagedType","Category":"","Description":"","Attributes":1,"ValueType":"System.String"},"Value":"RomanNumerals.Tests.FromRomanBadInput"},{"Key":{"Id":"TestCase.ManagedMethod","Label":"ManagedMethod","Category":"","Description":"","Attributes":1,"ValueType":"System.String"},"Value":"test_too_many_repeated_numerals"},{"Key":{"Id":"MSTestDiscoverer.TestClassName","Label":"ClassName","Category":"","Description":"","Attributes":1,"ValueType":"System.String"},"Value":"RomanNumerals.Tests.FromRomanBadInput"},{"Key":{"Id":"TestCase.Hierarchy","Label":"Hierarchy","Category":"","Description":"","Attributes":2,"ValueType":"System.String[]"},"Value":["RomanNumerals.Tests","FromRomanBadInput"]},{"Key":{"Id":"TestObject.Traits","Label":"Traits","Category":"","Description":"","Attributes":5,"ValueType":"System.Collections.Generic.KeyValuePair`2[[System.String],[System.String]][]"},"Value":[]}]},"Attachments":[],"Outcome":1,"ErrorMessage":null,"ErrorStackTrace":null,"DisplayName":"test_too_many_repeated_numerals","Messages":[],"ComputerName":null,"Duration":"00:00:00.0004904","StartTime":"2022-05-08T22:14:18.2789428+02:00","EndTime":"2022-05-08T22:14:18.2796736+02:00","Properties":[{"Key":{"Id":"ExecutionId","Label":"ExecutionId","Category":"","Description":"","Attributes":1,"ValueType":"System.Guid"},"Value":"00000000-0000-0000-0000-000000000000"},{"Key":{"Id":"ParentExecId","Label":"ParentExecId","Category":"","Description":"","Attributes":1,"ValueType":"System.Guid"},"Value":"00000000-0000-0000-0000-000000000000"},{"Key":{"Id":"InnerResultsCount","Label":"InnerResultsCount","Category":"","Description":"","Attributes":1,"ValueType":"System.Int32"},"Value":0}]},{"TestCase":{"Id":"0eda758a-a256-a59c-71c8-9cea925bc945","FullyQualifiedName":"RomanNumerals.Tests.FromRomanBadInput.test_lower_case","DisplayName":"test_lower_case","ExecutorUri":"executor://MSTestAdapter/v2","Source":"C:\\Users\\zangi\\Programmering\\IT-säkerhet högskolan dalarna\\GMI2J3 Mjukvarutestning 1\\Laboration 2\\2.3\\RomanNumerals.Tests\\bin\\Debug\\net6.0\\fine-code-coverage\\build-output\\RomanNumerals.Tests.dll","CodeFilePath":null,"LineNumber":-1,"Properties":[{"Key":{"Id":"TestCase.ManagedType","Label":"ManagedType","Category":"","Description":"","Attributes":1,"ValueType":"System.String"},"Value":"RomanNumerals.Tests.FromRomanBadInput"},{"Key":{"Id":"TestCase.ManagedMethod","Label":"ManagedMethod","Category":"","Description":"","Attributes":1,"ValueType":"System.String"},"Value":"test_lower_case"},{"Key":{"Id":"MSTestDiscoverer.TestClassName","Label":"ClassName","Category":"","Description":"","Attributes":1,"ValueType":"System.String"},"Value":"RomanNumerals.Tests.FromRomanBadInput"},{"Key":{"Id":"TestCase.Hierarchy","Label":"Hierarchy","Category":"","Description":"","Attributes":2,"ValueType":"System.String[]"},"Value":["RomanNumerals.Tests","FromRomanBadInput"]},{"Key":{"Id":"TestObject.Traits","Label":"Traits","Category":"","Description":"","Attributes":5,"ValueType":"System.Collections.Generic.KeyValuePair`2[[System.String],[System.String]][]"},"Value":[]}]},"Attachments":[],"Outcome":1,"ErrorMessage":null,"ErrorStackTrace":null,"DisplayName":"test_lower_case","Messages":[],"ComputerName":null,"Duration":"00:00:00.0005943","StartTime":"2022-05-08T22:14:18.2819534+02:00","EndTime":"2022-05-08T22:14:18.2827061+02:00","Properties":[{"Key":{"Id":"ExecutionId","Label":"ExecutionId","Category":"","Description":"","Attributes":1,"ValueType":"System.Guid"},"Value":"00000000-0000-0000-0000-000000000000"},{"Key":{"Id":"ParentExecId","Label":"ParentExecId","Category":"","Description":"","Attributes":1,"ValueType":"System.Guid"},"Value":"00000000-0000-0000-0000-000000000000"},{"Key":{"Id":"InnerResultsCount","Label":"InnerResultsCount","Category":"","Description":"","Attributes":1,"ValueType":"System.Int32"},"Value":0}]},{"TestCase":{"Id":"de422295-c228-30a1-c963-4171c68d82cc","FullyQualifiedName":"RomanNumerals.Tests.FromRomanBadInput.test_invalid_character","DisplayName":"test_invalid_character","ExecutorUri":"executor://MSTestAdapter/v2","Source":"C:\\Users\\zangi\\Programmering\\IT-säkerhet högskolan dalarna\\GMI2J3 Mjukvarutestning 1\\Laboration 2\\2.3\\RomanNumerals.Tests\\bin\\Debug\\net6.0\\fine-code-coverage\\build-output\\RomanNumerals.Tests.dll","CodeFilePath":null,"LineNumber":-1,"Properties":[{"Key":{"Id":"TestCase.ManagedType","Label":"ManagedType","Category":"","Description":"","Attributes":1,"ValueType":"System.String"},"Value":"RomanNumerals.Tests.FromRomanBadInput"},{"Key":{"Id":"TestCase.ManagedMethod","Label":"ManagedMethod","Category":"","Description":"","Attributes":1,"ValueType":"System.String"},"Value":"test_invalid_character"},{"Key":{"Id":"MSTestDiscoverer.TestClassName","Label":"ClassName","Category":"","Description":"","Attributes":1,"ValueType":"System.String"},"Value":"RomanNumerals.Tests.FromRomanBadInput"},{"Key":{"Id":"TestCase.Hierarchy","Label":"Hierarchy","Category":"","Description":"","Attributes":2,"ValueType":"System.String[]"},"Value":["RomanNumerals.Tests","FromRomanBadInput"]},{"Key":{"Id":"TestObject.Traits","Label":"Traits","Category":"","Description":"","Attributes":5,"ValueType":"System.Collections.Generic.KeyValuePair`2[[System.String],[System.String]][]"},"Value":[]}]},"Attachments":[],"Outcome":1,"ErrorMessage":null,"ErrorStackTrace":null,"DisplayName":"test_invalid_character","Messages":[],"ComputerName":null,"Duration":"00:00:00.0004241","StartTime":"2022-05-08T22:14:18.2847806+02:00","EndTime":"2022-05-08T22:14:18.2853781+02:00","Properties":[{"Key":{"Id":"ExecutionId","Label":"ExecutionId","Category":"","Description":"","Attributes":1,"ValueType":"System.Guid"},"Value":"00000000-0000-0000-0000-000000000000"},{"Key":{"Id":"ParentExecId","Label":"ParentExecId","Category":"","Description":"","Attributes":1,"ValueType":"System.Guid"},"Value":"00000000-0000-0000-0000-000000000000"},{"Key":{"Id":"InnerResultsCount","Label":"InnerResultsCount","Category":"","Description":"","Attributes":1,"ValueType":"System.Int32"},"Value":0}]},{"TestCase":{"Id":"b889a10e-7c10-84e2-06c0-f930cec05d7e","FullyQualifiedName":"RomanNumerals.Tests.RoundTripCheck.test_roundtrip","DisplayName":"test_roundtrip","ExecutorUri":"executor://MSTestAdapter/v2","Source":"C:\\Users\\zangi\\Programmering\\IT-säkerhet högskolan dalarna\\GMI2J3 Mjukvarutestning 1\\Laboration 2\\2.3\\RomanNumerals.Tests\\bin\\Debug\\net6.0\\fine-code-coverage\\build-output\\RomanNumerals.Tests.dll","CodeFilePath":null,"LineNumber":-1,"Properties":[{"Key":{"Id":"TestCase.ManagedType","Label":"ManagedType","Category":"","Description":"","Attributes":1,"ValueType":"System.String"},"Value":"RomanNumerals.Tests.RoundTripCheck"},{"Key":{"Id":"TestCase.ManagedMethod","Label":"ManagedMethod","Category":"","Description":"","Attributes":1,"ValueType":"System.String"},"Value":"test_roundtrip"},{"Key":{"Id":"MSTestDiscoverer.TestClassName","Label":"ClassName","Category":"","Description":"","Attributes":1,"ValueType":"System.String"},"Value":"RomanNumerals.Tests.RoundTripCheck"},{"Key":{"Id":"TestCase.Hierarchy","Label":"Hierarchy","Category":"","Description":"","Attributes":2,"ValueType":"System.String[]"},"Value":["RomanNumerals.Tests","RoundTripCheck"]},{"Key":{"Id":"TestObject.Traits","Label":"Traits","Category":"","Description":"","Attributes":5,"ValueType":"System.Collections.Generic.KeyValuePair`2[[System.String],[System.String]][]"},"Value":[]}]},"Attachments":[],"Outcome":1,"ErrorMessage":null,"ErrorStackTrace":null,"DisplayName":"test_roundtrip","Messages":[],"ComputerName":null,"Duration":"00:00:00.0004884","StartTime":"2022-05-08T22:14:18.2875586+02:00","EndTime":"2022-05-08T22:14:18.288258+02:00","Properties":[{"Key":{"Id":"ExecutionId","Label":"ExecutionId","Category":"","Description":"","Attributes":1,"ValueType":"System.Guid"},"Value":"00000000-0000-0000-0000-000000000000"},{"Key":{"Id":"ParentExecId","Label":"ParentExecId","Category":"","Description":"","Attributes":1,"ValueType":"System.Guid"},"Value":"00000000-0000-0000-0000-000000000000"},{"Key":{"Id":"InnerResultsCount","Label":"InnerResultsCount","Category":"","Description":"","Attributes":1,"ValueType":"System.Int32"},"Value":0}]},{"TestCase":{"Id":"5eb9cb6a-75ed-12c8-3753-1d96ded93e79","FullyQualifiedName":"RomanNumerals.Tests.TestKnownValues.test_to_known_values","DisplayName":"test_to_known_values (V,5)","ExecutorUri":"executor://MSTestAdapter/v2","Source":"C:\\Users\\zangi\\Programmering\\IT-säkerhet högskolan dalarna\\GMI2J3 Mjukvarutestning 1\\Laboration 2\\2.3\\RomanNumerals.Tests\\bin\\Debug\\net6.0\\fine-code-coverage\\build-output\\RomanNumerals.Tests.dll","CodeFilePath":null,"LineNumber":-1,"Properties":[{"Key":{"Id":"TestCase.ManagedType","Label":"ManagedType","Category":"","Description":"","Attributes":1,"ValueType":"System.String"},"Value":"RomanNumerals.Tests.TestKnownValues"},{"Key":{"Id":"TestCase.ManagedMethod","Label":"ManagedMethod","Category":"","Description":"","Attributes":1,"ValueType":"System.String"},"Value":"test_to_known_values(System.String,System.Int32)"},{"Key":{"Id":"MSTestDiscoverer.TestClassName","Label":"ClassName","Category":"","Description":"","Attributes":1,"ValueType":"System.String"},"Value":"RomanNumerals.Tests.TestKnownValues"},{"Key":{"Id":"TestCase.Hierarchy","Label":"Hierarchy","Category":"","Description":"","Attributes":2,"ValueType":"System.String[]"},"Value":["RomanNumerals.Tests","TestKnownValues"]},{"Key":{"Id":"TestObject.Traits","Label":"Traits","Category":"","Description":"","Attributes":5,"ValueType":"System.Collections.Generic.KeyValuePair`2[[System.String],[System.String]][]"},"Value":[]},{"Key":{"Id":"MSTest.DynamicDataType","Label":"DynamicDataType","Category":"","Description":"","Attributes":1,"ValueType":"System.Int32"},"Value":2},{"Key":{"Id":"MSTest.DynamicData","Label":"DynamicData","Category":"","Description":"","Attributes":1,"ValueType":"System.String[]"},"Value":["System.String, System.Private.CoreLib, Version=6.0.0.0, Culture=neutral, PublicKeyToken=7cec85d7bea7798e","\"V\"","System.Int32, System.Private.CoreLib, Version=6.0.0.0, Culture=neutral, PublicKeyToken=7cec85d7bea7798e","5"]}]},"Attachments":[],"Outcome":1,"ErrorMessage":null,"ErrorStackTrace":null,"DisplayName":"test_to_known_values (V,5)","Messages":[],"ComputerName":null,"Duration":"00:00:00.0001257","StartTime":"2022-05-08T22:14:18.2935661+02:00","EndTime":"2022-05-08T22:14:18.2981401+02:00","Properties":[{"Key":{"Id":"ExecutionId","Label":"ExecutionId","Category":"","Description":"","Attributes":1,"ValueType":"System.Guid"},"Value":"00000000-0000-0000-0000-000000000000"},{"Key":{"Id":"ParentExecId","Label":"ParentExecId","Category":"","Description":"","Attributes":1,"ValueType":"System.Guid"},"Value":"00000000-0000-0000-0000-000000000000"},{"Key":{"Id":"InnerResultsCount","Label":"InnerResultsCount","Category":"","Description":"","Attributes":1,"ValueType":"System.Int32"},"Value":0}]},{"TestCase":{"Id":"019db49a-58d4-1cd8-1073-144e3818238b","FullyQualifiedName":"RomanNumerals.Tests.TestKnownValues.test_to_known_values","DisplayName":"test_to_known_values (X,10)","ExecutorUri":"executor://MSTestAdapter/v2","Source":"C:\\Users\\zangi\\Programmering\\IT-säkerhet högskolan dalarna\\GMI2J3 Mjukvarutestning 1\\Laboration 2\\2.3\\RomanNumerals.Tests\\bin\\Debug\\net6.0\\fine-code-coverage\\build-output\\RomanNumerals.Tests.dll","CodeFilePath":null,"LineNumber":-1,"Properties":[{"Key":{"Id":"TestCase.ManagedType","Label":"ManagedType","Category":"","Description":"","Attributes":1,"ValueType":"System.String"},"Value":"RomanNumerals.Tests.TestKnownValues"},{"Key":{"Id":"TestCase.ManagedMethod","Label":"ManagedMethod","Category":"","Description":"","Attributes":1,"ValueType":"System.String"},"Value":"test_to_known_values(System.String,System.Int32)"},{"Key":{"Id":"MSTestDiscoverer.TestClassName","Label":"ClassName","Category":"","Description":"","Attributes":1,"ValueType":"System.String"},"Value":"RomanNumerals.Tests.TestKnownValues"},{"Key":{"Id":"TestCase.Hierarchy","Label":"Hierarchy","Category":"","Description":"","Attributes":2,"ValueType":"System.String[]"},"Value":["RomanNumerals.Tests","TestKnownValues"]},{"Key":{"Id":"TestObject.Traits","Label":"Traits","Category":"","Description":"","Attributes":5,"ValueType":"System.Collections.Generic.KeyValuePair`2[[System.String],[System.String]][]"},"Value":[]},{"Key":{"Id":"MSTest.DynamicDataType","Label":"DynamicDataType","Category":"","Description":"","Attributes":1,"ValueType":"System.Int32"},"Value":2},{"Key":{"Id":"MSTest.DynamicData","Label":"DynamicData","Category":"","Description":"","Attributes":1,"ValueType":"System.String[]"},"Value":["System.String, System.Private.CoreLib, Version=6.0.0.0, Culture=neutral, PublicKeyToken=7cec85d7bea7798e","\"X\"","System.Int32, System.Private.CoreLib, Version=6.0.0.0, Culture=neutral, PublicKeyToken=7cec85d7bea7798e","10"]}]},"Attachments":[],"Outcome":1,"ErrorMessage":null,"ErrorStackTrace":null,"DisplayName":"test_to_known_values (X,10)","Messages":[],"ComputerName":null,"Duration":"00:00:00.0000177","StartTime":"2022-05-08T22:14:18.3006894+02:00","EndTime":"2022-05-08T22:14:18.3009096+02:00","Properties":[{"Key":{"Id":"ExecutionId","Label":"ExecutionId","Category":"","Description":"","Attributes":1,"ValueType":"System.Guid"},"Value":"00000000-0000-0000-0000-000000000000"},{"Key":{"Id":"ParentExecId","Label":"ParentExecId","Category":"","Description":"","Attributes":1,"ValueType":"System.Guid"},"Value":"00000000-0000-0000-0000-000000000000"},{"Key":{"Id":"InnerResultsCount","Label":"InnerResultsCount","Category":"","Description":"","Attributes":1,"ValueType":"System.Int32"},"Value":0}]}],"TestRunStatistics":{"ExecutedTests":9,"Stats":{"Passed":9}},"ActiveTests":[{"Id":"2c0ccc26-271c-a549-e127-0019e891cdbf","FullyQualifiedName":"RomanNumerals.Tests.TestKnownValues.test_to_known_values","DisplayName":"test_to_known_values (MCMX,1910)","ExecutorUri":"executor://MSTestAdapter/v2","Source":"C:\\Users\\zangi\\Programmering\\IT-säkerhet högskolan dalarna\\GMI2J3 Mjukvarutestning 1\\Laboration 2\\2.3\\RomanNumerals.Tests\\bin\\Debug\\net6.0\\fine-code-coverage\\build-output\\RomanNumerals.Tests.dll","CodeFilePath":null,"LineNumber":-1,"Properties":[{"Key":{"Id":"TestCase.ManagedType","Label":"ManagedType","Category":"","Description":"","Attributes":1,"ValueType":"System.String"},"Value":"RomanNumerals.Tests.TestKnownValues"},{"Key":{"Id":"TestCase.ManagedMethod","Label":"ManagedMethod","Category":"","Description":"","Attributes":1,"ValueType":"System.String"},"Value":"test_to_known_values(System.String,System.Int32)"},{"Key":{"Id":"MSTestDiscoverer.TestClassName","Label":"ClassName","Category":"","Description":"","Attributes":1,"ValueType":"System.String"},"Value":"RomanNumerals.Tests.TestKnownValues"},{"Key":{"Id":"TestCase.Hierarchy","Label":"Hierarchy","Category":"","Description":"","Attributes":2,"ValueType":"System.String[]"},"Value":["RomanNumerals.Tests","TestKnownValues"]},{"Key":{"Id":"TestObject.Traits","Label":"Traits","Category":"","Description":"","Attributes":5,"ValueType":"System.Collections.Generic.KeyValuePair`2[[System.String],[System.String]][]"},"Value":[]},{"Key":{"Id":"MSTest.DynamicDataType","Label":"DynamicDataType","Category":"","Description":"","Attributes":1,"ValueType":"System.Int32"},"Value":2},{"Key":{"Id":"MSTest.DynamicData","Label":"DynamicData","Category":"","Description":"","Attributes":1,"ValueType":"System.String[]"},"Value":["System.String, System.Private.CoreLib, Version=6.0.0.0, Culture=neutral, PublicKeyToken=7cec85d7bea7798e","\"MCMX\"","System.Int32, System.Private.CoreLib, Version=6.0.0.0, Culture=neutral, PublicKeyToken=7cec85d7bea7798e","1910"]}]}]}}
TpTrace Verbose: 0 : 25492, 14, 2022/05/08, 22:14:18.374, 313872320070, vstest.console.dll, TestRunRequest:SendTestRunStatsChange: Starting.
TpTrace Verbose: 0 : 25492, 14, 2022/05/08, 22:14:18.374, 313872321231, vstest.console.dll, InProgress is test_to_known_values (MCMX,1910)
TpTrace Information: 0 : 25492, 14, 2022/05/08, 22:14:18.375, 313872322656, vstest.console.dll, TestRunRequest:SendTestRunStatsChange: Completed.
TpTrace Verbose: 0 : 25492, 14, 2022/05/08, 22:14:18.375, 313872323029, vstest.console.dll, TcpClientExtensions.MessageLoopAsync: Polling on remoteEndPoint: 127.0.0.1:49745 localEndPoint: 127.0.0.1:49744
TpTrace Verbose: 0 : 25492, 14, 2022/05/08, 22:14:18.375, 313872323385, vstest.console.dll, TcpClientExtensions.MessageLoopAsync: NotifyDataAvailable remoteEndPoint: 127.0.0.1:49745 localEndPoint: 127.0.0.1:49744
TpTrace Verbose: 0 : 25492, 14, 2022/05/08, 22:14:18.375, 313872326248, vstest.console.dll, TestRequestSender.OnExecutionMessageReceived: Received message: {"Version":5,"MessageType":"TestExecution.Completed","Payload":{"TestRunCompleteArgs":{"TestRunStatistics":{"ExecutedTests":17,"Stats":{"Passed":17}},"IsCanceled":false,"IsAborted":false,"Error":null,"AttachmentSets":[],"ElapsedTimeInRunningTests":"00:00:00.2512948","Metrics":{}},"LastRunTests":{"NewTestResults":[{"TestCase":{"Id":"2c0ccc26-271c-a549-e127-0019e891cdbf","FullyQualifiedName":"RomanNumerals.Tests.TestKnownValues.test_to_known_values","DisplayName":"test_to_known_values (MCMX,1910)","ExecutorUri":"executor://MSTestAdapter/v2","Source":"C:\\Users\\zangi\\Programmering\\IT-säkerhet högskolan dalarna\\GMI2J3 Mjukvarutestning 1\\Laboration 2\\2.3\\RomanNumerals.Tests\\bin\\Debug\\net6.0\\fine-code-coverage\\build-output\\RomanNumerals.Tests.dll","CodeFilePath":null,"LineNumber":-1,"Properties":[{"Key":{"Id":"TestCase.ManagedType","Label":"ManagedType","Category":"","Description":"","Attributes":1,"ValueType":"System.String"},"Value":"RomanNumerals.Tests.TestKnownValues"},{"Key":{"Id":"TestCase.ManagedMethod","Label":"ManagedMethod","Category":"","Description":"","Attributes":1,"ValueType":"System.String"},"Value":"test_to_known_values(System.String,System.Int32)"},{"Key":{"Id":"MSTestDiscoverer.TestClassName","Label":"ClassName","Category":"","Description":"","Attributes":1,"ValueType":"System.String"},"Value":"RomanNumerals.Tests.TestKnownValues"},{"Key":{"Id":"TestCase.Hierarchy","Label":"Hierarchy","Category":"","Description":"","Attributes":2,"ValueType":"System.String[]"},"Value":["RomanNumerals.Tests","TestKnownValues"]},{"Key":{"Id":"TestObject.Traits","Label":"Traits","Category":"","Description":"","Attributes":5,"ValueType":"System.Collections.Generic.KeyValuePair`2[[System.String],[System.String]][]"},"Value":[]},{"Key":{"Id":"MSTest.DynamicDataType","Label":"DynamicDataType","Category":"","Description":"","Attributes":1,"ValueType":"System.Int32"},"Value":2},{"Key":{"Id":"MSTest.DynamicData","Label":"DynamicData","Category":"","Description":"","Attributes":1,"ValueType":"System.String[]"},"Value":["System.String, System.Private.CoreLib, Version=6.0.0.0, Culture=neutral, PublicKeyToken=7cec85d7bea7798e","\"MCMX\"","System.Int32, System.Private.CoreLib, Version=6.0.0.0, Culture=neutral, PublicKeyToken=7cec85d7bea7798e","1910"]}]},"Attachments":[],"Outcome":1,"ErrorMessage":null,"ErrorStackTrace":null,"DisplayName":"test_to_known_values (MCMX,1910)","Messages":[],"ComputerName":null,"Duration":"00:00:00.0000385","StartTime":"2022-05-08T22:14:18.3267668+02:00","EndTime":"2022-05-08T22:14:18.3270058+02:00","Properties":[{"Key":{"Id":"ExecutionId","Label":"ExecutionId","Category":"","Description":"","Attributes":1,"ValueType":"System.Guid"},"Value":"00000000-0000-0000-0000-000000000000"},{"Key":{"Id":"ParentExecId","Label":"ParentExecId","Category":"","Description":"","Attributes":1,"ValueType":"System.Guid"},"Value":"00000000-0000-0000-0000-000000000000"},{"Key":{"Id":"InnerResultsCount","Label":"InnerResultsCount","Category":"","Description":"","Attributes":1,"ValueType":"System.Int32"},"Value":0}]},{"TestCase":{"Id":"ed78d4fe-486f-e938-96c9-0bad3953bc18","FullyQualifiedName":"RomanNumerals.Tests.TestKnownValues.test_from_known_values","DisplayName":"test_from_known_values (5,V)","ExecutorUri":"executor://MSTestAdapter/v2","Source":"C:\\Users\\zangi\\Programmering\\IT-säkerhet högskolan dalarna\\GMI2J3 Mjukvarutestning 1\\Laboration 2\\2.3\\RomanNumerals.Tests\\bin\\Debug\\net6.0\\fine-code-coverage\\build-output\\RomanNumerals.Tests.dll","CodeFilePath":null,"LineNumber":-1,"Properties":[{"Key":{"Id":"TestCase.ManagedType","Label":"ManagedType","Category":"","Description":"","Attributes":1,"ValueType":"System.String"},"Value":"RomanNumerals.Tests.TestKnownValues"},{"Key":{"Id":"TestCase.ManagedMethod","Label":"ManagedMethod","Category":"","Description":"","Attributes":1,"ValueType":"System.String"},"Value":"test_from_known_values(System.Int32,System.String)"},{"Key":{"Id":"MSTestDiscoverer.TestClassName","Label":"ClassName","Category":"","Description":"","Attributes":1,"ValueType":"System.String"},"Value":"RomanNumerals.Tests.TestKnownValues"},{"Key":{"Id":"TestCase.Hierarchy","Label":"Hierarchy","Category":"","Description":"","Attributes":2,"ValueType":"System.String[]"},"Value":["RomanNumerals.Tests","TestKnownValues"]},{"Key":{"Id":"TestObject.Traits","Label":"Traits","Category":"","Description":"","Attributes":5,"ValueType":"System.Collections.Generic.KeyValuePair`2[[System.String],[System.String]][]"},"Value":[]},{"Key":{"Id":"MSTest.DynamicDataType","Label":"DynamicDataType","Category":"","Description":"","Attributes":1,"ValueType":"System.Int32"},"Value":2},{"Key":{"Id":"MSTest.DynamicData","Label":"DynamicData","Category":"","Description":"","Attributes":1,"ValueType":"System.String[]"},"Value":["System.Int32, System.Private.CoreLib, Version=6.0.0.0, Culture=neutral, PublicKeyToken=7cec85d7bea7798e","5","System.String, System.Private.CoreLib, Version=6.0.0.0, Culture=neutral, PublicKeyToken=7cec85d7bea7798e","\"V\""]}]},"Attachments":[],"Outcome":1,"ErrorMessage":null,"ErrorStackTrace":null,"DisplayName":"test_from_known_values (5,V)","Messages":[],"ComputerName":null,"Duration":"00:00:00.0003866","StartTime":"2022-05-08T22:14:18.329503+02:00","EndTime":"2022-05-08T22:14:18.3301048+02:00","Properties":[{"Key":{"Id":"ExecutionId","Label":"ExecutionId","Category":"","Description":"","Attributes":1,"ValueType":"System.Guid"},"Value":"00000000-0000-0000-0000-000000000000"},{"Key":{"Id":"ParentExecId","Label":"ParentExecId","Category":"","Description":"","Attributes":1,"ValueType":"System.Guid"},"Value":"00000000-0000-0000-0000-000000000000"},{"Key":{"Id":"InnerResultsCount","Label":"InnerResultsCount","Category":"","Description":"","Attributes":1,"ValueType":"System.Int32"},"Value":0}]},{"TestCase":{"Id":"c22824c0-ffe7-8116-d68f-753a8dd36d95","FullyQualifiedName":"RomanNumerals.Tests.TestKnownValues.test_from_known_values","DisplayName":"test_from_known_values (10,X)","ExecutorUri":"executor://MSTestAdapter/v2","Source":"C:\\Users\\zangi\\Programmering\\IT-säkerhet högskolan dalarna\\GMI2J3 Mjukvarutestning 1\\Laboration 2\\2.3\\RomanNumerals.Tests\\bin\\Debug\\net6.0\\fine-code-coverage\\build-output\\RomanNumerals.Tests.dll","CodeFilePath":null,"LineNumber":-1,"Properties":[{"Key":{"Id":"TestCase.ManagedType","Label":"ManagedType","Category":"","Description":"","Attributes":1,"ValueType":"System.String"},"Value":"RomanNumerals.Tests.TestKnownValues"},{"Key":{"Id":"TestCase.ManagedMethod","Label":"ManagedMethod","Category":"","Description":"","Attributes":1,"ValueType":"System.String"},"Value":"test_from_known_values(System.Int32,System.String)"},{"Key":{"Id":"MSTestDiscoverer.TestClassName","Label":"ClassName","Category":"","Description":"","Attributes":1,"ValueType":"System.String"},"Value":"RomanNumerals.Tests.TestKnownValues"},{"Key":{"Id":"TestCase.Hierarchy","Label":"Hierarchy","Category":"","Description":"","Attributes":2,"ValueType":"System.String[]"},"Value":["RomanNumerals.Tests","TestKnownValues"]},{"Key":{"Id":"TestObject.Traits","Label":"Traits","Category":"","Description":"","Attributes":5,"ValueType":"System.Collections.Generic.KeyValuePair`2[[System.String],[System.String]][]"},"Value":[]},{"Key":{"Id":"MSTest.DynamicDataType","Label":"DynamicDataType","Category":"","Description":"","Attributes":1,"ValueType":"System.Int32"},"Value":2},{"Key":{"Id":"MSTest.DynamicData","Label":"DynamicData","Category":"","Description":"","Attributes":1,"ValueType":"System.String[]"},"Value":["System.Int32, System.Private.CoreLib, Version=6.0.0.0, Culture=neutral, PublicKeyToken=7cec85d7bea7798e","10","System.String, System.Private.CoreLib, Version=6.0.0.0, Culture=neutral, PublicKeyToken=7cec85d7bea7798e","\"X\""]}]},"Attachments":[],"Outcome":1,"ErrorMessage":null,"ErrorStackTrace":null,"DisplayName":"test_from_known_values (10,X)","Messages":[],"ComputerName":null,"Duration":"00:00:00.0000081","StartTime":"2022-05-08T22:14:18.3324549+02:00","EndTime":"2022-05-08T22:14:18.3326488+02:00","Properties":[{"Key":{"Id":"ExecutionId","Label":"ExecutionId","Category":"","Description":"","Attributes":1,"ValueType":"System.Guid"},"Value":"00000000-0000-0000-0000-000000000000"},{"Key":{"Id":"ParentExecId","Label":"ParentExecId","Category":"","Description":"","Attributes":1,"ValueType":"System.Guid"},"Value":"00000000-0000-0000-0000-000000000000"},{"Key":{"Id":"InnerResultsCount","Label":"InnerResultsCount","Category":"","Description":"","Attributes":1,"ValueType":"System.Int32"},"Value":0}]},{"TestCase":{"Id":"c0dece89-accd-6d51-e71d-29a9dcdaa41e","FullyQualifiedName":"RomanNumerals.Tests.TestKnownValues.test_from_known_values","DisplayName":"test_from_known_values (1910,MCMX)","ExecutorUri":"executor://MSTestAdapter/v2","Source":"C:\\Users\\zangi\\Programmering\\IT-säkerhet högskolan dalarna\\GMI2J3 Mjukvarutestning 1\\Laboration 2\\2.3\\RomanNumerals.Tests\\bin\\Debug\\net6.0\\fine-code-coverage\\build-output\\RomanNumerals.Tests.dll","CodeFilePath":null,"LineNumber":-1,"Properties":[{"Key":{"Id":"TestCase.ManagedType","Label":"ManagedType","Category":"","Description":"","Attributes":1,"ValueType":"System.String"},"Value":"RomanNumerals.Tests.TestKnownValues"},{"Key":{"Id":"TestCase.ManagedMethod","Label":"ManagedMethod","Category":"","Description":"","Attributes":1,"ValueType":"System.String"},"Value":"test_from_known_values(System.Int32,System.String)"},{"Key":{"Id":"MSTestDiscoverer.TestClassName","Label":"ClassName","Category":"","Description":"","Attributes":1,"ValueType":"System.String"},"Value":"RomanNumerals.Tests.TestKnownValues"},{"Key":{"Id":"TestCase.Hierarchy","Label":"Hierarchy","Category":"","Description":"","Attributes":2,"ValueType":"System.String[]"},"Value":["RomanNumerals.Tests","TestKnownValues"]},{"Key":{"Id":"TestObject.Traits","Label":"Traits","Category":"","Description":"","Attributes":5,"ValueType":"System.Collections.Generic.KeyValuePair`2[[System.String],[System.String]][]"},"Value":[]},{"Key":{"Id":"MSTest.DynamicDataType","Label":"DynamicDataType","Category":"","Description":"","Attributes":1,"ValueType":"System.Int32"},"Value":2},{"Key":{"Id":"MSTest.DynamicData","Label":"DynamicData","Category":"","Description":"","Attributes":1,"ValueType":"System.String[]"},"Value":["System.Int32, System.Private.CoreLib, Version=6.0.0.0, Culture=neutral, PublicKeyToken=7cec85d7bea7798e","1910","System.String, System.Private.CoreLib, Version=6.0.0.0, Culture=neutral, PublicKeyToken=7cec85d7bea7798e","\"MCMX\""]}]},"Attachments":[],"Outcome":1,"ErrorMessage":null,"ErrorStackTrace":null,"DisplayName":"test_from_known_values (1910,MCMX)","Messages":[],"ComputerName":null,"Duration":"00:00:00.0000098","StartTime":"2022-05-08T22:14:18.334885+02:00","EndTime":"2022-05-08T22:14:18.3351004+02:00","Properties":[{"Key":{"Id":"ExecutionId","Label":"ExecutionId","Category":"","Description":"","Attributes":1,"ValueType":"System.Guid"},"Value":"00000000-0000-0000-0000-000000000000"},{"Key":{"Id":"ParentExecId","Label":"ParentExecId","Category":"","Description":"","Attributes":1,"ValueType":"System.Guid"},"Value":"00000000-0000-0000-0000-000000000000"},{"Key":{"Id":"InnerResultsCount","Label":"InnerResultsCount","Category":"","Description":"","Attributes":1,"ValueType":"System.Int32"},"Value":0}]},{"TestCase":{"Id":"3bd5418f-cfe2-04e4-728b-b999f7a026af","FullyQualifiedName":"RomanNumerals.Tests.ToRomanBadInput.ReturnArgumentOutOfRange","DisplayName":"ReturnArgumentOutOfRange (0)","ExecutorUri":"executor://MSTestAdapter/v2","Source":"C:\\Users\\zangi\\Programmering\\IT-säkerhet högskolan dalarna\\GMI2J3 Mjukvarutestning 1\\Laboration 2\\2.3\\RomanNumerals.Tests\\bin\\Debug\\net6.0\\fine-code-coverage\\build-output\\RomanNumerals.Tests.dll","CodeFilePath":null,"LineNumber":-1,"Properties":[{"Key":{"Id":"TestCase.ManagedType","Label":"ManagedType","Category":"","Description":"","Attributes":1,"ValueType":"System.String"},"Value":"RomanNumerals.Tests.ToRomanBadInput"},{"Key":{"Id":"TestCase.ManagedMethod","Label":"ManagedMethod","Category":"","Description":"","Attributes":1,"ValueType":"System.String"},"Value":"ReturnArgumentOutOfRange(System.Int32)"},{"Key":{"Id":"MSTestDiscoverer.TestClassName","Label":"ClassName","Category":"","Description":"","Attributes":1,"ValueType":"System.String"},"Value":"RomanNumerals.Tests.ToRomanBadInput"},{"Key":{"Id":"TestCase.Hierarchy","Label":"Hierarchy","Category":"","Description":"","Attributes":2,"ValueType":"System.String[]"},"Value":["RomanNumerals.Tests","ToRomanBadInput"]},{"Key":{"Id":"TestObject.Traits","Label":"Traits","Category":"","Description":"","Attributes":5,"ValueType":"System.Collections.Generic.KeyValuePair`2[[System.String],[System.String]][]"},"Value":[]},{"Key":{"Id":"MSTest.DynamicDataType","Label":"DynamicDataType","Category":"","Description":"","Attributes":1,"ValueType":"System.Int32"},"Value":2},{"Key":{"Id":"MSTest.DynamicData","Label":"DynamicData","Category":"","Description":"","Attributes":1,"ValueType":"System.String[]"},"Value":["System.Int32, System.Private.CoreLib, Version=6.0.0.0, Culture=neutral, PublicKeyToken=7cec85d7bea7798e","0"]}]},"Attachments":[],"Outcome":1,"ErrorMessage":null,"ErrorStackTrace":null,"DisplayName":"ReturnArgumentOutOfRange (0)","Messages":[],"ComputerName":null,"Duration":"00:00:00.0004675","StartTime":"2022-05-08T22:14:18.3373705+02:00","EndTime":"2022-05-08T22:14:18.3382177+02:00","Properties":[{"Key":{"Id":"ExecutionId","Label":"ExecutionId","Category":"","Description":"","Attributes":1,"ValueType":"System.Guid"},"Value":"00000000-0000-0000-0000-000000000000"},{"Key":{"Id":"ParentExecId","Label":"ParentExecId","Category":"","Description":"","Attributes":1,"ValueType":"System.Guid"},"Value":"00000000-0000-0000-0000-000000000000"},{"Key":{"Id":"InnerResultsCount","Label":"InnerResultsCount","Category":"","Description":"","Attributes":1,"ValueType":"System.Int32"},"Value":0}]},{"TestCase":{"Id":"1002a8e1-04cc-fa41-93d6-6b36511aa297","FullyQualifiedName":"RomanNumerals.Tests.ToRomanBadInput.ReturnArgumentOutOfRange","DisplayName":"ReturnArgumentOutOfRange (5000)","ExecutorUri":"executor://MSTestAdapter/v2","Source":"C:\\Users\\zangi\\Programmering\\IT-säkerhet högskolan dalarna\\GMI2J3 Mjukvarutestning 1\\Laboration 2\\2.3\\RomanNumerals.Tests\\bin\\Debug\\net6.0\\fine-code-coverage\\build-output\\RomanNumerals.Tests.dll","CodeFilePath":null,"LineNumber":-1,"Properties":[{"Key":{"Id":"TestCase.ManagedType","Label":"ManagedType","Category":"","Description":"","Attributes":1,"ValueType":"System.String"},"Value":"RomanNumerals.Tests.ToRomanBadInput"},{"Key":{"Id":"TestCase.ManagedMethod","Label":"ManagedMethod","Category":"","Description":"","Attributes":1,"ValueType":"System.String"},"Value":"ReturnArgumentOutOfRange(System.Int32)"},{"Key":{"Id":"MSTestDiscoverer.TestClassName","Label":"ClassName","Category":"","Description":"","Attributes":1,"ValueType":"System.String"},"Value":"RomanNumerals.Tests.ToRomanBadInput"},{"Key":{"Id":"TestCase.Hierarchy","Label":"Hierarchy","Category":"","Description":"","Attributes":2,"ValueType":"System.String[]"},"Value":["RomanNumerals.Tests","ToRomanBadInput"]},{"Key":{"Id":"TestObject.Traits","Label":"Traits","Category":"","Description":"","Attributes":5,"ValueType":"System.Collections.Generic.KeyValuePair`2[[System.String],[System.String]][]"},"Value":[]},{"Key":{"Id":"MSTest.DynamicDataType","Label":"DynamicDataType","Category":"","Description":"","Attributes":1,"ValueType":"System.Int32"},"Value":2},{"Key":{"Id":"MSTest.DynamicData","Label":"DynamicData","Category":"","Description":"","Attributes":1,"ValueType":"System.String[]"},"Value":["System.Int32, System.Private.CoreLib, Version=6.0.0.0, Culture=neutral, PublicKeyToken=7cec85d7bea7798e","5000"]}]},"Attachments":[],"Outcome":1,"ErrorMessage":null,"ErrorStackTrace":null,"DisplayName":"ReturnArgumentOutOfRange (5000)","Messages":[],"ComputerName":null,"Duration":"00:00:00.0005260","StartTime":"2022-05-08T22:14:18.3406751+02:00","EndTime":"2022-05-08T22:14:18.3414339+02:00","Properties":[{"Key":{"Id":"ExecutionId","Label":"ExecutionId","Category":"","Description":"","Attributes":1,"ValueType":"System.Guid"},"Value":"00000000-0000-0000-0000-000000000000"},{"Key":{"Id":"ParentExecId","Label":"ParentExecId","Category":"","Description":"","Attributes":1,"ValueType":"System.Guid"},"Value":"00000000-0000-0000-0000-000000000000"},{"Key":{"Id":"InnerResultsCount","Label":"InnerResultsCount","Category":"","Description":"","Attributes":1,"ValueType":"System.Int32"},"Value":0}]},{"TestCase":{"Id":"8b76155f-9bd7-7f1d-5418-b300d5d85ae0","FullyQualifiedName":"RomanNumerals.Tests.ToRomanBadInput.TestForBadInputString","DisplayName":"TestForBadInputString","ExecutorUri":"executor://MSTestAdapter/v2","Source":"C:\\Users\\zangi\\Programmering\\IT-säkerhet högskolan dalarna\\GMI2J3 Mjukvarutestning 1\\Laboration 2\\2.3\\RomanNumerals.Tests\\bin\\Debug\\net6.0\\fine-code-coverage\\build-output\\RomanNumerals.Tests.dll","CodeFilePath":null,"LineNumber":-1,"Properties":[{"Key":{"Id":"TestCase.ManagedType","Label":"ManagedType","Category":"","Description":"","Attributes":1,"ValueType":"System.String"},"Value":"RomanNumerals.Tests.ToRomanBadInput"},{"Key":{"Id":"TestCase.ManagedMethod","Label":"ManagedMethod","Category":"","Description":"","Attributes":1,"ValueType":"System.String"},"Value":"TestForBadInputString"},{"Key":{"Id":"MSTestDiscoverer.TestClassName","Label":"ClassName","Category":"","Description":"","Attributes":1,"ValueType":"System.String"},"Value":"RomanNumerals.Tests.ToRomanBadInput"},{"Key":{"Id":"TestCase.Hierarchy","Label":"Hierarchy","Category":"","Description":"","Attributes":2,"ValueType":"System.String[]"},"Value":["RomanNumerals.Tests","ToRomanBadInput"]},{"Key":{"Id":"TestObject.Traits","Label":"Traits","Category":"","Description":"","Attributes":5,"ValueType":"System.Collections.Generic.KeyValuePair`2[[System.String],[System.String]][]"},"Value":[]}]},"Attachments":[],"Outcome":1,"ErrorMessage":null,"ErrorStackTrace":null,"DisplayName":"TestForBadInputString","Messages":[],"ComputerName":null,"Duration":"00:00:00.0004891","StartTime":"2022-05-08T22:14:18.3436403+02:00","EndTime":"2022-05-08T22:14:18.3443757+02:00","Properties":[{"Key":{"Id":"ExecutionId","Label":"ExecutionId","Category":"","Description":"","Attributes":1,"ValueType":"System.Guid"},"Value":"00000000-0000-0000-0000-000000000000"},{"Key":{"Id":"ParentExecId","Label":"ParentExecId","Category":"","Description":"","Attributes":1,"ValueType":"System.Guid"},"Value":"00000000-0000-0000-0000-000000000000"},{"Key":{"Id":"InnerResultsCount","Label":"InnerResultsCount","Category":"","Description":"","Attributes":1,"ValueType":"System.Int32"},"Value":0}]},{"TestCase":{"Id":"3dbe2525-2c6e-e543-ecd2-fa6af941ce2f","FullyQualifiedName":"RomanNumerals.Tests.ToRomanBadInput.test_negative_input","DisplayName":"test_negative_input","ExecutorUri":"executor://MSTestAdapter/v2","Source":"C:\\Users\\zangi\\Programmering\\IT-säkerhet högskolan dalarna\\GMI2J3 Mjukvarutestning 1\\Laboration 2\\2.3\\RomanNumerals.Tests\\bin\\Debug\\net6.0\\fine-code-coverage\\build-output\\RomanNumerals.Tests.dll","CodeFilePath":null,"LineNumber":-1,"Properties":[{"Key":{"Id":"TestCase.ManagedType","Label":"ManagedType","Category":"","Description":"","Attributes":1,"ValueType":"System.String"},"Value":"RomanNumerals.Tests.ToRomanBadInput"},{"Key":{"Id":"TestCase.ManagedMethod","Label":"ManagedMethod","Category":"","Description":"","Attributes":1,"ValueType":"System.String"},"Value":"test_negative_input"},{"Key":{"Id":"MSTestDiscoverer.TestClassName","Label":"ClassName","Category":"","Description":"","Attributes":1,"ValueType":"System.String"},"Value":"RomanNumerals.Tests.ToRomanBadInput"},{"Key":{"Id":"TestCase.Hierarchy","Label":"Hierarchy","Category":"","Description":"","Attributes":2,"ValueType":"System.String[]"},"Value":["RomanNumerals.Tests","ToRomanBadInput"]},{"Key":{"Id":"TestObject.Traits","Label":"Traits","Category":"","Description":"","Attributes":5,"ValueType":"System.Collections.Generic.KeyValuePair`2[[System.String],[System.String]][]"},"Value":[]}]},"Attachments":[],"Outcome":1,"ErrorMessage":null,"ErrorStackTrace":null,"DisplayName":"test_negative_input","Messages":[],"ComputerName":null,"Duration":"00:00:00.0003885","StartTime":"2022-05-08T22:14:18.3463989+02:00","EndTime":"2022-05-08T22:14:18.3469579+02:00","Properties":[{"Key":{"Id":"ExecutionId","Label":"ExecutionId","Category":"","Description":"","Attributes":1,"ValueType":"System.Guid"},"Value":"00000000-0000-0000-0000-000000000000"},{"Key":{"Id":"ParentExecId","Label":"ParentExecId","Category":"","Description":"","Attributes":1,"ValueType":"System.Guid"},"Value":"00000000-0000-0000-0000-000000000000"},{"Key":{"Id":"InnerResultsCount","Label":"InnerResultsCount","Category":"","Description":"","Attributes":1,"ValueType":"System.Int32"},"Value":0}]}],"TestRunStatistics":{"ExecutedTests":17,"Stats":{"Passed":17}},"ActiveTests":[]},"RunAttachments":[],"ExecutorUris":["executor://mstestadapter/v2"]}}
TpTrace Verbose: 0 : 25492, 14, 2022/05/08, 22:14:18.376, 313872340829, vstest.console.dll, TestRequestSender.EndSession: Sending end session.
TpTrace Verbose: 0 : 25492, 14, 2022/05/08, 22:14:18.377, 313872342110, vstest.console.dll, ProxyOperationManager.Close: waiting for test host to exit for 100 ms
TpTrace Warning: 0 : 25492, 13, 2022/05/08, 22:14:18.391, 313872485838, vstest.console.dll, TestHostManagerCallbacks.ErrorReceivedCallback Test host standard error line: 
TpTrace Verbose: 0 : 25492, 8, 2022/05/08, 22:14:18.394, 313872520676, vstest.console.dll, TestHostProvider.ExitCallBack: Host exited starting callback.
TpTrace Information: 0 : 25492, 8, 2022/05/08, 22:14:18.395, 313872524124, vstest.console.dll, TestHostManagerCallbacks.ExitCallBack: Testhost processId: 26980 exited with exitcode: 0 error: ''
TpTrace Verbose: 0 : 25492, 8, 2022/05/08, 22:14:18.395, 313872524659, vstest.console.dll, DotnetTestHostManager.OnHostExited: invoking OnHostExited callback
TpTrace Verbose: 0 : 25492, 8, 2022/05/08, 22:14:18.395, 313872525101, vstest.console.dll, CrossPlatEngine.TestHostManagerHostExited: calling on client process exit callback.
TpTrace Information: 0 : 25492, 8, 2022/05/08, 22:14:18.395, 313872525526, vstest.console.dll, TestRequestSender.OnClientProcessExit: Test host process exited. Standard error: 
TpTrace Information: 0 : 25492, 14, 2022/05/08, 22:14:18.395, 313872525857, vstest.console.dll, SocketServer.Stop: Stop server endPoint: 127.0.0.1:49744
TpTrace Information: 0 : 25492, 8, 2022/05/08, 22:14:18.395, 313872525935, vstest.console.dll, SocketServer.Stop: Stop server endPoint: 127.0.0.1:49744
TpTrace Information: 0 : 25492, 14, 2022/05/08, 22:14:18.395, 313872526304, vstest.console.dll, SocketServer.Stop: Cancellation requested. Stopping message loop.
TpTrace Information: 0 : 25492, 8, 2022/05/08, 22:14:18.395, 313872526594, vstest.console.dll, SocketServer.Stop: Cancellation requested. Stopping message loop.
TpTrace Information: 0 : 25492, 14, 2022/05/08, 22:14:18.395, 313872527426, vstest.console.dll, Closing the connection
TpTrace Warning: 0 : 25492, 14, 2022/05/08, 22:14:18.395, 313872527776, vstest.console.dll, ProxyOperationManager: Timed out waiting for test host to exit. Will terminate process.
TpTrace Verbose: 0 : 25492, 14, 2022/05/08, 22:14:18.397, 313872541775, vstest.console.dll, ProxyDataCollectionManager.InvokeDataCollectionServiceAction: Starting.
TpTrace Information: 0 : 25492, 14, 2022/05/08, 22:14:18.397, 313872542193, vstest.console.dll, ProxyDataCollectionManager.AfterTestRunEnd: Get attachment set for datacollector processId: 11580 port: 49740
TpTrace Verbose: 0 : 25492, 14, 2022/05/08, 22:14:18.397, 313872542634, vstest.console.dll, DataCollectionRequestSender.SendAfterTestRunStartAndGetResult : Send AfterTestRunEnd message with isCancelled: False
TpTrace Verbose: 0 : 25492, 14, 2022/05/08, 22:14:18.399, 313872571027, vstest.console.dll, DataCollectionRequestSender.SendAfterTestRunStartAndGetResult : Received message: (DataCollection.AfterTestRunEndResult) -> {
  "AttachmentSets": [],
  "Metrics": {}
}
TpTrace Information: 0 : 25492, 14, 2022/05/08, 22:14:18.401, 313872587749, vstest.console.dll, ProxyDataCollectionManager.InvokeDataCollectionServiceAction: Completed.
TpTrace Warning: 0 : 25492, 10, 2022/05/08, 22:14:18.403, 313872604701, vstest.console.dll, DataCollectionLauncher.ErrorReceivedCallback datacollector standard error line: 
TpTrace Information: 0 : 25492, 8, 2022/05/08, 22:14:18.410, 313872671829, vstest.console.dll, DataCollectionLauncher.ExitCallBack: Data collector exited with exitcode: 0 error: ''
TpTrace Verbose: 0 : 25492, 14, 2022/05/08, 22:14:18.431, 313872882636, vstest.console.dll, TestRunRequest:SendTestRunStatsChange: Starting.
TpTrace Information: 0 : 25492, 14, 2022/05/08, 22:14:18.431, 313872883827, vstest.console.dll, TestRunRequest:SendTestRunStatsChange: Completed.
TpTrace Verbose: 0 : 25492, 14, 2022/05/08, 22:14:18.431, 313872885342, vstest.console.dll, ParallelProxyExecutionManager: HandlePartialRunComplete: Total completed clients = 1, Run complete = True, Run canceled: False.
TpTrace Verbose: 0 : 25492, 14, 2022/05/08, 22:14:18.445, 313873029007, vstest.console.dll, TestRunRequest:TestRunComplete: Starting. IsAborted:False IsCanceled:False.
TpTrace Verbose: 0 : 25492, 14, 2022/05/08, 22:14:18.445, 313873030500, vstest.console.dll, TestLoggerManager.HandleTestRunComplete: Ignoring as the object is disposed.
TpTrace Information: 0 : 25492, 14, 2022/05/08, 22:14:18.446, 313873032346, vstest.console.dll, TestRunRequest:TestRunComplete: Completed.
TpTrace Verbose: 0 : 25492, 1, 2022/05/08, 22:14:18.446, 313873032487, vstest.console.dll, TestRunRequest.Dispose: Starting.
TpTrace Verbose: 0 : 25492, 14, 2022/05/08, 22:14:18.446, 313873032780, vstest.console.dll, TestRequestSender.SetOperationComplete: Setting operation complete.
TpTrace Information: 0 : 25492, 1, 2022/05/08, 22:14:18.446, 313873033226, vstest.console.dll, TestRunRequest.Dispose: Completed.
TpTrace Information: 0 : 25492, 14, 2022/05/08, 22:14:18.446, 313873033582, vstest.console.dll, SocketServer.Stop: Stop server endPoint: 127.0.0.1:49744
TpTrace Information: 0 : 25492, 1, 2022/05/08, 22:14:18.446, 313873033915, vstest.console.dll, TestRequestManager.RunTests: run tests completed.
TpTrace Information: 0 : 25492, 14, 2022/05/08, 22:14:18.446, 313873034295, vstest.console.dll, SocketServer.Stop: Cancellation requested. Stopping message loop.
TpTrace Information: 0 : 25492, 1, 2022/05/08, 22:14:18.446, 313873034626, vstest.console.dll, RunTestsArgumentProcessor:Execute: Test run is completed.
TpTrace Information: 0 : 25492, 14, 2022/05/08, 22:14:18.446, 313873034665, vstest.console.dll, SocketServer.PrivateStop: Stopping server endPoint: 127.0.0.1:49744 error: 
TpTrace Verbose: 0 : 25492, 1, 2022/05/08, 22:14:18.446, 313873036075, vstest.console.dll, Executor.Execute: Exiting with exit code of 0
TpTrace Verbose: 0 : 25492, 14, 2022/05/08, 22:14:18.446, 313873038068, vstest.console.dll, LengthPrefixCommunicationChannel.Dispose: Dispose reader and writer.
TpTrace Information: 0 : 25492, 14, 2022/05/08, 22:14:18.446, 313873038680, vstest.console.dll, SocketServer.Stop: Raise disconnected event endPoint: 127.0.0.1:49744 error: 
