<?xml version="1.0" encoding="utf-8"?>
<coverage line-rate="0.5566" branch-rate="0.6666" version="1.9" timestamp="1652041459" lines-covered="113" lines-valid="203" branches-covered="28" branches-valid="42">
  <sources>
    <source>C:\</source>
  </sources>
  <packages>
    <package name="RomanNumerals" line-rate="0.5566" branch-rate="0.6666" complexity="55">
      <classes>
        <class name="KeesTalksTech.Utilities.Latin.Numerals.RomanNumeral" filename="Users\zangi\Programmering\IT-säkerhet högskolan dalarna\GMI2J3 Mjukvarutestning 1\Laboration 2\2.3\RomanNumerals\RomanNumerals.cs" line-rate="0.5566" branch-rate="0.6666" complexity="55">
          <methods>
            <method name="Main" signature="(System.String[])" line-rate="0" branch-rate="0" complexity="6">
              <lines>
                <line number="12" hits="0" branch="False" />
                <line number="13" hits="0" branch="False" />
                <line number="14" hits="0" branch="True" condition-coverage="0% (0/2)">
                  <conditions>
                    <condition number="334" type="jump" coverage="0%" />
                  </conditions>
                </line>
                <line number="15" hits="0" branch="False" />
                <line number="17" hits="0" branch="False" />
                <line number="18" hits="0" branch="False" />
                <line number="19" hits="0" branch="False" />
                <line number="20" hits="0" branch="False" />
                <line number="21" hits="0" branch="False" />
                <line number="22" hits="0" branch="True" condition-coverage="0% (0/2)">
                  <conditions>
                    <condition number="70" type="jump" coverage="0%" />
                  </conditions>
                </line>
                <line number="23" hits="0" branch="False" />
                <line number="24" hits="0" branch="False" />
                <line number="26" hits="0" branch="False" />
                <line number="27" hits="0" branch="False" />
                <line number="28" hits="0" branch="False" />
                <line number="29" hits="0" branch="False" />
                <line number="30" hits="0" branch="False" />
                <line number="31" hits="0" branch="False" />
                <line number="32" hits="0" branch="False" />
                <line number="33" hits="0" branch="False" />
                <line number="34" hits="0" branch="False" />
                <line number="35" hits="0" branch="True" condition-coverage="0% (0/2)">
                  <conditions>
                    <condition number="185" type="jump" coverage="0%" />
                  </conditions>
                </line>
                <line number="36" hits="0" branch="False" />
                <line number="37" hits="0" branch="False" />
                <line number="39" hits="0" branch="False" />
                <line number="40" hits="0" branch="False" />
                <line number="41" hits="0" branch="False" />
                <line number="42" hits="0" branch="False" />
                <line number="43" hits="0" branch="False" />
                <line number="44" hits="0" branch="False" />
                <line number="45" hits="0" branch="False" />
                <line number="46" hits="0" branch="False" />
                <line number="47" hits="0" branch="False" />
                <line number="49" hits="0" branch="False" />
                <line number="50" hits="0" branch="False" />
                <line number="51" hits="0" branch="False" />
                <line number="55" hits="0" branch="False" />
              </lines>
            </method>
            <method name="get_Number" signature="()" line-rate="1" branch-rate="1" complexity="1">
              <lines>
                <line number="111" hits="13" branch="False" />
              </lines>
            </method>
            <method name="ToString" signature="()" line-rate="1" branch-rate="1" complexity="1">
              <lines>
                <line number="128" hits="4" branch="False" />
                <line number="129" hits="4" branch="False" />
                <line number="130" hits="4" branch="False" />
              </lines>
            </method>
            <method name="ToString" signature="(KeesTalksTech.Utilities.Latin.Numerals.RomanNumeralNotation)" line-rate="0.8665999999999999" branch-rate="0.8" complexity="10">
              <lines>
                <line number="133" hits="4" branch="False" />
                <line number="134" hits="4" branch="True" condition-coverage="50% (1/2)">
                  <conditions>
                    <condition number="14" type="jump" coverage="50%" />
                  </conditions>
                </line>
                <line number="135" hits="0" branch="False" />
                <line number="136" hits="0" branch="False" />
                <line number="141" hits="4" branch="True" condition-coverage="50% (1/2)">
                  <conditions>
                    <condition number="39" type="jump" coverage="50%" />
                  </conditions>
                </line>
                <line number="144" hits="0" branch="False" />
                <line number="145" hits="0" branch="False" />
                <line number="147" hits="4" branch="False" />
                <line number="148" hits="4" branch="False" />
                <line number="151" hits="4" branch="False" />
                <line number="154" hits="4" branch="False" />
                <line number="157" hits="4" branch="False" />
                <line number="160" hits="41" branch="False" />
                <line number="161" hits="41" branch="False" />
                <line number="162" hits="41" branch="False" />
                <line number="165" hits="41" branch="True" condition-coverage="100% (2/2)">
                  <conditions>
                    <condition number="106" type="jump" coverage="100%" />
                  </conditions>
                </line>
                <line number="166" hits="6" branch="False" />
                <line number="168" hits="6" branch="False" />
                <line number="171" hits="6" branch="False" />
                <line number="174" hits="6" branch="False" />
                <line number="175" hits="6" branch="True" condition-coverage="100% (2/2)">
                  <conditions>
                    <condition number="141" type="jump" coverage="100%" />
                  </conditions>
                </line>
                <line number="176" hits="1" branch="False" />
                <line number="177" hits="1" branch="False" />
                <line number="178" hits="1" branch="False" />
                <line number="180" hits="6" branch="False" />
                <line number="183" hits="35" branch="False" />
                <line number="184" hits="35" branch="False" />
                <line number="185" hits="41" branch="True" condition-coverage="100% (2/2)">
                  <conditions>
                    <condition number="164" type="jump" coverage="100%" />
                  </conditions>
                </line>
                <line number="188" hits="4" branch="False" />
                <line number="189" hits="4" branch="False" />
              </lines>
            </method>
            <method name="Parse" signature="(System.String)" line-rate="0.8684000000000001" branch-rate="0.8887999999999999" complexity="18">
              <lines>
                <line number="202" hits="11" branch="False" />
                <line number="203" hits="11" branch="True" condition-coverage="100% (2/2)">
                  <conditions>
                    <condition number="9" type="jump" coverage="100%" />
                  </conditions>
                </line>
                <line number="204" hits="2" branch="False" />
                <line number="205" hits="2" branch="False" />
                <line number="209" hits="9" branch="False" />
                <line number="212" hits="9" branch="True" condition-coverage="50% (1/2)">
                  <conditions>
                    <condition number="50" type="jump" coverage="50%" />
                  </conditions>
                </line>
                <line number="213" hits="0" branch="False" />
                <line number="214" hits="0" branch="False" />
                <line number="218" hits="9" branch="True" condition-coverage="50% (1/2)">
                  <conditions>
                    <condition number="81" type="jump" coverage="50%" />
                  </conditions>
                </line>
                <line number="219" hits="0" branch="False" />
                <line number="220" hits="0" branch="False" />
                <line number="221" hits="0" branch="False" />
                <line number="224" hits="9" branch="False" />
                <line number="227" hits="9" branch="True" condition-coverage="100% (2/2)">
                  <conditions>
                    <condition number="143" type="jump" coverage="100%" />
                  </conditions>
                </line>
                <line number="228" hits="3" branch="False" />
                <line number="229" hits="3" branch="False" />
                <line number="232" hits="6" branch="False" />
                <line number="235" hits="6" branch="False" />
                <line number="238" hits="129" branch="True" condition-coverage="100% (4/4)">
                  <conditions>
                    <condition number="290" type="jump" coverage="100%" />
                    <condition number="271" type="jump" coverage="100%" />
                  </conditions>
                </line>
                <line number="239" hits="123" branch="False" />
                <line number="241" hits="123" branch="False" />
                <line number="244" hits="123" branch="True" condition-coverage="100% (2/2)">
                  <conditions>
                    <condition number="200" type="jump" coverage="100%" />
                  </conditions>
                </line>
                <line number="245" hits="110" branch="False" />
                <line number="246" hits="110" branch="False" />
                <line number="247" hits="110" branch="False" />
                <line number="251" hits="13" branch="False" />
                <line number="252" hits="13" branch="False" />
                <line number="255" hits="13" branch="False" />
                <line number="259" hits="13" branch="True" condition-coverage="100% (2/2)">
                  <conditions>
                    <condition number="256" type="jump" coverage="100%" />
                  </conditions>
                </line>
                <line number="260" hits="2" branch="False" />
                <line number="261" hits="2" branch="False" />
                <line number="262" hits="2" branch="False" />
                <line number="263" hits="13" branch="False" />
                <line number="266" hits="6" branch="True" condition-coverage="100% (2/2)">
                  <conditions>
                    <condition number="302" type="jump" coverage="100%" />
                  </conditions>
                </line>
                <line number="267" hits="2" branch="False" />
                <line number="268" hits="2" branch="False" />
                <line number="272" hits="4" branch="False" />
                <line number="274" hits="5" branch="False" />
              </lines>
            </method>
            <method name="op_Addition" signature="(System.Int32,KeesTalksTech.Utilities.Latin.Numerals.RomanNumeral)" line-rate="0" branch-rate="1" complexity="1">
              <lines>
                <line number="277" hits="0" branch="False" />
                <line number="278" hits="0" branch="False" />
                <line number="279" hits="0" branch="False" />
                <line number="280" hits="0" branch="False" />
              </lines>
            </method>
            <method name="op_Addition" signature="(System.String,KeesTalksTech.Utilities.Latin.Numerals.RomanNumeral)" line-rate="0" branch-rate="1" complexity="1">
              <lines>
                <line number="283" hits="0" branch="False" />
                <line number="284" hits="0" branch="False" />
                <line number="285" hits="0" branch="False" />
                <line number="286" hits="0" branch="False" />
              </lines>
            </method>
            <method name="op_Addition" signature="(KeesTalksTech.Utilities.Latin.Numerals.RomanNumeral,System.String)" line-rate="0" branch-rate="1" complexity="1">
              <lines>
                <line number="289" hits="0" branch="False" />
                <line number="290" hits="0" branch="False" />
                <line number="291" hits="0" branch="False" />
              </lines>
            </method>
            <method name="op_Addition" signature="(KeesTalksTech.Utilities.Latin.Numerals.RomanNumeral,System.Int32)" line-rate="0" branch-rate="1" complexity="1">
              <lines>
                <line number="294" hits="0" branch="False" />
                <line number="295" hits="0" branch="False" />
                <line number="296" hits="0" branch="False" />
                <line number="297" hits="0" branch="False" />
              </lines>
            </method>
            <method name="op_Addition" signature="(KeesTalksTech.Utilities.Latin.Numerals.RomanNumeral,KeesTalksTech.Utilities.Latin.Numerals.RomanNumeral)" line-rate="0" branch-rate="1" complexity="1">
              <lines>
                <line number="300" hits="0" branch="False" />
                <line number="301" hits="0" branch="False" />
                <line number="302" hits="0" branch="False" />
                <line number="303" hits="0" branch="False" />
              </lines>
            </method>
            <method name="op_Subtraction" signature="(System.Int32,KeesTalksTech.Utilities.Latin.Numerals.RomanNumeral)" line-rate="0" branch-rate="1" complexity="1">
              <lines>
                <line number="307" hits="0" branch="False" />
                <line number="308" hits="0" branch="False" />
                <line number="309" hits="0" branch="False" />
                <line number="310" hits="0" branch="False" />
              </lines>
            </method>
            <method name="op_Subtraction" signature="(System.String,KeesTalksTech.Utilities.Latin.Numerals.RomanNumeral)" line-rate="0" branch-rate="1" complexity="1">
              <lines>
                <line number="313" hits="0" branch="False" />
                <line number="314" hits="0" branch="False" />
                <line number="315" hits="0" branch="False" />
                <line number="316" hits="0" branch="False" />
              </lines>
            </method>
            <method name="op_Subtraction" signature="(KeesTalksTech.Utilities.Latin.Numerals.RomanNumeral,KeesTalksTech.Utilities.Latin.Numerals.RomanNumeral)" line-rate="0" branch-rate="0" complexity="2">
              <lines>
                <line number="319" hits="0" branch="False" />
                <line number="320" hits="0" branch="False" />
                <line number="322" hits="0" branch="True" condition-coverage="0% (0/2)">
                  <conditions>
                    <condition number="21" type="jump" coverage="0%" />
                  </conditions>
                </line>
                <line number="323" hits="0" branch="False" />
                <line number="324" hits="0" branch="False" />
                <line number="325" hits="0" branch="False" />
                <line number="327" hits="0" branch="False" />
                <line number="328" hits="0" branch="False" />
              </lines>
            </method>
            <method name="op_Implicit" signature="(KeesTalksTech.Utilities.Latin.Numerals.RomanNumeral)" line-rate="0" branch-rate="0" complexity="2">
              <lines>
                <line number="331" hits="0" branch="False" />
                <line number="332" hits="0" branch="True" condition-coverage="0% (0/2)">
                  <conditions>
                    <condition number="2" type="jump" coverage="0%" />
                  </conditions>
                </line>
                <line number="333" hits="0" branch="False" />
              </lines>
            </method>
            <method name="op_Implicit" signature="(KeesTalksTech.Utilities.Latin.Numerals.RomanNumeral)" line-rate="1" branch-rate="1" complexity="1">
              <lines>
                <line number="336" hits="1" branch="False" />
                <line number="337" hits="1" branch="False" />
                <line number="338" hits="1" branch="False" />
              </lines>
            </method>
            <method name="op_Implicit" signature="(System.Int32)" line-rate="0" branch-rate="1" complexity="1">
              <lines>
                <line number="341" hits="0" branch="False" />
                <line number="342" hits="0" branch="False" />
                <line number="343" hits="0" branch="False" />
              </lines>
            </method>
            <method name="op_Implicit" signature="(System.String)" line-rate="0" branch-rate="1" complexity="1">
              <lines>
                <line number="346" hits="0" branch="False" />
                <line number="347" hits="0" branch="False" />
                <line number="348" hits="0" branch="False" />
              </lines>
            </method>
            <method name=".ctor" signature="(System.Int32)" line-rate="1" branch-rate="1" complexity="4">
              <lines>
                <line number="113" hits="12" branch="False" />
                <line number="114" hits="12" branch="False" />
                <line number="115" hits="12" branch="True" condition-coverage="100% (2/2)">
                  <conditions>
                    <condition number="14" type="jump" coverage="100%" />
                  </conditions>
                </line>
                <line number="116" hits="2" branch="False" />
                <line number="117" hits="2" branch="False" />
                <line number="119" hits="10" branch="True" condition-coverage="100% (2/2)">
                  <conditions>
                    <condition number="43" type="jump" coverage="100%" />
                  </conditions>
                </line>
                <line number="120" hits="1" branch="False" />
                <line number="121" hits="1" branch="False" />
                <line number="124" hits="9" branch="False" />
                <line number="125" hits="9" branch="False" />
              </lines>
            </method>
            <method name=".cctor" signature="()" line-rate="1" branch-rate="1" complexity="1">
              <lines>
                <line number="63" hits="1" branch="False" />
                <line number="64" hits="1" branch="False" />
                <line number="65" hits="1" branch="False" />
                <line number="66" hits="1" branch="False" />
                <line number="67" hits="1" branch="False" />
                <line number="68" hits="1" branch="False" />
                <line number="69" hits="1" branch="False" />
                <line number="70" hits="1" branch="False" />
                <line number="71" hits="1" branch="False" />
                <line number="72" hits="1" branch="False" />
                <line number="73" hits="1" branch="False" />
                <line number="74" hits="1" branch="False" />
                <line number="75" hits="1" branch="False" />
                <line number="76" hits="1" branch="False" />
                <line number="77" hits="1" branch="False" />
                <line number="78" hits="1" branch="False" />
                <line number="79" hits="1" branch="False" />
                <line number="80" hits="1" branch="False" />
                <line number="81" hits="1" branch="False" />
                <line number="82" hits="1" branch="False" />
                <line number="83" hits="1" branch="False" />
                <line number="84" hits="1" branch="False" />
                <line number="85" hits="1" branch="False" />
                <line number="86" hits="1" branch="False" />
                <line number="87" hits="1" branch="False" />
                <line number="90" hits="1" branch="False" />
                <line number="91" hits="1" branch="False" />
                <line number="92" hits="1" branch="False" />
                <line number="93" hits="1" branch="False" />
                <line number="96" hits="1" branch="False" />
                <line number="97" hits="1" branch="False" />
                <line number="98" hits="1" branch="False" />
                <line number="99" hits="1" branch="False" />
                <line number="102" hits="1" branch="False" />
                <line number="103" hits="1" branch="False" />
                <line number="104" hits="1" branch="False" />
                <line number="105" hits="1" branch="False" />
              </lines>
            </method>
          </methods>
          <lines>
            <line number="12" hits="0" branch="False" />
            <line number="13" hits="0" branch="False" />
            <line number="14" hits="0" branch="True" condition-coverage="0% (0/2)">
              <conditions>
                <condition number="334" type="jump" coverage="0%" />
              </conditions>
            </line>
            <line number="15" hits="0" branch="False" />
            <line number="17" hits="0" branch="False" />
            <line number="18" hits="0" branch="False" />
            <line number="19" hits="0" branch="False" />
            <line number="20" hits="0" branch="False" />
            <line number="21" hits="0" branch="False" />
            <line number="22" hits="0" branch="True" condition-coverage="0% (0/2)">
              <conditions>
                <condition number="70" type="jump" coverage="0%" />
              </conditions>
            </line>
            <line number="23" hits="0" branch="False" />
            <line number="24" hits="0" branch="False" />
            <line number="26" hits="0" branch="False" />
            <line number="27" hits="0" branch="False" />
            <line number="28" hits="0" branch="False" />
            <line number="29" hits="0" branch="False" />
            <line number="30" hits="0" branch="False" />
            <line number="31" hits="0" branch="False" />
            <line number="32" hits="0" branch="False" />
            <line number="33" hits="0" branch="False" />
            <line number="34" hits="0" branch="False" />
            <line number="35" hits="0" branch="True" condition-coverage="0% (0/2)">
              <conditions>
                <condition number="185" type="jump" coverage="0%" />
              </conditions>
            </line>
            <line number="36" hits="0" branch="False" />
            <line number="37" hits="0" branch="False" />
            <line number="39" hits="0" branch="False" />
            <line number="40" hits="0" branch="False" />
            <line number="41" hits="0" branch="False" />
            <line number="42" hits="0" branch="False" />
            <line number="43" hits="0" branch="False" />
            <line number="44" hits="0" branch="False" />
            <line number="45" hits="0" branch="False" />
            <line number="46" hits="0" branch="False" />
            <line number="47" hits="0" branch="False" />
            <line number="49" hits="0" branch="False" />
            <line number="50" hits="0" branch="False" />
            <line number="51" hits="0" branch="False" />
            <line number="55" hits="0" branch="False" />
            <line number="111" hits="13" branch="False" />
            <line number="128" hits="4" branch="False" />
            <line number="129" hits="4" branch="False" />
            <line number="130" hits="4" branch="False" />
            <line number="133" hits="4" branch="False" />
            <line number="134" hits="4" branch="True" condition-coverage="50% (1/2)">
              <conditions>
                <condition number="14" type="jump" coverage="50%" />
              </conditions>
            </line>
            <line number="135" hits="0" branch="False" />
            <line number="136" hits="0" branch="False" />
            <line number="141" hits="4" branch="True" condition-coverage="50% (1/2)">
              <conditions>
                <condition number="39" type="jump" coverage="50%" />
              </conditions>
            </line>
            <line number="144" hits="0" branch="False" />
            <line number="145" hits="0" branch="False" />
            <line number="147" hits="4" branch="False" />
            <line number="148" hits="4" branch="False" />
            <line number="151" hits="4" branch="False" />
            <line number="154" hits="4" branch="False" />
            <line number="157" hits="4" branch="False" />
            <line number="160" hits="41" branch="False" />
            <line number="161" hits="41" branch="False" />
            <line number="162" hits="41" branch="False" />
            <line number="165" hits="41" branch="True" condition-coverage="100% (2/2)">
              <conditions>
                <condition number="106" type="jump" coverage="100%" />
              </conditions>
            </line>
            <line number="166" hits="6" branch="False" />
            <line number="168" hits="6" branch="False" />
            <line number="171" hits="6" branch="False" />
            <line number="174" hits="6" branch="False" />
            <line number="175" hits="6" branch="True" condition-coverage="100% (2/2)">
              <conditions>
                <condition number="141" type="jump" coverage="100%" />
              </conditions>
            </line>
            <line number="176" hits="1" branch="False" />
            <line number="177" hits="1" branch="False" />
            <line number="178" hits="1" branch="False" />
            <line number="180" hits="6" branch="False" />
            <line number="183" hits="35" branch="False" />
            <line number="184" hits="35" branch="False" />
            <line number="185" hits="41" branch="True" condition-coverage="100% (2/2)">
              <conditions>
                <condition number="164" type="jump" coverage="100%" />
              </conditions>
            </line>
            <line number="188" hits="4" branch="False" />
            <line number="189" hits="4" branch="False" />
            <line number="202" hits="11" branch="False" />
            <line number="203" hits="11" branch="True" condition-coverage="100% (2/2)">
              <conditions>
                <condition number="9" type="jump" coverage="100%" />
              </conditions>
            </line>
            <line number="204" hits="2" branch="False" />
            <line number="205" hits="2" branch="False" />
            <line number="209" hits="9" branch="False" />
            <line number="212" hits="9" branch="True" condition-coverage="50% (1/2)">
              <conditions>
                <condition number="50" type="jump" coverage="50%" />
              </conditions>
            </line>
            <line number="213" hits="0" branch="False" />
            <line number="214" hits="0" branch="False" />
            <line number="218" hits="9" branch="True" condition-coverage="50% (1/2)">
              <conditions>
                <condition number="81" type="jump" coverage="50%" />
              </conditions>
            </line>
            <line number="219" hits="0" branch="False" />
            <line number="220" hits="0" branch="False" />
            <line number="221" hits="0" branch="False" />
            <line number="224" hits="9" branch="False" />
            <line number="227" hits="9" branch="True" condition-coverage="100% (2/2)">
              <conditions>
                <condition number="143" type="jump" coverage="100%" />
              </conditions>
            </line>
            <line number="228" hits="3" branch="False" />
            <line number="229" hits="3" branch="False" />
            <line number="232" hits="6" branch="False" />
            <line number="235" hits="6" branch="False" />
            <line number="238" hits="129" branch="True" condition-coverage="100% (4/4)">
              <conditions>
                <condition number="290" type="jump" coverage="100%" />
                <condition number="271" type="jump" coverage="100%" />
              </conditions>
            </line>
            <line number="239" hits="123" branch="False" />
            <line number="241" hits="123" branch="False" />
            <line number="244" hits="123" branch="True" condition-coverage="100% (2/2)">
              <conditions>
                <condition number="200" type="jump" coverage="100%" />
              </conditions>
            </line>
            <line number="245" hits="110" branch="False" />
            <line number="246" hits="110" branch="False" />
            <line number="247" hits="110" branch="False" />
            <line number="251" hits="13" branch="False" />
            <line number="252" hits="13" branch="False" />
            <line number="255" hits="13" branch="False" />
            <line number="259" hits="13" branch="True" condition-coverage="100% (2/2)">
              <conditions>
                <condition number="256" type="jump" coverage="100%" />
              </conditions>
            </line>
            <line number="260" hits="2" branch="False" />
            <line number="261" hits="2" branch="False" />
            <line number="262" hits="2" branch="False" />
            <line number="263" hits="13" branch="False" />
            <line number="266" hits="6" branch="True" condition-coverage="100% (2/2)">
              <conditions>
                <condition number="302" type="jump" coverage="100%" />
              </conditions>
            </line>
            <line number="267" hits="2" branch="False" />
            <line number="268" hits="2" branch="False" />
            <line number="272" hits="4" branch="False" />
            <line number="274" hits="5" branch="False" />
            <line number="277" hits="0" branch="False" />
            <line number="278" hits="0" branch="False" />
            <line number="279" hits="0" branch="False" />
            <line number="280" hits="0" branch="False" />
            <line number="283" hits="0" branch="False" />
            <line number="284" hits="0" branch="False" />
            <line number="285" hits="0" branch="False" />
            <line number="286" hits="0" branch="False" />
            <line number="289" hits="0" branch="False" />
            <line number="290" hits="0" branch="False" />
            <line number="291" hits="0" branch="False" />
            <line number="294" hits="0" branch="False" />
            <line number="295" hits="0" branch="False" />
            <line number="296" hits="0" branch="False" />
            <line number="297" hits="0" branch="False" />
            <line number="300" hits="0" branch="False" />
            <line number="301" hits="0" branch="False" />
            <line number="302" hits="0" branch="False" />
            <line number="303" hits="0" branch="False" />
            <line number="307" hits="0" branch="False" />
            <line number="308" hits="0" branch="False" />
            <line number="309" hits="0" branch="False" />
            <line number="310" hits="0" branch="False" />
            <line number="313" hits="0" branch="False" />
            <line number="314" hits="0" branch="False" />
            <line number="315" hits="0" branch="False" />
            <line number="316" hits="0" branch="False" />
            <line number="319" hits="0" branch="False" />
            <line number="320" hits="0" branch="False" />
            <line number="322" hits="0" branch="True" condition-coverage="0% (0/2)">
              <conditions>
                <condition number="21" type="jump" coverage="0%" />
              </conditions>
            </line>
            <line number="323" hits="0" branch="False" />
            <line number="324" hits="0" branch="False" />
            <line number="325" hits="0" branch="False" />
            <line number="327" hits="0" branch="False" />
            <line number="328" hits="0" branch="False" />
            <line number="331" hits="0" branch="False" />
            <line number="332" hits="0" branch="True" condition-coverage="0% (0/2)">
              <conditions>
                <condition number="2" type="jump" coverage="0%" />
              </conditions>
            </line>
            <line number="333" hits="0" branch="False" />
            <line number="336" hits="1" branch="False" />
            <line number="337" hits="1" branch="False" />
            <line number="338" hits="1" branch="False" />
            <line number="341" hits="0" branch="False" />
            <line number="342" hits="0" branch="False" />
            <line number="343" hits="0" branch="False" />
            <line number="346" hits="0" branch="False" />
            <line number="347" hits="0" branch="False" />
            <line number="348" hits="0" branch="False" />
            <line number="113" hits="12" branch="False" />
            <line number="114" hits="12" branch="False" />
            <line number="115" hits="12" branch="True" condition-coverage="100% (2/2)">
              <conditions>
                <condition number="14" type="jump" coverage="100%" />
              </conditions>
            </line>
            <line number="116" hits="2" branch="False" />
            <line number="117" hits="2" branch="False" />
            <line number="119" hits="10" branch="True" condition-coverage="100% (2/2)">
              <conditions>
                <condition number="43" type="jump" coverage="100%" />
              </conditions>
            </line>
            <line number="120" hits="1" branch="False" />
            <line number="121" hits="1" branch="False" />
            <line number="124" hits="9" branch="False" />
            <line number="125" hits="9" branch="False" />
            <line number="63" hits="1" branch="False" />
            <line number="64" hits="1" branch="False" />
            <line number="65" hits="1" branch="False" />
            <line number="66" hits="1" branch="False" />
            <line number="67" hits="1" branch="False" />
            <line number="68" hits="1" branch="False" />
            <line number="69" hits="1" branch="False" />
            <line number="70" hits="1" branch="False" />
            <line number="71" hits="1" branch="False" />
            <line number="72" hits="1" branch="False" />
            <line number="73" hits="1" branch="False" />
            <line number="74" hits="1" branch="False" />
            <line number="75" hits="1" branch="False" />
            <line number="76" hits="1" branch="False" />
            <line number="77" hits="1" branch="False" />
            <line number="78" hits="1" branch="False" />
            <line number="79" hits="1" branch="False" />
            <line number="80" hits="1" branch="False" />
            <line number="81" hits="1" branch="False" />
            <line number="82" hits="1" branch="False" />
            <line number="83" hits="1" branch="False" />
            <line number="84" hits="1" branch="False" />
            <line number="85" hits="1" branch="False" />
            <line number="86" hits="1" branch="False" />
            <line number="87" hits="1" branch="False" />
            <line number="90" hits="1" branch="False" />
            <line number="91" hits="1" branch="False" />
            <line number="92" hits="1" branch="False" />
            <line number="93" hits="1" branch="False" />
            <line number="96" hits="1" branch="False" />
            <line number="97" hits="1" branch="False" />
            <line number="98" hits="1" branch="False" />
            <line number="99" hits="1" branch="False" />
            <line number="102" hits="1" branch="False" />
            <line number="103" hits="1" branch="False" />
            <line number="104" hits="1" branch="False" />
            <line number="105" hits="1" branch="False" />
          </lines>
        </class>
      </classes>
    </package>
  </packages>
</coverage>